{"F:\\projet\\red_tetris_boilerplate\\src\\client\\actions\\options.js": {"path":"F:\\projet\\red_tetris_boilerplate\\src\\client\\actions\\options.js","statementMap":{"0":{"start":{"line":5,"column":37},"end":{"line":8,"column":2}},"1":{"start":{"line":5,"column":55},"end":{"line":8,"column":1}}},"fnMap":{"0":{"name":"(anonymous_0)","decl":{"start":{"line":5,"column":37},"end":{"line":5,"column":38}},"loc":{"start":{"line":5,"column":55},"end":{"line":8,"column":1}},"line":5}},"branchMap":{},"s":{"0":5,"1":1},"f":{"0":1},"b":{},"_coverageSchema":"1a1c01bbd47fc00a2c39e90264f33305004495a9","hash":"c6c44369a1af5d83af5e80bbe388727947ed9861"}
,"F:\\projet\\red_tetris_boilerplate\\src\\client\\actions\\save.js": {"path":"F:\\projet\\red_tetris_boilerplate\\src\\client\\actions\\save.js","statementMap":{"0":{"start":{"line":8,"column":31},"end":{"line":11,"column":2}},"1":{"start":{"line":8,"column":43},"end":{"line":11,"column":1}},"2":{"start":{"line":13,"column":42},"end":{"line":16,"column":2}},"3":{"start":{"line":13,"column":60},"end":{"line":16,"column":1}},"4":{"start":{"line":18,"column":31},"end":{"line":21,"column":2}},"5":{"start":{"line":18,"column":43},"end":{"line":21,"column":1}},"6":{"start":{"line":23,"column":35},"end":{"line":26,"column":2}},"7":{"start":{"line":23,"column":51},"end":{"line":26,"column":1}},"8":{"start":{"line":28,"column":31},"end":{"line":31,"column":2}},"9":{"start":{"line":28,"column":43},"end":{"line":31,"column":1}},"10":{"start":{"line":33,"column":32},"end":{"line":36,"column":2}},"11":{"start":{"line":33,"column":45},"end":{"line":36,"column":1}},"12":{"start":{"line":38,"column":37},"end":{"line":41,"column":2}},"13":{"start":{"line":38,"column":55},"end":{"line":41,"column":1}},"14":{"start":{"line":43,"column":35},"end":{"line":46,"column":2}},"15":{"start":{"line":43,"column":51},"end":{"line":46,"column":1}},"16":{"start":{"line":48,"column":35},"end":{"line":51,"column":2}},"17":{"start":{"line":48,"column":51},"end":{"line":51,"column":1}},"18":{"start":{"line":53,"column":32},"end":{"line":56,"column":2}},"19":{"start":{"line":53,"column":44},"end":{"line":56,"column":1}},"20":{"start":{"line":58,"column":31},"end":{"line":61,"column":2}},"21":{"start":{"line":58,"column":43},"end":{"line":61,"column":1}},"22":{"start":{"line":63,"column":32},"end":{"line":66,"column":2}},"23":{"start":{"line":63,"column":45},"end":{"line":66,"column":1}},"24":{"start":{"line":68,"column":33},"end":{"line":71,"column":2}},"25":{"start":{"line":68,"column":47},"end":{"line":71,"column":1}},"26":{"start":{"line":73,"column":38},"end":{"line":76,"column":2}},"27":{"start":{"line":73,"column":51},"end":{"line":76,"column":1}},"28":{"start":{"line":78,"column":49},"end":{"line":81,"column":2}},"29":{"start":{"line":78,"column":58},"end":{"line":81,"column":1}},"30":{"start":{"line":83,"column":42},"end":{"line":86,"column":2}},"31":{"start":{"line":83,"column":65},"end":{"line":86,"column":1}},"32":{"start":{"line":88,"column":34},"end":{"line":91,"column":2}},"33":{"start":{"line":88,"column":49},"end":{"line":91,"column":1}},"34":{"start":{"line":93,"column":36},"end":{"line":96,"column":2}},"35":{"start":{"line":93,"column":53},"end":{"line":96,"column":1}},"36":{"start":{"line":98,"column":37},"end":{"line":101,"column":2}},"37":{"start":{"line":98,"column":55},"end":{"line":101,"column":1}}},"fnMap":{"0":{"name":"(anonymous_0)","decl":{"start":{"line":8,"column":31},"end":{"line":8,"column":32}},"loc":{"start":{"line":8,"column":43},"end":{"line":11,"column":1}},"line":8},"1":{"name":"(anonymous_1)","decl":{"start":{"line":13,"column":42},"end":{"line":13,"column":43}},"loc":{"start":{"line":13,"column":60},"end":{"line":16,"column":1}},"line":13},"2":{"name":"(anonymous_2)","decl":{"start":{"line":18,"column":31},"end":{"line":18,"column":32}},"loc":{"start":{"line":18,"column":43},"end":{"line":21,"column":1}},"line":18},"3":{"name":"(anonymous_3)","decl":{"start":{"line":23,"column":35},"end":{"line":23,"column":36}},"loc":{"start":{"line":23,"column":51},"end":{"line":26,"column":1}},"line":23},"4":{"name":"(anonymous_4)","decl":{"start":{"line":28,"column":31},"end":{"line":28,"column":32}},"loc":{"start":{"line":28,"column":43},"end":{"line":31,"column":1}},"line":28},"5":{"name":"(anonymous_5)","decl":{"start":{"line":33,"column":32},"end":{"line":33,"column":33}},"loc":{"start":{"line":33,"column":45},"end":{"line":36,"column":1}},"line":33},"6":{"name":"(anonymous_6)","decl":{"start":{"line":38,"column":37},"end":{"line":38,"column":38}},"loc":{"start":{"line":38,"column":55},"end":{"line":41,"column":1}},"line":38},"7":{"name":"(anonymous_7)","decl":{"start":{"line":43,"column":35},"end":{"line":43,"column":36}},"loc":{"start":{"line":43,"column":51},"end":{"line":46,"column":1}},"line":43},"8":{"name":"(anonymous_8)","decl":{"start":{"line":48,"column":35},"end":{"line":48,"column":36}},"loc":{"start":{"line":48,"column":51},"end":{"line":51,"column":1}},"line":48},"9":{"name":"(anonymous_9)","decl":{"start":{"line":53,"column":32},"end":{"line":53,"column":33}},"loc":{"start":{"line":53,"column":44},"end":{"line":56,"column":1}},"line":53},"10":{"name":"(anonymous_10)","decl":{"start":{"line":58,"column":31},"end":{"line":58,"column":32}},"loc":{"start":{"line":58,"column":43},"end":{"line":61,"column":1}},"line":58},"11":{"name":"(anonymous_11)","decl":{"start":{"line":63,"column":32},"end":{"line":63,"column":33}},"loc":{"start":{"line":63,"column":45},"end":{"line":66,"column":1}},"line":63},"12":{"name":"(anonymous_12)","decl":{"start":{"line":68,"column":33},"end":{"line":68,"column":34}},"loc":{"start":{"line":68,"column":47},"end":{"line":71,"column":1}},"line":68},"13":{"name":"(anonymous_13)","decl":{"start":{"line":73,"column":38},"end":{"line":73,"column":39}},"loc":{"start":{"line":73,"column":51},"end":{"line":76,"column":1}},"line":73},"14":{"name":"(anonymous_14)","decl":{"start":{"line":78,"column":49},"end":{"line":78,"column":50}},"loc":{"start":{"line":78,"column":58},"end":{"line":81,"column":1}},"line":78},"15":{"name":"(anonymous_15)","decl":{"start":{"line":83,"column":42},"end":{"line":83,"column":43}},"loc":{"start":{"line":83,"column":65},"end":{"line":86,"column":1}},"line":83},"16":{"name":"(anonymous_16)","decl":{"start":{"line":88,"column":34},"end":{"line":88,"column":35}},"loc":{"start":{"line":88,"column":49},"end":{"line":91,"column":1}},"line":88},"17":{"name":"(anonymous_17)","decl":{"start":{"line":93,"column":36},"end":{"line":93,"column":37}},"loc":{"start":{"line":93,"column":53},"end":{"line":96,"column":1}},"line":93},"18":{"name":"(anonymous_18)","decl":{"start":{"line":98,"column":37},"end":{"line":98,"column":38}},"loc":{"start":{"line":98,"column":55},"end":{"line":101,"column":1}},"line":98}},"branchMap":{},"s":{"0":10,"1":1,"2":10,"3":1,"4":10,"5":2,"6":10,"7":1,"8":10,"9":1,"10":10,"11":1,"12":10,"13":1,"14":10,"15":1,"16":10,"17":1,"18":10,"19":3,"20":10,"21":1,"22":10,"23":1,"24":10,"25":1,"26":10,"27":1,"28":10,"29":1,"30":10,"31":1,"32":10,"33":1,"34":10,"35":1,"36":10,"37":1},"f":{"0":1,"1":1,"2":2,"3":1,"4":1,"5":1,"6":1,"7":1,"8":1,"9":3,"10":1,"11":1,"12":1,"13":1,"14":1,"15":1,"16":1,"17":1,"18":1},"b":{},"_coverageSchema":"1a1c01bbd47fc00a2c39e90264f33305004495a9","hash":"f757fabe366916d1e85e889354a6a8140e79a23b"}
,"F:\\projet\\red_tetris_boilerplate\\src\\client\\components\\Board.jsx": {"path":"F:\\projet\\red_tetris_boilerplate\\src\\client\\components\\Board.jsx","statementMap":{"0":{"start":{"line":20,"column":21},"end":{"line":34,"column":1}},"1":{"start":{"line":36,"column":25},"end":{"line":38,"column":1}},"2":{"start":{"line":40,"column":22},"end":{"line":55,"column":1}},"3":{"start":{"line":57,"column":26},"end":{"line":59,"column":1}},"4":{"start":{"line":61,"column":24},"end":{"line":75,"column":1}},"5":{"start":{"line":77,"column":28},"end":{"line":79,"column":1}},"6":{"start":{"line":81,"column":23},"end":{"line":95,"column":1}},"7":{"start":{"line":97,"column":27},"end":{"line":99,"column":1}},"8":{"start":{"line":101,"column":22},"end":{"line":112,"column":1}},"9":{"start":{"line":106,"column":31},"end":{"line":108,"column":3}},"10":{"start":{"line":109,"column":31},"end":{"line":111,"column":3}},"11":{"start":{"line":114,"column":20},"end":{"line":150,"column":1}},"12":{"start":{"line":120,"column":31},"end":{"line":120,"column":52}},"13":{"start":{"line":148,"column":51},"end":{"line":148,"column":72}},"14":{"start":{"line":148,"column":86},"end":{"line":148,"column":107}},"15":{"start":{"line":148,"column":122},"end":{"line":148,"column":149}},"16":{"start":{"line":152,"column":14},"end":{"line":186,"column":1}},"17":{"start":{"line":155,"column":6},"end":{"line":155,"column":11}},"18":{"start":{"line":156,"column":2},"end":{"line":156,"column":79}},"19":{"start":{"line":157,"column":2},"end":{"line":159,"column":3}},"20":{"start":{"line":158,"column":4},"end":{"line":158,"column":31}},"21":{"start":{"line":160,"column":18},"end":{"line":160,"column":20}},"22":{"start":{"line":161,"column":2},"end":{"line":163,"column":3}},"23":{"start":{"line":162,"column":4},"end":{"line":162,"column":29}},"24":{"start":{"line":164,"column":19},"end":{"line":164,"column":21}},"25":{"start":{"line":165,"column":2},"end":{"line":167,"column":3}},"26":{"start":{"line":166,"column":4},"end":{"line":166,"column":36}},"27":{"start":{"line":168,"column":16},"end":{"line":168,"column":44}},"28":{"start":{"line":169,"column":22},"end":{"line":169,"column":58}},"29":{"start":{"line":170,"column":2},"end":{"line":170,"column":64}},"30":{"start":{"line":171,"column":2},"end":{"line":185,"column":4}},"31":{"start":{"line":172,"column":92},"end":{"line":172,"column":133}},"32":{"start":{"line":188,"column":16},"end":{"line":188,"column":20}},"33":{"start":{"line":189,"column":14},"end":{"line":189,"column":18}},"34":{"start":{"line":191,"column":0},"end":{"line":193,"column":2}},"35":{"start":{"line":192,"column":2},"end":{"line":192,"column":77}},"36":{"start":{"line":192,"column":34},"end":{"line":192,"column":60}},"37":{"start":{"line":195,"column":0},"end":{"line":205,"column":2}},"38":{"start":{"line":196,"column":2},"end":{"line":200,"column":3}},"39":{"start":{"line":197,"column":4},"end":{"line":197,"column":26}},"40":{"start":{"line":198,"column":4},"end":{"line":198,"column":29}},"41":{"start":{"line":199,"column":4},"end":{"line":199,"column":79}},"42":{"start":{"line":199,"column":36},"end":{"line":199,"column":62}},"43":{"start":{"line":201,"column":2},"end":{"line":204,"column":3}},"44":{"start":{"line":202,"column":4},"end":{"line":202,"column":73}},"45":{"start":{"line":203,"column":4},"end":{"line":203,"column":31}},"46":{"start":{"line":207,"column":0},"end":{"line":209,"column":2}},"47":{"start":{"line":208,"column":2},"end":{"line":208,"column":27}},"48":{"start":{"line":211,"column":24},"end":{"line":229,"column":2}},"49":{"start":{"line":211,"column":36},"end":{"line":229,"column":1}},"50":{"start":{"line":231,"column":27},"end":{"line":268,"column":2}},"51":{"start":{"line":231,"column":42},"end":{"line":268,"column":1}},"52":{"start":{"line":233,"column":4},"end":{"line":233,"column":37}},"53":{"start":{"line":236,"column":4},"end":{"line":236,"column":37}},"54":{"start":{"line":239,"column":4},"end":{"line":239,"column":45}},"55":{"start":{"line":242,"column":4},"end":{"line":242,"column":37}},"56":{"start":{"line":245,"column":4},"end":{"line":245,"column":39}},"57":{"start":{"line":248,"column":4},"end":{"line":248,"column":45}},"58":{"start":{"line":251,"column":4},"end":{"line":251,"column":33}},"59":{"start":{"line":254,"column":4},"end":{"line":254,"column":37}},"60":{"start":{"line":257,"column":4},"end":{"line":257,"column":59}},"61":{"start":{"line":260,"column":4},"end":{"line":260,"column":49}},"62":{"start":{"line":263,"column":4},"end":{"line":263,"column":49}},"63":{"start":{"line":266,"column":4},"end":{"line":266,"column":62}}},"fnMap":{"0":{"name":"(anonymous_0)","decl":{"start":{"line":106,"column":5},"end":{"line":106,"column":6}},"loc":{"start":{"line":106,"column":31},"end":{"line":108,"column":3}},"line":106},"1":{"name":"(anonymous_1)","decl":{"start":{"line":109,"column":5},"end":{"line":109,"column":6}},"loc":{"start":{"line":109,"column":31},"end":{"line":111,"column":3}},"line":109},"2":{"name":"(anonymous_2)","decl":{"start":{"line":120,"column":22},"end":{"line":120,"column":23}},"loc":{"start":{"line":120,"column":31},"end":{"line":120,"column":52}},"line":120},"3":{"name":"(anonymous_3)","decl":{"start":{"line":148,"column":42},"end":{"line":148,"column":43}},"loc":{"start":{"line":148,"column":51},"end":{"line":148,"column":72}},"line":148},"4":{"name":"(anonymous_4)","decl":{"start":{"line":148,"column":77},"end":{"line":148,"column":78}},"loc":{"start":{"line":148,"column":86},"end":{"line":148,"column":107}},"line":148},"5":{"name":"(anonymous_5)","decl":{"start":{"line":148,"column":113},"end":{"line":148,"column":114}},"loc":{"start":{"line":148,"column":122},"end":{"line":148,"column":149}},"line":148},"6":{"name":"(anonymous_6)","decl":{"start":{"line":152,"column":14},"end":{"line":152,"column":15}},"loc":{"start":{"line":152,"column":25},"end":{"line":186,"column":1}},"line":152},"7":{"name":"(anonymous_7)","decl":{"start":{"line":172,"column":83},"end":{"line":172,"column":84}},"loc":{"start":{"line":172,"column":90},"end":{"line":172,"column":135}},"line":172},"8":{"name":"(anonymous_8)","decl":{"start":{"line":191,"column":26},"end":{"line":191,"column":27}},"loc":{"start":{"line":191,"column":37},"end":{"line":193,"column":1}},"line":191},"9":{"name":"(anonymous_9)","decl":{"start":{"line":192,"column":26},"end":{"line":192,"column":27}},"loc":{"start":{"line":192,"column":32},"end":{"line":192,"column":62}},"line":192},"10":{"name":"(anonymous_10)","decl":{"start":{"line":195,"column":27},"end":{"line":195,"column":28}},"loc":{"start":{"line":195,"column":38},"end":{"line":205,"column":1}},"line":195},"11":{"name":"(anonymous_11)","decl":{"start":{"line":199,"column":28},"end":{"line":199,"column":29}},"loc":{"start":{"line":199,"column":34},"end":{"line":199,"column":64}},"line":199},"12":{"name":"(anonymous_12)","decl":{"start":{"line":207,"column":29},"end":{"line":207,"column":30}},"loc":{"start":{"line":207,"column":35},"end":{"line":209,"column":1}},"line":207},"13":{"name":"(anonymous_13)","decl":{"start":{"line":211,"column":24},"end":{"line":211,"column":25}},"loc":{"start":{"line":211,"column":36},"end":{"line":229,"column":1}},"line":211},"14":{"name":"(anonymous_14)","decl":{"start":{"line":231,"column":27},"end":{"line":231,"column":28}},"loc":{"start":{"line":231,"column":42},"end":{"line":268,"column":1}},"line":231},"15":{"name":"(anonymous_15)","decl":{"start":{"line":232,"column":13},"end":{"line":232,"column":14}},"loc":{"start":{"line":232,"column":24},"end":{"line":234,"column":3}},"line":232},"16":{"name":"(anonymous_16)","decl":{"start":{"line":235,"column":13},"end":{"line":235,"column":14}},"loc":{"start":{"line":235,"column":24},"end":{"line":237,"column":3}},"line":235},"17":{"name":"(anonymous_17)","decl":{"start":{"line":238,"column":17},"end":{"line":238,"column":18}},"loc":{"start":{"line":238,"column":32},"end":{"line":240,"column":3}},"line":238},"18":{"name":"(anonymous_18)","decl":{"start":{"line":241,"column":13},"end":{"line":241,"column":14}},"loc":{"start":{"line":241,"column":24},"end":{"line":243,"column":3}},"line":241},"19":{"name":"(anonymous_19)","decl":{"start":{"line":244,"column":14},"end":{"line":244,"column":15}},"loc":{"start":{"line":244,"column":26},"end":{"line":246,"column":3}},"line":244},"20":{"name":"(anonymous_20)","decl":{"start":{"line":247,"column":17},"end":{"line":247,"column":18}},"loc":{"start":{"line":247,"column":32},"end":{"line":249,"column":3}},"line":247},"21":{"name":"(anonymous_21)","decl":{"start":{"line":250,"column":14},"end":{"line":250,"column":15}},"loc":{"start":{"line":250,"column":20},"end":{"line":252,"column":3}},"line":250},"22":{"name":"(anonymous_22)","decl":{"start":{"line":253,"column":13},"end":{"line":253,"column":14}},"loc":{"start":{"line":253,"column":24},"end":{"line":255,"column":3}},"line":253},"23":{"name":"(anonymous_23)","decl":{"start":{"line":256,"column":24},"end":{"line":256,"column":25}},"loc":{"start":{"line":256,"column":46},"end":{"line":258,"column":3}},"line":256},"24":{"name":"(anonymous_24)","decl":{"start":{"line":259,"column":19},"end":{"line":259,"column":20}},"loc":{"start":{"line":259,"column":36},"end":{"line":261,"column":3}},"line":259},"25":{"name":"(anonymous_25)","decl":{"start":{"line":262,"column":19},"end":{"line":262,"column":20}},"loc":{"start":{"line":262,"column":36},"end":{"line":264,"column":3}},"line":262},"26":{"name":"(anonymous_26)","decl":{"start":{"line":265,"column":26},"end":{"line":265,"column":27}},"loc":{"start":{"line":265,"column":55},"end":{"line":267,"column":3}},"line":265}},"branchMap":{"0":{"loc":{"start":{"line":106,"column":31},"end":{"line":108,"column":3}},"type":"binary-expr","locations":[{"start":{"line":106,"column":31},"end":{"line":106,"column":53}},{"start":{"line":106,"column":58},"end":{"line":108,"column":3}}],"line":106},"1":{"loc":{"start":{"line":109,"column":31},"end":{"line":111,"column":3}},"type":"binary-expr","locations":[{"start":{"line":109,"column":31},"end":{"line":109,"column":53}},{"start":{"line":109,"column":58},"end":{"line":111,"column":3}}],"line":109},"2":{"loc":{"start":{"line":157,"column":2},"end":{"line":159,"column":3}},"type":"if","locations":[{"start":{"line":157,"column":2},"end":{"line":159,"column":3}},{"start":{"line":157,"column":2},"end":{"line":159,"column":3}}],"line":157},"3":{"loc":{"start":{"line":161,"column":2},"end":{"line":163,"column":3}},"type":"if","locations":[{"start":{"line":161,"column":2},"end":{"line":163,"column":3}},{"start":{"line":161,"column":2},"end":{"line":163,"column":3}}],"line":161},"4":{"loc":{"start":{"line":165,"column":2},"end":{"line":167,"column":3}},"type":"if","locations":[{"start":{"line":165,"column":2},"end":{"line":167,"column":3}},{"start":{"line":165,"column":2},"end":{"line":167,"column":3}}],"line":165},"5":{"loc":{"start":{"line":196,"column":2},"end":{"line":200,"column":3}},"type":"if","locations":[{"start":{"line":196,"column":2},"end":{"line":200,"column":3}},{"start":{"line":196,"column":2},"end":{"line":200,"column":3}}],"line":196},"6":{"loc":{"start":{"line":201,"column":2},"end":{"line":204,"column":3}},"type":"if","locations":[{"start":{"line":201,"column":2},"end":{"line":204,"column":3}},{"start":{"line":201,"column":2},"end":{"line":204,"column":3}}],"line":201}},"s":{"0":1,"1":1,"2":1,"3":1,"4":1,"5":1,"6":1,"7":1,"8":1,"9":1,"10":1,"11":1,"12":1,"13":1,"14":1,"15":1,"16":1,"17":1,"18":1,"19":1,"20":0,"21":1,"22":1,"23":0,"24":1,"25":1,"26":0,"27":1,"28":1,"29":1,"30":1,"31":0,"32":1,"33":1,"34":1,"35":1,"36":0,"37":1,"38":0,"39":0,"40":0,"41":0,"42":0,"43":0,"44":0,"45":0,"46":1,"47":0,"48":1,"49":1,"50":1,"51":1,"52":0,"53":0,"54":0,"55":0,"56":0,"57":0,"58":0,"59":0,"60":0,"61":0,"62":0,"63":0},"f":{"0":1,"1":1,"2":1,"3":1,"4":1,"5":1,"6":1,"7":0,"8":1,"9":0,"10":0,"11":0,"12":0,"13":1,"14":1,"15":0,"16":0,"17":0,"18":0,"19":0,"20":0,"21":0,"22":0,"23":0,"24":0,"25":0,"26":0},"b":{"0":[1,0],"1":[1,0],"2":[0,1],"3":[0,1],"4":[0,1],"5":[0,0],"6":[0,0]},"_coverageSchema":"1a1c01bbd47fc00a2c39e90264f33305004495a9","hash":"627620384e5d0805d1a32a33df0983a0fc0c9a82"}
,"F:\\projet\\red_tetris_boilerplate\\src\\client\\components\\Brick.jsx": {"path":"F:\\projet\\red_tetris_boilerplate\\src\\client\\components\\Brick.jsx","statementMap":{"0":{"start":{"line":4,"column":14},"end":{"line":14,"column":1}},"1":{"start":{"line":9,"column":30},"end":{"line":9,"column":89}},"2":{"start":{"line":11,"column":22},"end":{"line":11,"column":66}},"3":{"start":{"line":12,"column":34},"end":{"line":12,"column":97}},"4":{"start":{"line":13,"column":24},"end":{"line":13,"column":67}}},"fnMap":{"0":{"name":"(anonymous_0)","decl":{"start":{"line":9,"column":18},"end":{"line":9,"column":19}},"loc":{"start":{"line":9,"column":30},"end":{"line":9,"column":89}},"line":9},"1":{"name":"(anonymous_1)","decl":{"start":{"line":11,"column":11},"end":{"line":11,"column":12}},"loc":{"start":{"line":11,"column":22},"end":{"line":11,"column":66}},"line":11},"2":{"name":"(anonymous_2)","decl":{"start":{"line":12,"column":22},"end":{"line":12,"column":23}},"loc":{"start":{"line":12,"column":34},"end":{"line":12,"column":97}},"line":12},"3":{"name":"(anonymous_3)","decl":{"start":{"line":13,"column":12},"end":{"line":13,"column":13}},"loc":{"start":{"line":13,"column":24},"end":{"line":13,"column":67}},"line":13}},"branchMap":{"0":{"loc":{"start":{"line":9,"column":30},"end":{"line":9,"column":89}},"type":"cond-expr","locations":[{"start":{"line":9,"column":54},"end":{"line":9,"column":60}},{"start":{"line":9,"column":63},"end":{"line":9,"column":89}}],"line":9},"1":{"loc":{"start":{"line":12,"column":34},"end":{"line":12,"column":97}},"type":"cond-expr","locations":[{"start":{"line":12,"column":51},"end":{"line":12,"column":77}},{"start":{"line":12,"column":80},"end":{"line":12,"column":97}}],"line":12},"2":{"loc":{"start":{"line":13,"column":24},"end":{"line":13,"column":67}},"type":"cond-expr","locations":[{"start":{"line":13,"column":41},"end":{"line":13,"column":58}},{"start":{"line":13,"column":61},"end":{"line":13,"column":67}}],"line":13}},"s":{"0":6,"1":34,"2":34,"3":34,"4":34},"f":{"0":34,"1":34,"2":34,"3":34},"b":{"0":[0,34],"1":[5,29],"2":[5,29]},"_coverageSchema":"1a1c01bbd47fc00a2c39e90264f33305004495a9","hash":"ffe47a9a9c9f839618a92eb880daf2c8bc6e7fd7"}
,"F:\\projet\\red_tetris_boilerplate\\src\\client\\components\\Button.jsx": {"path":"F:\\projet\\red_tetris_boilerplate\\src\\client\\components\\Button.jsx","statementMap":{"0":{"start":{"line":6,"column":21},"end":{"line":57,"column":1}},"1":{"start":{"line":25,"column":33},"end":{"line":25,"column":54}},"2":{"start":{"line":49,"column":24},"end":{"line":49,"column":45}},"3":{"start":{"line":59,"column":15},"end":{"line":66,"column":1}},"4":{"start":{"line":60,"column":41},"end":{"line":60,"column":46}},"5":{"start":{"line":61,"column":2},"end":{"line":65,"column":4}},"6":{"start":{"line":62,"column":47},"end":{"line":62,"column":68}},"7":{"start":{"line":68,"column":27},"end":{"line":72,"column":2}},"8":{"start":{"line":68,"column":42},"end":{"line":72,"column":1}},"9":{"start":{"line":70,"column":4},"end":{"line":70,"column":45}}},"fnMap":{"0":{"name":"(anonymous_0)","decl":{"start":{"line":25,"column":24},"end":{"line":25,"column":25}},"loc":{"start":{"line":25,"column":33},"end":{"line":25,"column":54}},"line":25},"1":{"name":"(anonymous_1)","decl":{"start":{"line":49,"column":15},"end":{"line":49,"column":16}},"loc":{"start":{"line":49,"column":24},"end":{"line":49,"column":45}},"line":49},"2":{"name":"(anonymous_2)","decl":{"start":{"line":59,"column":15},"end":{"line":59,"column":16}},"loc":{"start":{"line":59,"column":26},"end":{"line":66,"column":1}},"line":59},"3":{"name":"(anonymous_3)","decl":{"start":{"line":62,"column":41},"end":{"line":62,"column":42}},"loc":{"start":{"line":62,"column":47},"end":{"line":62,"column":68}},"line":62},"4":{"name":"(anonymous_4)","decl":{"start":{"line":68,"column":27},"end":{"line":68,"column":28}},"loc":{"start":{"line":68,"column":42},"end":{"line":72,"column":1}},"line":68},"5":{"name":"(anonymous_5)","decl":{"start":{"line":69,"column":17},"end":{"line":69,"column":18}},"loc":{"start":{"line":69,"column":32},"end":{"line":71,"column":3}},"line":69}},"branchMap":{},"s":{"0":6,"1":6,"2":6,"3":6,"4":6,"5":6,"6":0,"7":6,"8":6,"9":0},"f":{"0":6,"1":6,"2":6,"3":0,"4":6,"5":0},"b":{},"_coverageSchema":"1a1c01bbd47fc00a2c39e90264f33305004495a9","hash":"8405fd6d350bef2575cb15ef15a387cfe5f92a41"}
,"F:\\projet\\red_tetris_boilerplate\\src\\client\\components\\GameOver.jsx": {"path":"F:\\projet\\red_tetris_boilerplate\\src\\client\\components\\GameOver.jsx","statementMap":{"0":{"start":{"line":8,"column":17},"end":{"line":23,"column":1}},"1":{"start":{"line":9,"column":61},"end":{"line":9,"column":66}},"2":{"start":{"line":10,"column":2},"end":{"line":10,"column":37}},"3":{"start":{"line":11,"column":19},"end":{"line":11,"column":21}},"4":{"start":{"line":12,"column":2},"end":{"line":12,"column":22}},"5":{"start":{"line":13,"column":2},"end":{"line":13,"column":15}},"6":{"start":{"line":14,"column":2},"end":{"line":22,"column":4}},"7":{"start":{"line":25,"column":24},"end":{"line":29,"column":2}},"8":{"start":{"line":25,"column":36},"end":{"line":29,"column":1}},"9":{"start":{"line":31,"column":27},"end":{"line":38,"column":2}},"10":{"start":{"line":31,"column":42},"end":{"line":38,"column":1}},"11":{"start":{"line":33,"column":4},"end":{"line":33,"column":37}},"12":{"start":{"line":36,"column":4},"end":{"line":36,"column":33}}},"fnMap":{"0":{"name":"(anonymous_0)","decl":{"start":{"line":8,"column":17},"end":{"line":8,"column":18}},"loc":{"start":{"line":8,"column":28},"end":{"line":23,"column":1}},"line":8},"1":{"name":"(anonymous_1)","decl":{"start":{"line":25,"column":24},"end":{"line":25,"column":25}},"loc":{"start":{"line":25,"column":36},"end":{"line":29,"column":1}},"line":25},"2":{"name":"(anonymous_2)","decl":{"start":{"line":31,"column":27},"end":{"line":31,"column":28}},"loc":{"start":{"line":31,"column":42},"end":{"line":38,"column":1}},"line":31},"3":{"name":"(anonymous_3)","decl":{"start":{"line":32,"column":13},"end":{"line":32,"column":14}},"loc":{"start":{"line":32,"column":24},"end":{"line":34,"column":3}},"line":32},"4":{"name":"(anonymous_4)","decl":{"start":{"line":35,"column":14},"end":{"line":35,"column":15}},"loc":{"start":{"line":35,"column":20},"end":{"line":37,"column":3}},"line":35}},"branchMap":{},"s":{"0":1,"1":1,"2":1,"3":1,"4":1,"5":1,"6":1,"7":1,"8":1,"9":1,"10":1,"11":1,"12":1},"f":{"0":1,"1":1,"2":1,"3":1,"4":1},"b":{},"_coverageSchema":"1a1c01bbd47fc00a2c39e90264f33305004495a9","hash":"ab6c57f4b0f10394423dc6dd5a77848a65bde442"}
,"F:\\projet\\red_tetris_boilerplate\\src\\client\\components\\Lobby.jsx": {"path":"F:\\projet\\red_tetris_boilerplate\\src\\client\\components\\Lobby.jsx","statementMap":{"0":{"start":{"line":7,"column":14},"end":{"line":22,"column":1}},"1":{"start":{"line":8,"column":2},"end":{"line":15,"column":3}},"2":{"start":{"line":9,"column":4},"end":{"line":14,"column":6}},"3":{"start":{"line":16,"column":2},"end":{"line":21,"column":4}},"4":{"start":{"line":24,"column":24},"end":{"line":27,"column":2}},"5":{"start":{"line":24,"column":36},"end":{"line":27,"column":1}}},"fnMap":{"0":{"name":"(anonymous_0)","decl":{"start":{"line":7,"column":14},"end":{"line":7,"column":15}},"loc":{"start":{"line":7,"column":45},"end":{"line":22,"column":1}},"line":7},"1":{"name":"(anonymous_1)","decl":{"start":{"line":24,"column":24},"end":{"line":24,"column":25}},"loc":{"start":{"line":24,"column":36},"end":{"line":27,"column":1}},"line":24}},"branchMap":{"0":{"loc":{"start":{"line":8,"column":2},"end":{"line":15,"column":3}},"type":"if","locations":[{"start":{"line":8,"column":2},"end":{"line":15,"column":3}},{"start":{"line":8,"column":2},"end":{"line":15,"column":3}}],"line":8}},"s":{"0":1,"1":2,"2":1,"3":1,"4":1,"5":2},"f":{"0":2,"1":2},"b":{"0":[1,1]},"_coverageSchema":"1a1c01bbd47fc00a2c39e90264f33305004495a9","hash":"8b46afbc6fc8a71384ade62b68315dbf4b4b70e2"}
,"F:\\projet\\red_tetris_boilerplate\\src\\client\\components\\Menu.jsx": {"path":"F:\\projet\\red_tetris_boilerplate\\src\\client\\components\\Menu.jsx","statementMap":{"0":{"start":{"line":10,"column":19},"end":{"line":27,"column":1}},"1":{"start":{"line":29,"column":13},"end":{"line":55,"column":1}},"2":{"start":{"line":30,"column":2},"end":{"line":44,"column":3}},"3":{"start":{"line":31,"column":4},"end":{"line":43,"column":6}},"4":{"start":{"line":45,"column":2},"end":{"line":54,"column":4}},"5":{"start":{"line":57,"column":24},"end":{"line":60,"column":2}},"6":{"start":{"line":57,"column":36},"end":{"line":60,"column":1}}},"fnMap":{"0":{"name":"(anonymous_0)","decl":{"start":{"line":29,"column":13},"end":{"line":29,"column":14}},"loc":{"start":{"line":29,"column":36},"end":{"line":55,"column":1}},"line":29},"1":{"name":"(anonymous_1)","decl":{"start":{"line":57,"column":24},"end":{"line":57,"column":25}},"loc":{"start":{"line":57,"column":36},"end":{"line":60,"column":1}},"line":57}},"branchMap":{"0":{"loc":{"start":{"line":30,"column":2},"end":{"line":44,"column":3}},"type":"if","locations":[{"start":{"line":30,"column":2},"end":{"line":44,"column":3}},{"start":{"line":30,"column":2},"end":{"line":44,"column":3}}],"line":30}},"s":{"0":1,"1":1,"2":1,"3":1,"4":0,"5":1,"6":1},"f":{"0":1,"1":1},"b":{"0":[1,0]},"_coverageSchema":"1a1c01bbd47fc00a2c39e90264f33305004495a9","hash":"12ecaf7b54bfb97ff6c314e2613574241b8fd1ee"}
,"F:\\projet\\red_tetris_boilerplate\\src\\client\\components\\MultiWaiting.jsx": {"path":"F:\\projet\\red_tetris_boilerplate\\src\\client\\components\\MultiWaiting.jsx","statementMap":{"0":{"start":{"line":5,"column":27},"end":{"line":7,"column":1}},"1":{"start":{"line":9,"column":21},"end":{"line":15,"column":1}},"2":{"start":{"line":10,"column":2},"end":{"line":14,"column":23}}},"fnMap":{"0":{"name":"(anonymous_0)","decl":{"start":{"line":9,"column":21},"end":{"line":9,"column":22}},"loc":{"start":{"line":10,"column":2},"end":{"line":14,"column":23}},"line":10}},"branchMap":{},"s":{"0":1,"1":1,"2":1},"f":{"0":1},"b":{},"_coverageSchema":"1a1c01bbd47fc00a2c39e90264f33305004495a9","hash":"82a04a8dadc2c5181a2936dc925f7ec07604e841"}
,"F:\\projet\\red_tetris_boilerplate\\src\\client\\components\\Music.jsx": {"path":"F:\\projet\\red_tetris_boilerplate\\src\\client\\components\\Music.jsx","statementMap":{"0":{"start":{"line":3,"column":14},"end":{"line":11,"column":1}},"1":{"start":{"line":4,"column":2},"end":{"line":10,"column":4}},"2":{"start":{"line":6,"column":6},"end":{"line":6,"column":55}}},"fnMap":{"0":{"name":"(anonymous_0)","decl":{"start":{"line":3,"column":14},"end":{"line":3,"column":15}},"loc":{"start":{"line":3,"column":30},"end":{"line":11,"column":1}},"line":3},"1":{"name":"(anonymous_1)","decl":{"start":{"line":5,"column":56},"end":{"line":5,"column":57}},"loc":{"start":{"line":5,"column":62},"end":{"line":7,"column":5}},"line":5}},"branchMap":{},"s":{"0":1,"1":0,"2":0},"f":{"0":0,"1":0},"b":{},"_coverageSchema":"1a1c01bbd47fc00a2c39e90264f33305004495a9","hash":"1c0c61efb2d7ee60e9578dd0d413fd2b8ae105d1"}
,"F:\\projet\\red_tetris_boilerplate\\src\\client\\components\\NextPiece.jsx": {"path":"F:\\projet\\red_tetris_boilerplate\\src\\client\\components\\NextPiece.jsx","statementMap":{"0":{"start":{"line":8,"column":29},"end":{"line":14,"column":1}},"1":{"start":{"line":16,"column":14},"end":{"line":16,"column":15}},"2":{"start":{"line":17,"column":15},"end":{"line":17,"column":16}},"3":{"start":{"line":19,"column":18},"end":{"line":42,"column":1}},"4":{"start":{"line":22,"column":6},"end":{"line":22,"column":11}},"5":{"start":{"line":23,"column":2},"end":{"line":25,"column":3}},"6":{"start":{"line":24,"column":4},"end":{"line":24,"column":16}},"7":{"start":{"line":26,"column":19},"end":{"line":26,"column":41}},"8":{"start":{"line":27,"column":2},"end":{"line":33,"column":4}},"9":{"start":{"line":29,"column":6},"end":{"line":29,"column":19}},"10":{"start":{"line":30,"column":6},"end":{"line":30,"column":19}},"11":{"start":{"line":31,"column":6},"end":{"line":31,"column":19}},"12":{"start":{"line":34,"column":16},"end":{"line":34,"column":44}},"13":{"start":{"line":35,"column":24},"end":{"line":35,"column":63}},"14":{"start":{"line":36,"column":2},"end":{"line":41,"column":4}},"15":{"start":{"line":44,"column":24},"end":{"line":46,"column":2}},"16":{"start":{"line":44,"column":36},"end":{"line":46,"column":1}}},"fnMap":{"0":{"name":"(anonymous_0)","decl":{"start":{"line":19,"column":18},"end":{"line":19,"column":19}},"loc":{"start":{"line":19,"column":29},"end":{"line":42,"column":1}},"line":19},"1":{"name":"(anonymous_1)","decl":{"start":{"line":28,"column":4},"end":{"line":28,"column":5}},"loc":{"start":{"line":28,"column":15},"end":{"line":32,"column":5}},"line":28},"2":{"name":"(anonymous_2)","decl":{"start":{"line":44,"column":24},"end":{"line":44,"column":25}},"loc":{"start":{"line":44,"column":36},"end":{"line":46,"column":1}},"line":44}},"branchMap":{"0":{"loc":{"start":{"line":23,"column":2},"end":{"line":25,"column":3}},"type":"if","locations":[{"start":{"line":23,"column":2},"end":{"line":25,"column":3}},{"start":{"line":23,"column":2},"end":{"line":25,"column":3}}],"line":23}},"s":{"0":2,"1":2,"2":2,"3":2,"4":2,"5":2,"6":1,"7":1,"8":1,"9":4,"10":4,"11":4,"12":1,"13":1,"14":1,"15":2,"16":2},"f":{"0":2,"1":4,"2":2},"b":{"0":[1,1]},"_coverageSchema":"1a1c01bbd47fc00a2c39e90264f33305004495a9","hash":"c7ca6b53cdca85dee30a8cefab3e4972efdebe02"}
,"F:\\projet\\red_tetris_boilerplate\\src\\client\\components\\OpponentList.jsx": {"path":"F:\\projet\\red_tetris_boilerplate\\src\\client\\components\\OpponentList.jsx","statementMap":{"0":{"start":{"line":5,"column":27},"end":{"line":26,"column":1}},"1":{"start":{"line":28,"column":21},"end":{"line":47,"column":1}},"2":{"start":{"line":29,"column":20},"end":{"line":38,"column":3}},"3":{"start":{"line":31,"column":23},"end":{"line":31,"column":31}},"4":{"start":{"line":32,"column":6},"end":{"line":36,"column":8}},"5":{"start":{"line":39,"column":2},"end":{"line":46,"column":4}},"6":{"start":{"line":49,"column":24},"end":{"line":51,"column":2}},"7":{"start":{"line":49,"column":36},"end":{"line":51,"column":1}}},"fnMap":{"0":{"name":"(anonymous_0)","decl":{"start":{"line":28,"column":21},"end":{"line":28,"column":22}},"loc":{"start":{"line":28,"column":43},"end":{"line":47,"column":1}},"line":28},"1":{"name":"(anonymous_1)","decl":{"start":{"line":30,"column":4},"end":{"line":30,"column":5}},"loc":{"start":{"line":30,"column":25},"end":{"line":37,"column":5}},"line":30},"2":{"name":"(anonymous_2)","decl":{"start":{"line":49,"column":24},"end":{"line":49,"column":25}},"loc":{"start":{"line":49,"column":36},"end":{"line":51,"column":1}},"line":49}},"branchMap":{},"s":{"0":4,"1":4,"2":4,"3":2,"4":2,"5":4,"6":4,"7":4},"f":{"0":4,"1":2,"2":4},"b":{},"_coverageSchema":"1a1c01bbd47fc00a2c39e90264f33305004495a9","hash":"d6b584692cc34571076c6adc9ba68f01afbc4cde"}
,"F:\\projet\\red_tetris_boilerplate\\src\\client\\components\\Options.jsx": {"path":"F:\\projet\\red_tetris_boilerplate\\src\\client\\components\\Options.jsx","statementMap":{"0":{"start":{"line":12,"column":22},"end":{"line":13,"column":1}},"1":{"start":{"line":15,"column":23},"end":{"line":36,"column":1}},"2":{"start":{"line":16,"column":2},"end":{"line":35,"column":18}}},"fnMap":{"0":{"name":"(anonymous_0)","decl":{"start":{"line":15,"column":23},"end":{"line":15,"column":24}},"loc":{"start":{"line":16,"column":2},"end":{"line":35,"column":18}},"line":16}},"branchMap":{},"s":{"0":1,"1":1,"2":1},"f":{"0":1},"b":{},"_coverageSchema":"1a1c01bbd47fc00a2c39e90264f33305004495a9","hash":"cf0bb8b572c9623c0274cfbfd955b4b8f7e52244"}
,"F:\\projet\\red_tetris_boilerplate\\src\\client\\components\\OptionsButton.jsx": {"path":"F:\\projet\\red_tetris_boilerplate\\src\\client\\components\\OptionsButton.jsx","statementMap":{"0":{"start":{"line":6,"column":28},"end":{"line":20,"column":1}},"1":{"start":{"line":22,"column":20},"end":{"line":24,"column":1}},"2":{"start":{"line":23,"column":2},"end":{"line":23,"column":77}},"3":{"start":{"line":26,"column":22},"end":{"line":33,"column":1}},"4":{"start":{"line":27,"column":20},"end":{"line":27,"column":25}},"5":{"start":{"line":28,"column":2},"end":{"line":32,"column":4}},"6":{"start":{"line":29,"column":54},"end":{"line":29,"column":72}},"7":{"start":{"line":35,"column":24},"end":{"line":37,"column":2}},"8":{"start":{"line":35,"column":36},"end":{"line":37,"column":1}},"9":{"start":{"line":39,"column":27},"end":{"line":43,"column":2}},"10":{"start":{"line":39,"column":42},"end":{"line":43,"column":1}},"11":{"start":{"line":41,"column":4},"end":{"line":41,"column":49}}},"fnMap":{"0":{"name":"(anonymous_0)","decl":{"start":{"line":22,"column":20},"end":{"line":22,"column":21}},"loc":{"start":{"line":22,"column":31},"end":{"line":24,"column":1}},"line":22},"1":{"name":"(anonymous_1)","decl":{"start":{"line":26,"column":22},"end":{"line":26,"column":23}},"loc":{"start":{"line":26,"column":33},"end":{"line":33,"column":1}},"line":26},"2":{"name":"(anonymous_2)","decl":{"start":{"line":29,"column":48},"end":{"line":29,"column":49}},"loc":{"start":{"line":29,"column":54},"end":{"line":29,"column":72}},"line":29},"3":{"name":"(anonymous_3)","decl":{"start":{"line":35,"column":24},"end":{"line":35,"column":25}},"loc":{"start":{"line":35,"column":36},"end":{"line":37,"column":1}},"line":35},"4":{"name":"(anonymous_4)","decl":{"start":{"line":39,"column":27},"end":{"line":39,"column":28}},"loc":{"start":{"line":39,"column":42},"end":{"line":43,"column":1}},"line":39},"5":{"name":"(anonymous_5)","decl":{"start":{"line":40,"column":19},"end":{"line":40,"column":20}},"loc":{"start":{"line":40,"column":36},"end":{"line":42,"column":3}},"line":40}},"branchMap":{},"s":{"0":2,"1":2,"2":0,"3":2,"4":1,"5":1,"6":0,"7":2,"8":1,"9":2,"10":1,"11":0},"f":{"0":0,"1":1,"2":0,"3":1,"4":1,"5":0},"b":{},"_coverageSchema":"1a1c01bbd47fc00a2c39e90264f33305004495a9","hash":"f3d924342f35cd1c3859de4e6d052509ba3371c8"}
,"F:\\projet\\red_tetris_boilerplate\\src\\client\\components\\Piece.jsx": {"path":"F:\\projet\\red_tetris_boilerplate\\src\\client\\components\\Piece.jsx","statementMap":{"0":{"start":{"line":5,"column":14},"end":{"line":21,"column":1}},"1":{"start":{"line":6,"column":16},"end":{"line":15,"column":3}},"2":{"start":{"line":8,"column":23},"end":{"line":8,"column":28}},"3":{"start":{"line":9,"column":6},"end":{"line":12,"column":7}},"4":{"start":{"line":10,"column":22},"end":{"line":10,"column":49}},"5":{"start":{"line":11,"column":8},"end":{"line":11,"column":73}},"6":{"start":{"line":13,"column":6},"end":{"line":13,"column":19}},"7":{"start":{"line":16,"column":2},"end":{"line":20,"column":4}}},"fnMap":{"0":{"name":"(anonymous_0)","decl":{"start":{"line":5,"column":14},"end":{"line":5,"column":15}},"loc":{"start":{"line":5,"column":47},"end":{"line":21,"column":1}},"line":5},"1":{"name":"(anonymous_1)","decl":{"start":{"line":7,"column":4},"end":{"line":7,"column":5}},"loc":{"start":{"line":7,"column":15},"end":{"line":14,"column":5}},"line":7}},"branchMap":{"0":{"loc":{"start":{"line":9,"column":6},"end":{"line":12,"column":7}},"type":"if","locations":[{"start":{"line":9,"column":6},"end":{"line":12,"column":7}},{"start":{"line":9,"column":6},"end":{"line":12,"column":7}}],"line":9}},"s":{"0":5,"1":7,"2":32,"3":32,"4":32,"5":32,"6":0,"7":7},"f":{"0":7,"1":32},"b":{"0":[32,0]},"_coverageSchema":"1a1c01bbd47fc00a2c39e90264f33305004495a9","hash":"b38e1cc1e6f3d14dd1c4c6f43794fc6e9ef341d8"}
,"F:\\projet\\red_tetris_boilerplate\\src\\client\\components\\Score.jsx": {"path":"F:\\projet\\red_tetris_boilerplate\\src\\client\\components\\Score.jsx","statementMap":{"0":{"start":{"line":5,"column":23},"end":{"line":7,"column":1}},"1":{"start":{"line":9,"column":24},"end":{"line":20,"column":1}},"2":{"start":{"line":18,"column":24},"end":{"line":18,"column":45}},"3":{"start":{"line":22,"column":14},"end":{"line":46,"column":1}},"4":{"start":{"line":25,"column":6},"end":{"line":25,"column":11}},"5":{"start":{"line":26,"column":2},"end":{"line":45,"column":4}},"6":{"start":{"line":48,"column":24},"end":{"line":53,"column":2}},"7":{"start":{"line":48,"column":36},"end":{"line":53,"column":1}}},"fnMap":{"0":{"name":"(anonymous_0)","decl":{"start":{"line":18,"column":13},"end":{"line":18,"column":14}},"loc":{"start":{"line":18,"column":24},"end":{"line":18,"column":45}},"line":18},"1":{"name":"(anonymous_1)","decl":{"start":{"line":22,"column":14},"end":{"line":22,"column":15}},"loc":{"start":{"line":22,"column":25},"end":{"line":46,"column":1}},"line":22},"2":{"name":"(anonymous_2)","decl":{"start":{"line":48,"column":24},"end":{"line":48,"column":25}},"loc":{"start":{"line":48,"column":36},"end":{"line":53,"column":1}},"line":48}},"branchMap":{},"s":{"0":2,"1":2,"2":8,"3":2,"4":2,"5":2,"6":2,"7":2},"f":{"0":8,"1":2,"2":2},"b":{},"_coverageSchema":"1a1c01bbd47fc00a2c39e90264f33305004495a9","hash":"edd07c3ba5e90472894256f9ead868a057dc3808"}
,"F:\\projet\\red_tetris_boilerplate\\src\\client\\components\\Socket.jsx": {"path":"F:\\projet\\red_tetris_boilerplate\\src\\client\\components\\Socket.jsx","statementMap":{"0":{"start":{"line":17,"column":15},"end":{"line":34,"column":1}},"1":{"start":{"line":22,"column":2},"end":{"line":22,"column":17}},"2":{"start":{"line":23,"column":2},"end":{"line":23,"column":28}},"3":{"start":{"line":24,"column":2},"end":{"line":24,"column":100}},"4":{"start":{"line":25,"column":2},"end":{"line":25,"column":40}},"5":{"start":{"line":26,"column":2},"end":{"line":26,"column":57}},"6":{"start":{"line":27,"column":2},"end":{"line":27,"column":39}},"7":{"start":{"line":28,"column":2},"end":{"line":28,"column":60}},"8":{"start":{"line":29,"column":2},"end":{"line":29,"column":43}},"9":{"start":{"line":30,"column":2},"end":{"line":30,"column":60}},"10":{"start":{"line":31,"column":2},"end":{"line":31,"column":25}},"11":{"start":{"line":32,"column":2},"end":{"line":32,"column":27}},"12":{"start":{"line":33,"column":2},"end":{"line":33,"column":14}},"13":{"start":{"line":36,"column":27},"end":{"line":76,"column":2}},"14":{"start":{"line":36,"column":42},"end":{"line":76,"column":1}},"15":{"start":{"line":38,"column":4},"end":{"line":38,"column":41}},"16":{"start":{"line":41,"column":4},"end":{"line":41,"column":37}},"17":{"start":{"line":44,"column":4},"end":{"line":44,"column":54}},"18":{"start":{"line":47,"column":4},"end":{"line":47,"column":37}},"19":{"start":{"line":50,"column":4},"end":{"line":50,"column":41}},"20":{"start":{"line":53,"column":4},"end":{"line":53,"column":45}},"21":{"start":{"line":56,"column":4},"end":{"line":56,"column":45}},"22":{"start":{"line":59,"column":4},"end":{"line":59,"column":45}},"23":{"start":{"line":62,"column":4},"end":{"line":62,"column":52}},"24":{"start":{"line":65,"column":4},"end":{"line":65,"column":37}},"25":{"start":{"line":68,"column":4},"end":{"line":68,"column":49}},"26":{"start":{"line":71,"column":4},"end":{"line":71,"column":39}},"27":{"start":{"line":74,"column":4},"end":{"line":74,"column":49}}},"fnMap":{"0":{"name":"(anonymous_0)","decl":{"start":{"line":17,"column":15},"end":{"line":17,"column":16}},"loc":{"start":{"line":21,"column":6},"end":{"line":34,"column":1}},"line":21},"1":{"name":"(anonymous_1)","decl":{"start":{"line":36,"column":27},"end":{"line":36,"column":28}},"loc":{"start":{"line":36,"column":42},"end":{"line":76,"column":1}},"line":36},"2":{"name":"(anonymous_2)","decl":{"start":{"line":37,"column":15},"end":{"line":37,"column":16}},"loc":{"start":{"line":37,"column":28},"end":{"line":39,"column":3}},"line":37},"3":{"name":"(anonymous_3)","decl":{"start":{"line":40,"column":13},"end":{"line":40,"column":14}},"loc":{"start":{"line":40,"column":24},"end":{"line":42,"column":3}},"line":40},"4":{"name":"(anonymous_4)","decl":{"start":{"line":43,"column":24},"end":{"line":43,"column":25}},"loc":{"start":{"line":43,"column":41},"end":{"line":45,"column":3}},"line":43},"5":{"name":"(anonymous_5)","decl":{"start":{"line":46,"column":13},"end":{"line":46,"column":14}},"loc":{"start":{"line":46,"column":24},"end":{"line":48,"column":3}},"line":46},"6":{"name":"(anonymous_6)","decl":{"start":{"line":49,"column":18},"end":{"line":49,"column":19}},"loc":{"start":{"line":49,"column":28},"end":{"line":51,"column":3}},"line":49},"7":{"name":"(anonymous_7)","decl":{"start":{"line":52,"column":17},"end":{"line":52,"column":18}},"loc":{"start":{"line":52,"column":32},"end":{"line":54,"column":3}},"line":52},"8":{"name":"(anonymous_8)","decl":{"start":{"line":55,"column":17},"end":{"line":55,"column":18}},"loc":{"start":{"line":55,"column":32},"end":{"line":57,"column":3}},"line":55},"9":{"name":"(anonymous_9)","decl":{"start":{"line":58,"column":20},"end":{"line":58,"column":21}},"loc":{"start":{"line":58,"column":32},"end":{"line":60,"column":3}},"line":58},"10":{"name":"(anonymous_10)","decl":{"start":{"line":61,"column":31},"end":{"line":61,"column":32}},"loc":{"start":{"line":61,"column":39},"end":{"line":63,"column":3}},"line":61},"11":{"name":"(anonymous_11)","decl":{"start":{"line":64,"column":16},"end":{"line":64,"column":17}},"loc":{"start":{"line":64,"column":24},"end":{"line":66,"column":3}},"line":64},"12":{"name":"(anonymous_12)","decl":{"start":{"line":67,"column":19},"end":{"line":67,"column":20}},"loc":{"start":{"line":67,"column":36},"end":{"line":69,"column":3}},"line":67},"13":{"name":"(anonymous_13)","decl":{"start":{"line":70,"column":14},"end":{"line":70,"column":15}},"loc":{"start":{"line":70,"column":26},"end":{"line":72,"column":3}},"line":70},"14":{"name":"(anonymous_14)","decl":{"start":{"line":73,"column":19},"end":{"line":73,"column":20}},"loc":{"start":{"line":73,"column":36},"end":{"line":75,"column":3}},"line":73}},"branchMap":{},"s":{"0":2,"1":1,"2":1,"3":1,"4":1,"5":1,"6":1,"7":1,"8":1,"9":1,"10":1,"11":1,"12":1,"13":2,"14":1,"15":0,"16":0,"17":0,"18":0,"19":0,"20":0,"21":0,"22":0,"23":0,"24":0,"25":0,"26":0,"27":0},"f":{"0":1,"1":1,"2":0,"3":0,"4":0,"5":0,"6":0,"7":0,"8":0,"9":0,"10":0,"11":0,"12":0,"13":0,"14":0},"b":{},"_coverageSchema":"1a1c01bbd47fc00a2c39e90264f33305004495a9","hash":"2b64a3f21e29996b6afdf752d719fd1fc2e8b4c0"}
,"F:\\projet\\red_tetris_boilerplate\\src\\client\\components\\Spectre.jsx": {"path":"F:\\projet\\red_tetris_boilerplate\\src\\client\\components\\Spectre.jsx","statementMap":{"0":{"start":{"line":6,"column":20},"end":{"line":12,"column":1}},"1":{"start":{"line":14,"column":14},"end":{"line":14,"column":16}},"2":{"start":{"line":15,"column":15},"end":{"line":15,"column":17}},"3":{"start":{"line":17,"column":16},"end":{"line":40,"column":1}},"4":{"start":{"line":18,"column":33},"end":{"line":18,"column":38}},"5":{"start":{"line":19,"column":2},"end":{"line":39,"column":3}},"6":{"start":{"line":20,"column":25},"end":{"line":20,"column":68}},"7":{"start":{"line":21,"column":17},"end":{"line":21,"column":19}},"8":{"start":{"line":22,"column":18},"end":{"line":22,"column":46}},"9":{"start":{"line":23,"column":26},"end":{"line":23,"column":64}},"10":{"start":{"line":24,"column":4},"end":{"line":31,"column":6}},"11":{"start":{"line":34,"column":4},"end":{"line":38,"column":6}}},"fnMap":{"0":{"name":"(anonymous_0)","decl":{"start":{"line":17,"column":16},"end":{"line":17,"column":17}},"loc":{"start":{"line":17,"column":27},"end":{"line":40,"column":1}},"line":17}},"branchMap":{"0":{"loc":{"start":{"line":19,"column":2},"end":{"line":39,"column":3}},"type":"if","locations":[{"start":{"line":19,"column":2},"end":{"line":39,"column":3}},{"start":{"line":19,"column":2},"end":{"line":39,"column":3}}],"line":19}},"s":{"0":2,"1":2,"2":2,"3":2,"4":1,"5":1,"6":1,"7":1,"8":1,"9":1,"10":1,"11":0},"f":{"0":1},"b":{"0":[1,0]},"_coverageSchema":"1a1c01bbd47fc00a2c39e90264f33305004495a9","hash":"014535b5432e4f8bf35b5567aafe8751c864dd21"}
,"F:\\projet\\red_tetris_boilerplate\\src\\client\\components\\SpectreList.jsx": {"path":"F:\\projet\\red_tetris_boilerplate\\src\\client\\components\\SpectreList.jsx","statementMap":{"0":{"start":{"line":6,"column":23},"end":{"line":13,"column":1}},"1":{"start":{"line":15,"column":20},"end":{"line":28,"column":1}},"2":{"start":{"line":16,"column":27},"end":{"line":16,"column":32}},"3":{"start":{"line":17,"column":18},"end":{"line":22,"column":3}},"4":{"start":{"line":19,"column":37},"end":{"line":19,"column":45}},"5":{"start":{"line":20,"column":6},"end":{"line":20,"column":67}},"6":{"start":{"line":23,"column":2},"end":{"line":27,"column":4}},"7":{"start":{"line":30,"column":24},"end":{"line":32,"column":2}},"8":{"start":{"line":30,"column":36},"end":{"line":32,"column":1}}},"fnMap":{"0":{"name":"(anonymous_0)","decl":{"start":{"line":15,"column":20},"end":{"line":15,"column":21}},"loc":{"start":{"line":15,"column":31},"end":{"line":28,"column":1}},"line":15},"1":{"name":"(anonymous_1)","decl":{"start":{"line":18,"column":4},"end":{"line":18,"column":5}},"loc":{"start":{"line":18,"column":18},"end":{"line":21,"column":5}},"line":18},"2":{"name":"(anonymous_2)","decl":{"start":{"line":30,"column":24},"end":{"line":30,"column":25}},"loc":{"start":{"line":30,"column":36},"end":{"line":32,"column":1}},"line":30}},"branchMap":{},"s":{"0":1,"1":1,"2":1,"3":1,"4":0,"5":0,"6":1,"7":1,"8":1},"f":{"0":1,"1":0,"2":1},"b":{},"_coverageSchema":"1a1c01bbd47fc00a2c39e90264f33305004495a9","hash":"278c8abb504d91cacc2176e23a515ca932319faf"}
,"F:\\projet\\red_tetris_boilerplate\\src\\client\\components\\Victory.jsx": {"path":"F:\\projet\\red_tetris_boilerplate\\src\\client\\components\\Victory.jsx","statementMap":{"0":{"start":{"line":8,"column":22},"end":{"line":10,"column":1}},"1":{"start":{"line":12,"column":16},"end":{"line":21,"column":1}},"2":{"start":{"line":13,"column":25},"end":{"line":13,"column":30}},"3":{"start":{"line":14,"column":2},"end":{"line":14,"column":15}},"4":{"start":{"line":15,"column":2},"end":{"line":20,"column":4}},"5":{"start":{"line":23,"column":27},"end":{"line":27,"column":2}},"6":{"start":{"line":23,"column":42},"end":{"line":27,"column":1}},"7":{"start":{"line":25,"column":4},"end":{"line":25,"column":33}}},"fnMap":{"0":{"name":"(anonymous_0)","decl":{"start":{"line":12,"column":16},"end":{"line":12,"column":17}},"loc":{"start":{"line":12,"column":27},"end":{"line":21,"column":1}},"line":12},"1":{"name":"(anonymous_1)","decl":{"start":{"line":23,"column":27},"end":{"line":23,"column":28}},"loc":{"start":{"line":23,"column":42},"end":{"line":27,"column":1}},"line":23},"2":{"name":"(anonymous_2)","decl":{"start":{"line":24,"column":14},"end":{"line":24,"column":15}},"loc":{"start":{"line":24,"column":20},"end":{"line":26,"column":3}},"line":24}},"branchMap":{},"s":{"0":1,"1":1,"2":1,"3":1,"4":1,"5":1,"6":1,"7":1},"f":{"0":1,"1":1,"2":1},"b":{},"_coverageSchema":"1a1c01bbd47fc00a2c39e90264f33305004495a9","hash":"233e1824088fa704241b92b2b1832c0da60721cb"}
,"F:\\projet\\red_tetris_boilerplate\\src\\client\\components\\WrongInfo.jsx": {"path":"F:\\projet\\red_tetris_boilerplate\\src\\client\\components\\WrongInfo.jsx","statementMap":{"0":{"start":{"line":3,"column":18},"end":{"line":8,"column":1}},"1":{"start":{"line":4,"column":2},"end":{"line":7,"column":8}}},"fnMap":{"0":{"name":"(anonymous_0)","decl":{"start":{"line":3,"column":18},"end":{"line":3,"column":19}},"loc":{"start":{"line":4,"column":2},"end":{"line":7,"column":8}},"line":4}},"branchMap":{},"s":{"0":2,"1":1},"f":{"0":1},"b":{},"_coverageSchema":"1a1c01bbd47fc00a2c39e90264f33305004495a9","hash":"c0689ee97556d4417e1f5918c58d5f55ce117c72"}
,"F:\\projet\\red_tetris_boilerplate\\src\\client\\constants\\collisionConstants.js": {"path":"F:\\projet\\red_tetris_boilerplate\\src\\client\\constants\\collisionConstants.js","statementMap":{"0":{"start":{"line":1,"column":31},"end":{"line":1,"column":32}},"1":{"start":{"line":2,"column":30},"end":{"line":2,"column":31}},"2":{"start":{"line":3,"column":34},"end":{"line":3,"column":35}},"3":{"start":{"line":4,"column":28},"end":{"line":4,"column":29}}},"fnMap":{},"branchMap":{},"s":{"0":10,"1":10,"2":10,"3":10},"f":{},"b":{},"_coverageSchema":"1a1c01bbd47fc00a2c39e90264f33305004495a9","hash":"e3564bb2316a2738948ae8cebf7b3507bc31eb1f"}
,"F:\\projet\\red_tetris_boilerplate\\src\\client\\constants\\keyBoardConstants.js": {"path":"F:\\projet\\red_tetris_boilerplate\\src\\client\\constants\\keyBoardConstants.js","statementMap":{"0":{"start":{"line":1,"column":20},"end":{"line":1,"column":22}},"1":{"start":{"line":2,"column":21},"end":{"line":2,"column":23}},"2":{"start":{"line":3,"column":20},"end":{"line":3,"column":22}},"3":{"start":{"line":4,"column":18},"end":{"line":4,"column":20}},"4":{"start":{"line":5,"column":21},"end":{"line":5,"column":23}},"5":{"start":{"line":6,"column":19},"end":{"line":6,"column":21}}},"fnMap":{},"branchMap":{},"s":{"0":10,"1":10,"2":10,"3":10,"4":10,"5":10},"f":{},"b":{},"_coverageSchema":"1a1c01bbd47fc00a2c39e90264f33305004495a9","hash":"4962c99fabf11e7744358f5f45eae8701d507007"}
,"F:\\projet\\red_tetris_boilerplate\\src\\client\\constants\\menuConstants.js": {"path":"F:\\projet\\red_tetris_boilerplate\\src\\client\\constants\\menuConstants.js","statementMap":{"0":{"start":{"line":1,"column":25},"end":{"line":1,"column":26}},"1":{"start":{"line":2,"column":27},"end":{"line":2,"column":28}},"2":{"start":{"line":3,"column":26},"end":{"line":3,"column":27}},"3":{"start":{"line":4,"column":23},"end":{"line":4,"column":24}}},"fnMap":{},"branchMap":{},"s":{"0":2,"1":2,"2":2,"3":2},"f":{},"b":{},"_coverageSchema":"1a1c01bbd47fc00a2c39e90264f33305004495a9","hash":"0c0e89ff571fc278d0ac9a8436d251891732f65d"}
,"F:\\projet\\red_tetris_boilerplate\\src\\client\\constants\\optionsConstants.js": {"path":"F:\\projet\\red_tetris_boilerplate\\src\\client\\constants\\optionsConstants.js","statementMap":{"0":{"start":{"line":1,"column":30},"end":{"line":1,"column":31}},"1":{"start":{"line":2,"column":28},"end":{"line":2,"column":29}},"2":{"start":{"line":3,"column":24},"end":{"line":3,"column":25}},"3":{"start":{"line":4,"column":33},"end":{"line":4,"column":52}},"4":{"start":{"line":5,"column":35},"end":{"line":5,"column":47}},"5":{"start":{"line":6,"column":35},"end":{"line":6,"column":47}},"6":{"start":{"line":7,"column":33},"end":{"line":7,"column":43}}},"fnMap":{},"branchMap":{},"s":{"0":7,"1":7,"2":7,"3":7,"4":7,"5":7,"6":7},"f":{},"b":{},"_coverageSchema":"1a1c01bbd47fc00a2c39e90264f33305004495a9","hash":"7a3ce6e22ee777f657eeafeddc1874305e93927d"}
,"F:\\projet\\red_tetris_boilerplate\\src\\client\\constants\\piecesConstants.js": {"path":"F:\\projet\\red_tetris_boilerplate\\src\\client\\constants\\piecesConstants.js","statementMap":{"0":{"start":{"line":1,"column":17},"end":{"line":1,"column":20}},"1":{"start":{"line":2,"column":17},"end":{"line":2,"column":20}},"2":{"start":{"line":3,"column":17},"end":{"line":3,"column":20}},"3":{"start":{"line":4,"column":17},"end":{"line":4,"column":20}},"4":{"start":{"line":5,"column":17},"end":{"line":5,"column":20}},"5":{"start":{"line":6,"column":17},"end":{"line":6,"column":20}},"6":{"start":{"line":7,"column":17},"end":{"line":7,"column":20}},"7":{"start":{"line":9,"column":24},"end":{"line":14,"column":1}},"8":{"start":{"line":16,"column":24},"end":{"line":21,"column":1}},"9":{"start":{"line":23,"column":24},"end":{"line":28,"column":1}},"10":{"start":{"line":30,"column":24},"end":{"line":35,"column":1}},"11":{"start":{"line":37,"column":24},"end":{"line":42,"column":1}},"12":{"start":{"line":44,"column":24},"end":{"line":49,"column":1}},"13":{"start":{"line":51,"column":24},"end":{"line":56,"column":1}}},"fnMap":{},"branchMap":{},"s":{"0":4,"1":4,"2":4,"3":4,"4":4,"5":4,"6":4,"7":4,"8":4,"9":4,"10":4,"11":4,"12":4,"13":4},"f":{},"b":{},"_coverageSchema":"1a1c01bbd47fc00a2c39e90264f33305004495a9","hash":"ff477ff6f5b81008ac0fe39948b49c15a8971c05"}
,"F:\\projet\\red_tetris_boilerplate\\src\\client\\constants\\rotateConstants.js": {"path":"F:\\projet\\red_tetris_boilerplate\\src\\client\\constants\\rotateConstants.js","statementMap":{"0":{"start":{"line":1,"column":23},"end":{"line":1,"column":32}},"1":{"start":{"line":2,"column":23},"end":{"line":2,"column":32}},"2":{"start":{"line":3,"column":23},"end":{"line":3,"column":32}},"3":{"start":{"line":4,"column":23},"end":{"line":4,"column":32}},"4":{"start":{"line":5,"column":24},"end":{"line":30,"column":1}},"5":{"start":{"line":32,"column":24},"end":{"line":57,"column":1}},"6":{"start":{"line":59,"column":24},"end":{"line":84,"column":1}},"7":{"start":{"line":86,"column":24},"end":{"line":111,"column":1}},"8":{"start":{"line":113,"column":24},"end":{"line":138,"column":1}},"9":{"start":{"line":140,"column":24},"end":{"line":165,"column":1}},"10":{"start":{"line":167,"column":24},"end":{"line":192,"column":1}},"11":{"start":{"line":194,"column":32},"end":{"line":223,"column":1}},"12":{"start":{"line":225,"column":26},"end":{"line":254,"column":1}}},"fnMap":{},"branchMap":{},"s":{"0":5,"1":5,"2":5,"3":5,"4":5,"5":5,"6":5,"7":5,"8":5,"9":5,"10":5,"11":5,"12":5},"f":{},"b":{},"_coverageSchema":"1a1c01bbd47fc00a2c39e90264f33305004495a9","hash":"3516f3691a2ac8d22f53c6b2a77d661ea6536b7c"}
,"F:\\projet\\red_tetris_boilerplate\\src\\client\\constants\\saveConstants.js": {"path":"F:\\projet\\red_tetris_boilerplate\\src\\client\\constants\\saveConstants.js","statementMap":{"0":{"start":{"line":1,"column":26},"end":{"line":1,"column":38}},"1":{"start":{"line":2,"column":26},"end":{"line":2,"column":38}},"2":{"start":{"line":3,"column":28},"end":{"line":3,"column":42}},"3":{"start":{"line":4,"column":31},"end":{"line":4,"column":48}},"4":{"start":{"line":5,"column":26},"end":{"line":5,"column":38}},"5":{"start":{"line":6,"column":27},"end":{"line":6,"column":40}},"6":{"start":{"line":7,"column":33},"end":{"line":7,"column":52}},"7":{"start":{"line":8,"column":31},"end":{"line":8,"column":48}},"8":{"start":{"line":9,"column":32},"end":{"line":9,"column":50}},"9":{"start":{"line":10,"column":27},"end":{"line":10,"column":40}},"10":{"start":{"line":11,"column":26},"end":{"line":11,"column":38}},"11":{"start":{"line":12,"column":31},"end":{"line":12,"column":48}},"12":{"start":{"line":13,"column":27},"end":{"line":13,"column":40}},"13":{"start":{"line":14,"column":29},"end":{"line":14,"column":44}},"14":{"start":{"line":15,"column":34},"end":{"line":15,"column":54}},"15":{"start":{"line":16,"column":47},"end":{"line":16,"column":80}},"16":{"start":{"line":17,"column":39},"end":{"line":17,"column":64}},"17":{"start":{"line":18,"column":30},"end":{"line":18,"column":46}},"18":{"start":{"line":19,"column":32},"end":{"line":19,"column":50}},"19":{"start":{"line":20,"column":39},"end":{"line":20,"column":64}},"20":{"start":{"line":21,"column":33},"end":{"line":21,"column":52}}},"fnMap":{},"branchMap":{},"s":{"0":12,"1":12,"2":12,"3":12,"4":12,"5":12,"6":12,"7":12,"8":12,"9":12,"10":12,"11":12,"12":12,"13":12,"14":12,"15":12,"16":12,"17":12,"18":12,"19":12,"20":12},"f":{},"b":{},"_coverageSchema":"1a1c01bbd47fc00a2c39e90264f33305004495a9","hash":"d89a88f44736fe14d5e45445e529de6d2ac7716b"}
,"F:\\projet\\red_tetris_boilerplate\\src\\client\\constants\\statusConstants.js": {"path":"F:\\projet\\red_tetris_boilerplate\\src\\client\\constants\\statusConstants.js","statementMap":{"0":{"start":{"line":1,"column":23},"end":{"line":1,"column":32}},"1":{"start":{"line":2,"column":26},"end":{"line":2,"column":38}},"2":{"start":{"line":3,"column":23},"end":{"line":3,"column":32}},"3":{"start":{"line":4,"column":27},"end":{"line":4,"column":40}},"4":{"start":{"line":5,"column":24},"end":{"line":5,"column":34}},"5":{"start":{"line":6,"column":24},"end":{"line":6,"column":34}},"6":{"start":{"line":7,"column":25},"end":{"line":7,"column":36}},"7":{"start":{"line":8,"column":26},"end":{"line":8,"column":38}},"8":{"start":{"line":9,"column":29},"end":{"line":9,"column":44}},"9":{"start":{"line":10,"column":23},"end":{"line":10,"column":32}},"10":{"start":{"line":11,"column":25},"end":{"line":11,"column":36}}},"fnMap":{},"branchMap":{},"s":{"0":10,"1":10,"2":10,"3":10,"4":10,"5":10,"6":10,"7":10,"8":10,"9":10,"10":10},"f":{},"b":{},"_coverageSchema":"1a1c01bbd47fc00a2c39e90264f33305004495a9","hash":"3c0d0d275f9d248c2d5fdcdf1f77a7d3296e84cc"}
,"F:\\projet\\red_tetris_boilerplate\\src\\client\\helpers\\BoardGeneration.js": {"path":"F:\\projet\\red_tetris_boilerplate\\src\\client\\helpers\\BoardGeneration.js","statementMap":{"0":{"start":{"line":2,"column":29},"end":{"line":15,"column":1}},"1":{"start":{"line":3,"column":16},"end":{"line":3,"column":18}},"2":{"start":{"line":4,"column":2},"end":{"line":13,"column":3}},"3":{"start":{"line":4,"column":15},"end":{"line":4,"column":16}},"4":{"start":{"line":5,"column":4},"end":{"line":12,"column":5}},"5":{"start":{"line":5,"column":17},"end":{"line":5,"column":18}},"6":{"start":{"line":6,"column":25},"end":{"line":10,"column":7}},"7":{"start":{"line":11,"column":6},"end":{"line":11,"column":29}},"8":{"start":{"line":14,"column":2},"end":{"line":14,"column":15}},"9":{"start":{"line":19,"column":28},"end":{"line":33,"column":1}},"10":{"start":{"line":20,"column":2},"end":{"line":25,"column":3}},"11":{"start":{"line":21,"column":18},"end":{"line":21,"column":30}},"12":{"start":{"line":22,"column":4},"end":{"line":24,"column":5}},"13":{"start":{"line":23,"column":6},"end":{"line":23,"column":19}},"14":{"start":{"line":26,"column":2},"end":{"line":31,"column":3}},"15":{"start":{"line":27,"column":18},"end":{"line":27,"column":30}},"16":{"start":{"line":28,"column":4},"end":{"line":30,"column":5}},"17":{"start":{"line":29,"column":6},"end":{"line":29,"column":19}},"18":{"start":{"line":32,"column":2},"end":{"line":32,"column":14}},"19":{"start":{"line":35,"column":27},"end":{"line":44,"column":1}},"20":{"start":{"line":36,"column":2},"end":{"line":42,"column":3}},"21":{"start":{"line":36,"column":15},"end":{"line":36,"column":16}},"22":{"start":{"line":37,"column":23},"end":{"line":37,"column":31}},"23":{"start":{"line":38,"column":4},"end":{"line":41,"column":5}},"24":{"start":{"line":39,"column":6},"end":{"line":39,"column":25}},"25":{"start":{"line":40,"column":6},"end":{"line":40,"column":10}},"26":{"start":{"line":43,"column":2},"end":{"line":43,"column":15}},"27":{"start":{"line":46,"column":22},"end":{"line":58,"column":1}},"28":{"start":{"line":47,"column":12},"end":{"line":47,"column":18}},"29":{"start":{"line":48,"column":2},"end":{"line":56,"column":3}},"30":{"start":{"line":48,"column":15},"end":{"line":48,"column":16}},"31":{"start":{"line":49,"column":20},"end":{"line":49,"column":28}},"32":{"start":{"line":50,"column":4},"end":{"line":52,"column":5}},"33":{"start":{"line":51,"column":6},"end":{"line":51,"column":15}},"34":{"start":{"line":53,"column":4},"end":{"line":55,"column":5}},"35":{"start":{"line":54,"column":6},"end":{"line":54,"column":22}},"36":{"start":{"line":57,"column":2},"end":{"line":57,"column":13}},"37":{"start":{"line":60,"column":37},"end":{"line":74,"column":1}},"38":{"start":{"line":61,"column":12},"end":{"line":61,"column":14}},"39":{"start":{"line":62,"column":2},"end":{"line":72,"column":3}},"40":{"start":{"line":62,"column":15},"end":{"line":62,"column":16}},"41":{"start":{"line":63,"column":20},"end":{"line":63,"column":51}},"42":{"start":{"line":64,"column":4},"end":{"line":71,"column":5}},"43":{"start":{"line":64,"column":17},"end":{"line":64,"column":24}},"44":{"start":{"line":65,"column":6},"end":{"line":70,"column":9}},"45":{"start":{"line":73,"column":2},"end":{"line":73,"column":13}}},"fnMap":{"0":{"name":"(anonymous_0)","decl":{"start":{"line":2,"column":29},"end":{"line":2,"column":30}},"loc":{"start":{"line":2,"column":48},"end":{"line":15,"column":1}},"line":2},"1":{"name":"(anonymous_1)","decl":{"start":{"line":19,"column":28},"end":{"line":19,"column":29}},"loc":{"start":{"line":19,"column":58},"end":{"line":33,"column":1}},"line":19},"2":{"name":"(anonymous_2)","decl":{"start":{"line":35,"column":27},"end":{"line":35,"column":28}},"loc":{"start":{"line":35,"column":52},"end":{"line":44,"column":1}},"line":35},"3":{"name":"(anonymous_3)","decl":{"start":{"line":46,"column":22},"end":{"line":46,"column":23}},"loc":{"start":{"line":46,"column":51},"end":{"line":58,"column":1}},"line":46},"4":{"name":"(anonymous_4)","decl":{"start":{"line":60,"column":37},"end":{"line":60,"column":38}},"loc":{"start":{"line":60,"column":63},"end":{"line":74,"column":1}},"line":60}},"branchMap":{"0":{"loc":{"start":{"line":22,"column":4},"end":{"line":24,"column":5}},"type":"if","locations":[{"start":{"line":22,"column":4},"end":{"line":24,"column":5}},{"start":{"line":22,"column":4},"end":{"line":24,"column":5}}],"line":22},"1":{"loc":{"start":{"line":22,"column":8},"end":{"line":22,"column":60}},"type":"binary-expr","locations":[{"start":{"line":22,"column":8},"end":{"line":22,"column":32}},{"start":{"line":22,"column":36},"end":{"line":22,"column":60}}],"line":22},"2":{"loc":{"start":{"line":28,"column":4},"end":{"line":30,"column":5}},"type":"if","locations":[{"start":{"line":28,"column":4},"end":{"line":30,"column":5}},{"start":{"line":28,"column":4},"end":{"line":30,"column":5}}],"line":28},"3":{"loc":{"start":{"line":28,"column":8},"end":{"line":28,"column":60}},"type":"binary-expr","locations":[{"start":{"line":28,"column":8},"end":{"line":28,"column":32}},{"start":{"line":28,"column":36},"end":{"line":28,"column":60}}],"line":28},"4":{"loc":{"start":{"line":38,"column":4},"end":{"line":41,"column":5}},"type":"if","locations":[{"start":{"line":38,"column":4},"end":{"line":41,"column":5}},{"start":{"line":38,"column":4},"end":{"line":41,"column":5}}],"line":38},"5":{"loc":{"start":{"line":50,"column":4},"end":{"line":52,"column":5}},"type":"if","locations":[{"start":{"line":50,"column":4},"end":{"line":52,"column":5}},{"start":{"line":50,"column":4},"end":{"line":52,"column":5}}],"line":50},"6":{"loc":{"start":{"line":53,"column":4},"end":{"line":55,"column":5}},"type":"if","locations":[{"start":{"line":53,"column":4},"end":{"line":55,"column":5}},{"start":{"line":53,"column":4},"end":{"line":55,"column":5}}],"line":53}},"s":{"0":5,"1":4,"2":4,"3":4,"4":45,"5":45,"6":425,"7":425,"8":4,"9":5,"10":428,"11":894,"12":894,"13":6,"14":422,"15":5398,"16":5398,"17":29,"18":393,"19":5,"20":5,"21":5,"22":426,"23":426,"24":34,"25":34,"26":5,"27":5,"28":20,"29":20,"30":20,"31":120,"32":120,"33":108,"34":12,"35":12,"36":20,"37":5,"38":2,"39":2,"40":2,"41":20,"42":20,"43":20,"44":12,"45":2},"f":{"0":4,"1":428,"2":5,"3":20,"4":2},"b":{"0":[6,888],"1":[894,98],"2":[29,5369],"3":[5398,544],"4":[34,392],"5":[108,12],"6":[12,0]},"_coverageSchema":"1a1c01bbd47fc00a2c39e90264f33305004495a9","hash":"e9c59981092c5c054daeb79fca2da5aef22aa300"}
,"F:\\projet\\red_tetris_boilerplate\\src\\client\\helpers\\GameOver.js": {"path":"F:\\projet\\red_tetris_boilerplate\\src\\client\\helpers\\GameOver.js","statementMap":{"0":{"start":{"line":1,"column":27},"end":{"line":12,"column":1}},"1":{"start":{"line":2,"column":12},"end":{"line":2,"column":13}},"2":{"start":{"line":3,"column":12},"end":{"line":3,"column":13}},"3":{"start":{"line":4,"column":2},"end":{"line":10,"column":3}},"4":{"start":{"line":4,"column":15},"end":{"line":4,"column":16}},"5":{"start":{"line":5,"column":4},"end":{"line":9,"column":5}},"6":{"start":{"line":6,"column":6},"end":{"line":8,"column":7}},"7":{"start":{"line":7,"column":8},"end":{"line":7,"column":20}},"8":{"start":{"line":11,"column":2},"end":{"line":11,"column":15}},"9":{"start":{"line":14,"column":29},"end":{"line":21,"column":1}},"10":{"start":{"line":15,"column":2},"end":{"line":19,"column":3}},"11":{"start":{"line":15,"column":15},"end":{"line":15,"column":16}},"12":{"start":{"line":16,"column":4},"end":{"line":18,"column":5}},"13":{"start":{"line":17,"column":6},"end":{"line":17,"column":18}},"14":{"start":{"line":20,"column":2},"end":{"line":20,"column":15}}},"fnMap":{"0":{"name":"(anonymous_0)","decl":{"start":{"line":1,"column":27},"end":{"line":1,"column":28}},"loc":{"start":{"line":1,"column":38},"end":{"line":12,"column":1}},"line":1},"1":{"name":"(anonymous_1)","decl":{"start":{"line":14,"column":29},"end":{"line":14,"column":30}},"loc":{"start":{"line":14,"column":41},"end":{"line":21,"column":1}},"line":14}},"branchMap":{"0":{"loc":{"start":{"line":5,"column":4},"end":{"line":9,"column":5}},"type":"if","locations":[{"start":{"line":5,"column":4},"end":{"line":9,"column":5}},{"start":{"line":5,"column":4},"end":{"line":9,"column":5}}],"line":5},"1":{"loc":{"start":{"line":6,"column":6},"end":{"line":8,"column":7}},"type":"if","locations":[{"start":{"line":6,"column":6},"end":{"line":8,"column":7}},{"start":{"line":6,"column":6},"end":{"line":8,"column":7}}],"line":6},"2":{"loc":{"start":{"line":6,"column":10},"end":{"line":6,"column":44}},"type":"binary-expr","locations":[{"start":{"line":6,"column":10},"end":{"line":6,"column":25}},{"start":{"line":6,"column":29},"end":{"line":6,"column":44}}],"line":6},"3":{"loc":{"start":{"line":16,"column":4},"end":{"line":18,"column":5}},"type":"if","locations":[{"start":{"line":16,"column":4},"end":{"line":18,"column":5}},{"start":{"line":16,"column":4},"end":{"line":18,"column":5}}],"line":16}},"s":{"0":3,"1":3,"2":3,"3":3,"4":3,"5":13,"6":2,"7":1,"8":2,"9":3,"10":3,"11":3,"12":10,"13":1,"14":2},"f":{"0":3,"1":3},"b":{"0":[2,11],"1":[1,1],"2":[2,1],"3":[1,9]},"_coverageSchema":"1a1c01bbd47fc00a2c39e90264f33305004495a9","hash":"4dafbc8cde2e3499217a0cf497cdd188e4180658"}
,"F:\\projet\\red_tetris_boilerplate\\src\\client\\helpers\\HandleEvents.js": {"path":"F:\\projet\\red_tetris_boilerplate\\src\\client\\helpers\\HandleEvents.js","statementMap":{"0":{"start":{"line":16,"column":21},"end":{"line":31,"column":1}},"1":{"start":{"line":17,"column":55},"end":{"line":17,"column":60}},"2":{"start":{"line":18,"column":17},"end":{"line":18,"column":35}},"3":{"start":{"line":19,"column":2},"end":{"line":19,"column":30}},"4":{"start":{"line":20,"column":19},"end":{"line":20,"column":98}},"5":{"start":{"line":21,"column":2},"end":{"line":30,"column":3}},"6":{"start":{"line":21,"column":15},"end":{"line":21,"column":16}},"7":{"start":{"line":22,"column":20},"end":{"line":22,"column":31}},"8":{"start":{"line":23,"column":4},"end":{"line":23,"column":48}},"9":{"start":{"line":24,"column":22},"end":{"line":24,"column":74}},"10":{"start":{"line":25,"column":4},"end":{"line":29,"column":5}},"11":{"start":{"line":26,"column":6},"end":{"line":26,"column":26}},"12":{"start":{"line":27,"column":6},"end":{"line":27,"column":28}},"13":{"start":{"line":28,"column":6},"end":{"line":28,"column":13}},"14":{"start":{"line":33,"column":19},"end":{"line":72,"column":1}},"15":{"start":{"line":40,"column":6},"end":{"line":40,"column":11}},"16":{"start":{"line":41,"column":2},"end":{"line":43,"column":3}},"17":{"start":{"line":42,"column":4},"end":{"line":42,"column":17}},"18":{"start":{"line":44,"column":19},"end":{"line":44,"column":37}},"19":{"start":{"line":45,"column":2},"end":{"line":45,"column":55}},"20":{"start":{"line":46,"column":20},"end":{"line":46,"column":81}},"21":{"start":{"line":47,"column":2},"end":{"line":70,"column":3}},"22":{"start":{"line":49,"column":6},"end":{"line":52,"column":7}},"23":{"start":{"line":50,"column":8},"end":{"line":50,"column":33}},"24":{"start":{"line":51,"column":8},"end":{"line":51,"column":21}},"25":{"start":{"line":53,"column":21},"end":{"line":53,"column":48}},"26":{"start":{"line":54,"column":6},"end":{"line":56,"column":59}},"27":{"start":{"line":57,"column":6},"end":{"line":57,"column":22}},"28":{"start":{"line":58,"column":6},"end":{"line":58,"column":28}},"29":{"start":{"line":59,"column":6},"end":{"line":59,"column":26}},"30":{"start":{"line":60,"column":24},"end":{"line":60,"column":45}},"31":{"start":{"line":61,"column":6},"end":{"line":61,"column":57}},"32":{"start":{"line":62,"column":6},"end":{"line":62,"column":19}},"33":{"start":{"line":64,"column":6},"end":{"line":64,"column":19}},"34":{"start":{"line":66,"column":6},"end":{"line":66,"column":26}},"35":{"start":{"line":67,"column":6},"end":{"line":67,"column":28}},"36":{"start":{"line":68,"column":6},"end":{"line":68,"column":22}},"37":{"start":{"line":71,"column":2},"end":{"line":71,"column":15}},"38":{"start":{"line":75,"column":24},"end":{"line":88,"column":1}},"39":{"start":{"line":76,"column":2},"end":{"line":85,"column":3}},"40":{"start":{"line":77,"column":19},"end":{"line":77,"column":30}},"41":{"start":{"line":78,"column":4},"end":{"line":80,"column":5}},"42":{"start":{"line":79,"column":6},"end":{"line":79,"column":66}},"43":{"start":{"line":81,"column":9},"end":{"line":85,"column":3}},"44":{"start":{"line":82,"column":4},"end":{"line":82,"column":59}},"45":{"start":{"line":83,"column":9},"end":{"line":85,"column":3}},"46":{"start":{"line":84,"column":4},"end":{"line":84,"column":39}}},"fnMap":{"0":{"name":"(anonymous_0)","decl":{"start":{"line":16,"column":21},"end":{"line":16,"column":22}},"loc":{"start":{"line":16,"column":47},"end":{"line":31,"column":1}},"line":16},"1":{"name":"(anonymous_1)","decl":{"start":{"line":33,"column":19},"end":{"line":33,"column":20}},"loc":{"start":{"line":33,"column":61},"end":{"line":72,"column":1}},"line":33},"2":{"name":"(anonymous_2)","decl":{"start":{"line":75,"column":24},"end":{"line":75,"column":25}},"loc":{"start":{"line":75,"column":63},"end":{"line":88,"column":1}},"line":75}},"branchMap":{"0":{"loc":{"start":{"line":20,"column":19},"end":{"line":20,"column":98}},"type":"cond-expr","locations":[{"start":{"line":20,"column":43},"end":{"line":20,"column":66}},{"start":{"line":20,"column":69},"end":{"line":20,"column":98}}],"line":20},"1":{"loc":{"start":{"line":25,"column":4},"end":{"line":29,"column":5}},"type":"if","locations":[{"start":{"line":25,"column":4},"end":{"line":29,"column":5}},{"start":{"line":25,"column":4},"end":{"line":29,"column":5}}],"line":25},"2":{"loc":{"start":{"line":41,"column":2},"end":{"line":43,"column":3}},"type":"if","locations":[{"start":{"line":41,"column":2},"end":{"line":43,"column":3}},{"start":{"line":41,"column":2},"end":{"line":43,"column":3}}],"line":41},"3":{"loc":{"start":{"line":47,"column":2},"end":{"line":70,"column":3}},"type":"switch","locations":[{"start":{"line":48,"column":4},"end":{"line":62,"column":19}},{"start":{"line":63,"column":4},"end":{"line":64,"column":19}},{"start":{"line":65,"column":4},"end":{"line":68,"column":22}},{"start":{"line":69,"column":4},"end":{"line":69,"column":12}}],"line":47},"4":{"loc":{"start":{"line":49,"column":6},"end":{"line":52,"column":7}},"type":"if","locations":[{"start":{"line":49,"column":6},"end":{"line":52,"column":7}},{"start":{"line":49,"column":6},"end":{"line":52,"column":7}}],"line":49},"5":{"loc":{"start":{"line":76,"column":2},"end":{"line":85,"column":3}},"type":"if","locations":[{"start":{"line":76,"column":2},"end":{"line":85,"column":3}},{"start":{"line":76,"column":2},"end":{"line":85,"column":3}}],"line":76},"6":{"loc":{"start":{"line":81,"column":9},"end":{"line":85,"column":3}},"type":"if","locations":[{"start":{"line":81,"column":9},"end":{"line":85,"column":3}},{"start":{"line":81,"column":9},"end":{"line":85,"column":3}}],"line":81},"7":{"loc":{"start":{"line":81,"column":13},"end":{"line":81,"column":70}},"type":"binary-expr","locations":[{"start":{"line":81,"column":13},"end":{"line":81,"column":29}},{"start":{"line":81,"column":33},"end":{"line":81,"column":50}},{"start":{"line":81,"column":54},"end":{"line":81,"column":70}}],"line":81},"8":{"loc":{"start":{"line":83,"column":9},"end":{"line":85,"column":3}},"type":"if","locations":[{"start":{"line":83,"column":9},"end":{"line":85,"column":3}},{"start":{"line":83,"column":9},"end":{"line":85,"column":3}}],"line":83}},"s":{"0":2,"1":1,"2":1,"3":1,"4":1,"5":1,"6":1,"7":1,"8":1,"9":1,"10":1,"11":1,"12":1,"13":1,"14":2,"15":3,"16":3,"17":1,"18":2,"19":2,"20":2,"21":2,"22":1,"23":0,"24":0,"25":1,"26":1,"27":1,"28":1,"29":1,"30":1,"31":1,"32":1,"33":0,"34":1,"35":1,"36":1,"37":0,"38":2,"39":4,"40":2,"41":2,"42":2,"43":2,"44":1,"45":1,"46":1},"f":{"0":1,"1":3,"2":4},"b":{"0":[1,0],"1":[1,0],"2":[1,2],"3":[1,0,1,0],"4":[0,1],"5":[2,2],"6":[1,1],"7":[2,1,1],"8":[1,0]},"_coverageSchema":"1a1c01bbd47fc00a2c39e90264f33305004495a9","hash":"5fe98a540c42346ee74dbff9bd1f9a56d18e0371"}
,"F:\\projet\\red_tetris_boilerplate\\src\\client\\helpers\\Line.js": {"path":"F:\\projet\\red_tetris_boilerplate\\src\\client\\helpers\\Line.js","statementMap":{"0":{"start":{"line":5,"column":28},"end":{"line":13,"column":1}},"1":{"start":{"line":6,"column":14},"end":{"line":6,"column":16}},"2":{"start":{"line":7,"column":2},"end":{"line":11,"column":5}},"3":{"start":{"line":8,"column":4},"end":{"line":10,"column":5}},"4":{"start":{"line":9,"column":6},"end":{"line":9,"column":24}},"5":{"start":{"line":12,"column":2},"end":{"line":12,"column":13}},"6":{"start":{"line":15,"column":27},"end":{"line":29,"column":1}},"7":{"start":{"line":16,"column":14},"end":{"line":16,"column":16}},"8":{"start":{"line":17,"column":2},"end":{"line":27,"column":3}},"9":{"start":{"line":17,"column":15},"end":{"line":17,"column":16}},"10":{"start":{"line":18,"column":29},"end":{"line":18,"column":31}},"11":{"start":{"line":19,"column":4},"end":{"line":23,"column":7}},"12":{"start":{"line":20,"column":6},"end":{"line":22,"column":7}},"13":{"start":{"line":21,"column":8},"end":{"line":21,"column":39}},"14":{"start":{"line":24,"column":4},"end":{"line":26,"column":5}},"15":{"start":{"line":25,"column":6},"end":{"line":25,"column":28}},"16":{"start":{"line":28,"column":2},"end":{"line":28,"column":13}},"17":{"start":{"line":31,"column":33},"end":{"line":40,"column":1}},"18":{"start":{"line":32,"column":17},"end":{"line":32,"column":35}},"19":{"start":{"line":33,"column":2},"end":{"line":35,"column":3}},"20":{"start":{"line":33,"column":15},"end":{"line":33,"column":16}},"21":{"start":{"line":34,"column":4},"end":{"line":34,"column":72}},"22":{"start":{"line":34,"column":42},"end":{"line":34,"column":70}},"23":{"start":{"line":36,"column":2},"end":{"line":38,"column":3}},"24":{"start":{"line":37,"column":4},"end":{"line":37,"column":20}},"25":{"start":{"line":39,"column":2},"end":{"line":39,"column":18}},"26":{"start":{"line":42,"column":25},"end":{"line":47,"column":1}},"27":{"start":{"line":43,"column":2},"end":{"line":45,"column":3}},"28":{"start":{"line":44,"column":4},"end":{"line":44,"column":17}},"29":{"start":{"line":46,"column":2},"end":{"line":46,"column":15}},"30":{"start":{"line":49,"column":23},"end":{"line":55,"column":1}},"31":{"start":{"line":50,"column":17},"end":{"line":50,"column":37}},"32":{"start":{"line":51,"column":2},"end":{"line":53,"column":3}},"33":{"start":{"line":52,"column":4},"end":{"line":52,"column":18}},"34":{"start":{"line":54,"column":2},"end":{"line":54,"column":22}},"35":{"start":{"line":57,"column":23},"end":{"line":66,"column":1}},"36":{"start":{"line":58,"column":2},"end":{"line":58,"column":29}},"37":{"start":{"line":59,"column":2},"end":{"line":64,"column":3}},"38":{"start":{"line":60,"column":4},"end":{"line":60,"column":22}},"39":{"start":{"line":61,"column":4},"end":{"line":61,"column":16}},"40":{"start":{"line":62,"column":4},"end":{"line":62,"column":23}},"41":{"start":{"line":63,"column":4},"end":{"line":63,"column":31}},"42":{"start":{"line":65,"column":2},"end":{"line":65,"column":31}},"43":{"start":{"line":68,"column":30},"end":{"line":80,"column":1}},"44":{"start":{"line":69,"column":19},"end":{"line":69,"column":20}},"45":{"start":{"line":70,"column":2},"end":{"line":78,"column":3}},"46":{"start":{"line":71,"column":4},"end":{"line":71,"column":38}},"47":{"start":{"line":72,"column":9},"end":{"line":78,"column":3}},"48":{"start":{"line":73,"column":4},"end":{"line":73,"column":39}},"49":{"start":{"line":74,"column":9},"end":{"line":78,"column":3}},"50":{"start":{"line":75,"column":4},"end":{"line":75,"column":39}},"51":{"start":{"line":76,"column":9},"end":{"line":78,"column":3}},"52":{"start":{"line":77,"column":4},"end":{"line":77,"column":40}},"53":{"start":{"line":79,"column":2},"end":{"line":79,"column":20}},"54":{"start":{"line":82,"column":29},"end":{"line":109,"column":1}},"55":{"start":{"line":83,"column":2},"end":{"line":83,"column":20}},"56":{"start":{"line":84,"column":19},"end":{"line":84,"column":21}},"57":{"start":{"line":85,"column":2},"end":{"line":85,"column":19}},"58":{"start":{"line":86,"column":10},"end":{"line":86,"column":11}},"59":{"start":{"line":87,"column":2},"end":{"line":93,"column":3}},"60"
[...]
"line":21,"column":16}},"15":{"start":{"line":22,"column":22},"end":{"line":22,"column":37}},"16":{"start":{"line":23,"column":19},"end":{"line":23,"column":34}},"17":{"start":{"line":24,"column":4},"end":{"line":28,"column":5}},"18":{"start":{"line":25,"column":6},"end":{"line":27,"column":9}},"19":{"start":{"line":26,"column":8},"end":{"line":26,"column":31}},"20":{"start":{"line":29,"column":12},"end":{"line":29,"column":14}},"21":{"start":{"line":30,"column":4},"end":{"line":41,"column":5}},"22":{"start":{"line":30,"column":17},"end":{"line":30,"column":18}},"23":{"start":{"line":31,"column":6},"end":{"line":39,"column":7}},"24":{"start":{"line":31,"column":19},"end":{"line":31,"column":20}},"25":{"start":{"line":32,"column":8},"end":{"line":38,"column":9}},"26":{"start":{"line":33,"column":24},"end":{"line":33,"column":47}},"27":{"start":{"line":34,"column":10},"end":{"line":34,"column":28}},"28":{"start":{"line":36,"column":24},"end":{"line":36,"column":50}},"29":{"start":{"line":37,"column":10},"end":{"line":37,"column":28}},"30":{"start":{"line":40,"column":6},"end":{"line":40,"column":10}},"31":{"start":{"line":42,"column":4},"end":{"line":46,"column":5}},"32":{"start":{"line":42,"column":17},"end":{"line":42,"column":18}},"33":{"start":{"line":43,"column":6},"end":{"line":45,"column":7}},"34":{"start":{"line":44,"column":8},"end":{"line":44,"column":48}},"35":{"start":{"line":47,"column":4},"end":{"line":47,"column":72}},"36":{"start":{"line":51,"column":26},"end":{"line":51,"column":82}},"37":{"start":{"line":51,"column":37},"end":{"line":51,"column":82}},"38":{"start":{"line":53,"column":38},"end":{"line":86,"column":1}},"39":{"start":{"line":54,"column":2},"end":{"line":85,"column":3}},"40":{"start":{"line":54,"column":15},"end":{"line":54,"column":16}},"41":{"start":{"line":55,"column":22},"end":{"line":55,"column":37}},"42":{"start":{"line":56,"column":19},"end":{"line":56,"column":34}},"43":{"start":{"line":57,"column":30},"end":{"line":57,"column":63}},"44":{"start":{"line":58,"column":4},"end":{"line":62,"column":5}},"45":{"start":{"line":59,"column":6},"end":{"line":61,"column":9}},"46":{"start":{"line":60,"column":8},"end":{"line":60,"column":31}},"47":{"start":{"line":63,"column":12},"end":{"line":63,"column":22}},"48":{"start":{"line":64,"column":4},"end":{"line":78,"column":5}},"49":{"start":{"line":64,"column":17},"end":{"line":64,"column":18}},"50":{"start":{"line":65,"column":24},"end":{"line":65,"column":41}},"51":{"start":{"line":66,"column":6},"end":{"line":76,"column":7}},"52":{"start":{"line":66,"column":19},"end":{"line":66,"column":20}},"53":{"start":{"line":67,"column":8},"end":{"line":75,"column":9}},"54":{"start":{"line":68,"column":10},"end":{"line":74,"column":11}},"55":{"start":{"line":69,"column":26},"end":{"line":69,"column":49}},"56":{"start":{"line":70,"column":12},"end":{"line":70,"column":30}},"57":{"start":{"line":72,"column":26},"end":{"line":72,"column":52}},"58":{"start":{"line":73,"column":12},"end":{"line":73,"column":30}},"59":{"start":{"line":77,"column":6},"end":{"line":77,"column":10}},"60":{"start":{"line":79,"column":4},"end":{"line":83,"column":5}},"61":{"start":{"line":79,"column":17},"end":{"line":79,"column":18}},"62":{"start":{"line":80,"column":6},"end":{"line":82,"column":7}},"63":{"start":{"line":81,"column":8},"end":{"line":81,"column":48}},"64":{"start":{"line":84,"column":4},"end":{"line":84,"column":72}}},"fnMap":{"0":{"name":"(anonymous_0)","decl":{"start":{"line":1,"column":26},"end":{"line":1,"column":27}},"loc":{"start":{"line":1,"column":51},"end":{"line":18,"column":1}},"line":1},"1":{"name":"(anonymous_1)","decl":{"start":{"line":20,"column":39},"end":{"line":20,"column":40}},"loc":{"start":{"line":20,"column":91},"end":{"line":49,"column":1}},"line":20},"2":{"name":"(anonymous_2)","decl":{"start":{"line":25,"column":20},"end":{"line":25,"column":21}},"loc":{"start":{"line":25,"column":31},"end":{"line":27,"column":7}},"line":25},"3":{"name":"(anonymous_3)","decl":{"start":{"line":51,"column":26},"end":{"line":51,"column":27}},"loc":{"start":{"line":51,"column":37},"end":{"line":51,"column":82}},"line":51},"4":{"name":"(anonymous_4)","decl":{"start":{"line":53,"column":38},"end":{"line":53,"column":39}},"loc":{"start":{"line":53,"column":90},"end":{"line":86,"column":1}},"line":53},"5":{"name":"(anonymous_5)","decl":{"start":{"line":59,"column":20},"end":{"line":59,"column":21}},"loc":{"start":{"line":59,"column":31},"end":{"line":61,"column":7}},"line":59}},"branchMap":{"0":{"loc":{"start":{"line":4,"column":4},"end":{"line":7,"column":5}},"type":"if","locations":[{"start":{"line":4,"column":4},"end":{"line":7,"column":5}},{"start":{"line":4,"column":4},"end":{"line":7,"column":5}}],"line":4},"1":{"loc":{"start":{"line":4,"column":8},"end":{"line":5,"column":59}},"type":"binary-expr","locations":[{"start":{"line":4,"column":8},"end":{"line":4,"column":56}},{"start":{"line":5,"column":9},"end":{"line":5,"column":59}}],"line":4},"2":{"loc":{"start":{"line":9,"column":2},"end":{"line":17,"column":3}},"type":"if","locations":[{"start":{"line":9,"column":2},"end":{"line":17,"column":3}},{"start":{"line":9,"column":2},"end":{"line":17,"column":3}}],"line":9},"3":{"loc":{"start":{"line":11,"column":6},"end":{"line":15,"column":7}},"type":"if","locations":[{"start":{"line":11,"column":6},"end":{"line":15,"column":7}},{"start":{"line":11,"column":6},"end":{"line":15,"column":7}}],"line":11},"4":{"loc":{"start":{"line":11,"column":10},"end":{"line":12,"column":61}},"type":"binary-expr","locations":[{"start":{"line":11,"column":10},"end":{"line":11,"column":58}},{"start":{"line":12,"column":11},"end":{"line":12,"column":61}}],"line":11},"5":{"loc":{"start":{"line":24,"column":4},"end":{"line":28,"column":5}},"type":"if","locations":[{"start":{"line":24,"column":4},"end":{"line":28,"column":5}},{"start":{"line":24,"column":4},"end":{"line":28,"column":5}}],"line":24},"6":{"loc":{"start":{"line":32,"column":8},"end":{"line":38,"column":9}},"type":"if","locations":[{"start":{"line":32,"column":8},"end":{"line":38,"column":9}},{"start":{"line":32,"column":8},"end":{"line":38,"column":9}}],"line":32},"7":{"loc":{"start":{"line":43,"column":6},"end":{"line":45,"column":7}},"type":"if","locations":[{"start":{"line":43,"column":6},"end":{"line":45,"column":7}},{"start":{"line":43,"column":6},"end":{"line":45,"column":7}}],"line":43},"8":{"loc":{"start":{"line":58,"column":4},"end":{"line":62,"column":5}},"type":"if","locations":[{"start":{"line":58,"column":4},"end":{"line":62,"column":5}},{"start":{"line":58,"column":4},"end":{"line":62,"column":5}}],"line":58},"9":{"loc":{"start":{"line":67,"column":8},"end":{"line":75,"column":9}},"type":"if","locations":[{"start":{"line":67,"column":8},"end":{"line":75,"column":9}},{"start":{"line":67,"column":8},"end":{"line":75,"column":9}}],"line":67},"10":{"loc":{"start":{"line":68,"column":10},"end":{"line":74,"column":11}},"type":"if","locations":[{"start":{"line":68,"column":10},"end":{"line":74,"column":11}},{"start":{"line":68,"column":10},"end":{"line":74,"column":11}}],"line":68},"11":{"loc":{"start":{"line":80,"column":6},"end":{"line":82,"column":7}},"type":"if","locations":[{"start":{"line":80,"column":6},"end":{"line":82,"column":7}},{"start":{"line":80,"column":6},"end":{"line":82,"column":7}}],"line":80}},"s":{"0":2,"1":3,"2":3,"3":3,"4":0,"5":0,"6":3,"7":0,"8":0,"9":0,"10":0,"11":0,"12":2,"13":1,"14":1,"15":0,"16":0,"17":0,"18":0,"19":0,"20":0,"21":0,"22":0,"23":0,"24":0,"25":0,"26":0,"27":0,"28":0,"29":0,"30":0,"31":0,"32":0,"33":0,"34":0,"35":0,"36":2,"37":1,"38":2,"39":1,"40":1,"41":0,"42":0,"43":0,"44":0,"45":0,"46":0,"47":0,"48":0,"49":0,"50":0,"51":0,"52":0,"53":0,"54":0,"55":0,"56":0,"57":0,"58":0,"59":0,"60":0,"61":0,"62":0,"63":0,"64":0},"f":{"0":3,"1":1,"2":0,"3":1,"4":1,"5":0},"b":{"0":[0,0],"1":[0,0],"2":[0,3],"3":[0,0],"4":[0,0],"5":[0,0],"6":[0,0],"7":[0,0],"8":[0,0],"9":[0,0],"10":[0,0],"11":[0,0]},"_coverageSchema":"1a1c01bbd47fc00a2c39e90264f33305004495a9","hash":"d9edadfa4023ead95b15d29ade82f35a6b21cf91"}
,"F:\\projet\\red_tetris_boilerplate\\src\\server\\helpers\\Socket.js": {"path":"F:\\projet\\red_tetris_boilerplate\\src\\server\\helpers\\Socket.js","statementMap":{"0":{"start":{"line":4,"column":31},"end":{"line":8,"column":1}},"1":{"start":{"line":5,"column":2},"end":{"line":7,"column":3}},"2":{"start":{"line":6,"column":4},"end":{"line":6,"column":38}},"3":{"start":{"line":10,"column":32},"end":{"line":20,"column":1}},"4":{"start":{"line":11,"column":2},"end":{"line":19,"column":5}},"5":{"start":{"line":12,"column":4},"end":{"line":12,"column":40}},"6":{"start":{"line":13,"column":4},"end":{"line":13,"column":33}},"7":{"start":{"line":14,"column":4},"end":{"line":14,"column":36}},"8":{"start":{"line":15,"column":4},"end":{"line":15,"column":66}},"9":{"start":{"line":16,"column":4},"end":{"line":18,"column":5}},"10":{"start":{"line":16,"column":17},"end":{"line":16,"column":18}},"11":{"start":{"line":17,"column":6},"end":{"line":17,"column":98}},"12":{"start":{"line":22,"column":25},"end":{"line":37,"column":1}},"13":{"start":{"line":23,"column":2},"end":{"line":36,"column":5}},"14":{"start":{"line":24,"column":4},"end":{"line":24,"column":44}},"15":{"start":{"line":25,"column":25},"end":{"line":25,"column":59}},"16":{"start":{"line":26,"column":4},"end":{"line":26,"column":70}},"17":{"start":{"line":27,"column":4},"end":{"line":34,"column":5}},"18":{"start":{"line":27,"column":17},"end":{"line":27,"column":18}},"19":{"start":{"line":28,"column":6},"end":{"line":33,"column":9}},"20":{"start":{"line":35,"column":4},"end":{"line":35,"column":39}},"21":{"start":{"line":40,"column":32},"end":{"line":54,"column":1}},"22":{"start":{"line":41,"column":2},"end":{"line":53,"column":5}},"23":{"start":{"line":42,"column":4},"end":{"line":42,"column":25}},"24":{"start":{"line":43,"column":4},"end":{"line":43,"column":25}},"25":{"start":{"line":44,"column":4},"end":{"line":44,"column":57}},"26":{"start":{"line":45,"column":4},"end":{"line":45,"column":25}},"27":{"start":{"line":46,"column":25},"end":{"line":46,"column":59}},"28":{"start":{"line":47,"column":4},"end":{"line":52,"column":7}},"29":{"start":{"line":56,"column":34},"end":{"line":63,"column":1}},"30":{"start":{"line":57,"column":2},"end":{"line":62,"column":3}},"31":{"start":{"line":57,"column":15},"end":{"line":57,"column":16}},"32":{"start":{"line":58,"column":4},"end":{"line":61,"column":5}},"33":{"start":{"line":59,"column":6},"end":{"line":59,"column":85}},"34":{"start":{"line":60,"column":6},"end":{"line":60,"column":85}},"35":{"start":{"line":65,"column":36},"end":{"line":78,"column":1}},"36":{"start":{"line":66,"column":2},"end":{"line":77,"column":5}},"37":{"start":{"line":67,"column":4},"end":{"line":76,"column":5}},"38":{"start":{"line":69,"column":8},"end":{"line":69,"column":80}},"39":{"start":{"line":70,"column":8},"end":{"line":70,"column":14}},"40":{"start":{"line":72,"column":8},"end":{"line":72,"column":79}},"41":{"start":{"line":73,"column":8},"end":{"line":73,"column":14}},"42":{"start":{"line":75,"column":8},"end":{"line":75,"column":14}},"43":{"start":{"line":80,"column":29},"end":{"line":85,"column":1}},"44":{"start":{"line":81,"column":2},"end":{"line":84,"column":3}},"45":{"start":{"line":82,"column":4},"end":{"line":82,"column":30}},"46":{"start":{"line":83,"column":4},"end":{"line":83,"column":69}},"47":{"start":{"line":87,"column":32},"end":{"line":89,"column":1}},"48":{"start":{"line":88,"column":2},"end":{"line":88,"column":55}},"49":{"start":{"line":91,"column":30},"end":{"line":100,"column":1}},"50":{"start":{"line":92,"column":2},"end":{"line":99,"column":5}},"51":{"start":{"line":93,"column":4},"end":{"line":97,"column":5}},"52":{"start":{"line":93,"column":17},"end":{"line":93,"column":18}},"53":{"start":{"line":94,"column":6},"end":{"line":96,"column":7}},"54":{"start":{"line":95,"column":8},"end":{"line":95,"column":51}},"55":{"start":{"line":98,"column":4},"end":{"line":98,"column":36}},"56":{"start":{"line":102,"column":32},"end":{"line":110,"column":1}},"57":{"start":{"line":103,"column":2},"end":{"line":109,"column":5}},"58":{"start":{"line":104,"column":4},"end":{"line":106,"column":5}},"59":{"start":{"line":104,"column":17},"end":{"line":104,"column":18}},"60":{"start":{"line":105,"column":6},"end":{"line":105,"column":45}},"61":{"start":{"line":107,"column":4},"end":{"line":107,"column":27}},"62":{"start":{"line":108,"column":4},"end":{"line":108,"column":40}},"63":{"start":{"line":112,"column":25},"end":{"line":114,"column":1}},"64":{"start":{"line":113,"column":2},"end":{"line":113,"column":45}}},"fnMap":{"0":{"name":"(anonymous_0)","decl":{"start":{"line":4,"column":31},"end":{"line":4,"column":32}},"loc":{"start":{"line":4,"column":48},"end":{"line":8,"column":1}},"line":4},"1":{"name":"(anonymous_1)","decl":{"start":{"line":10,"column":32},"end":{"line":10,"column":33}},"loc":{"start":{"line":10,"column":57},"end":{"line":20,"column":1}},"line":10},"2":{"name":"(anonymous_2)","decl":{"start":{"line":11,"column":26},"end":{"line":11,"column":27}},"loc":{"start":{"line":11,"column":32},"end":{"line":19,"column":3}},"line":11},"3":{"name":"(anonymous_3)","decl":{"start":{"line":22,"column":25},"end":{"line":22,"column":26}},"loc":{"start":{"line":22,"column":54},"end":{"line":37,"column":1}},"line":22},"4":{"name":"(anonymous_4)","decl":{"start":{"line":23,"column":25},"end":{"line":23,"column":26}},"loc":{"start":{"line":23,"column":42},"end":{"line":36,"column":3}},"line":23},"5":{"name":"(anonymous_5)","decl":{"start":{"line":40,"column":32},"end":{"line":40,"column":33}},"loc":{"start":{"line":40,"column":65},"end":{"line":54,"column":1}},"line":40},"6":{"name":"(anonymous_6)","decl":{"start":{"line":41,"column":32},"end":{"line":41,"column":33}},"loc":{"start":{"line":41,"column":61},"end":{"line":53,"column":3}},"line":41},"7":{"name":"(anonymous_7)","decl":{"start":{"line":56,"column":34},"end":{"line":56,"column":35}},"loc":{"start":{"line":56,"column":67},"end":{"line":63,"column":1}},"line":56},"8":{"name":"(anonymous_8)","decl":{"start":{"line":65,"column":36},"end":{"line":65,"column":37}},"loc":{"start":{"line":65,"column":69},"end":{"line":78,"column":1}},"line":65},"9":{"name":"(anonymous_9)","decl":{"start":{"line":66,"column":36},"end":{"line":66,"column":37}},"loc":{"start":{"line":66,"column":67},"end":{"line":77,"column":3}},"line":66},"10":{"name":"(anonymous_10)","decl":{"start":{"line":80,"column":29},"end":{"line":80,"column":30}},"loc":{"start":{"line":80,"column":62},"end":{"line":85,"column":1}},"line":80},"11":{"name":"(anonymous_11)","decl":{"start":{"line":87,"column":32},"end":{"line":87,"column":33}},"loc":{"start":{"line":87,"column":54},"end":{"line":89,"column":1}},"line":87},"12":{"name":"(anonymous_12)","decl":{"start":{"line":91,"column":30},"end":{"line":91,"column":31}},"loc":{"start":{"line":91,"column":55},"end":{"line":100,"column":1}},"line":91},"13":{"name":"(anonymous_13)","decl":{"start":{"line":92,"column":30},"end":{"line":92,"column":31}},"loc":{"start":{"line":92,"column":38},"end":{"line":99,"column":3}},"line":92},"14":{"name":"(anonymous_14)","decl":{"start":{"line":102,"column":32},"end":{"line":102,"column":33}},"loc":{"start":{"line":102,"column":57},"end":{"line":110,"column":1}},"line":102},"15":{"name":"(anonymous_15)","decl":{"start":{"line":103,"column":32},"end":{"line":103,"column":33}},"loc":{"start":{"line":103,"column":38},"end":{"line":109,"column":3}},"line":103},"16":{"name":"(anonymous_16)","decl":{"start":{"line":112,"column":25},"end":{"line":112,"column":26}},"loc":{"start":{"line":112,"column":37},"end":{"line":114,"column":1}},"line":112}},"branchMap":{"0":{"loc":{"start":{"line":5,"column":2},"end":{"line":7,"column":3}},"type":"if","locations":[{"start":{"line":5,"column":2},"end":{"line":7,"column":3}},{"start":{"line":5,"column":2},"end":{"line":7,"column":3}}],"line":5},"1":{"loc":{"start":{"line":58,"column":4},"end":{"line":61,"column":5}},"type":"if","locations":[{"start":{"line":58,"column":4},"end":{"line":61,"column":5}},{"start":{"line":58,"column":4},"end":{"line":61,"column":5}}],"line":58},"2":{"loc":{"start":{"line":67,"column":4},"end":{"line":76,"column":5}},"type":"switch","locations":[{"start":{"line":68,"column":6},"end":{"line":70,"column":14}},{"start":{"line":71,"column":6},"end":{"line":73,"column":14}},{"start":{"line":74,"column":6},"end":{"line":75,"column":14}}],"line":67},"3":{"loc":{"start":{"line":81,"column":2},"end":{"line":84,"column":3}},"type":"if","locations":[{"start":{"line":81,"column":2},"end":{"line":84,"column":3}},{"start":{"line":81,"column":2},"end":{"line":84,"column":3}}],"line":81},"4":{"loc":{"start":{"line":94,"column":6},"end":{"line":96,"column":7}},"type":"if","locations":[{"start":{"line":94,"column":6},"end":{"line":96,"column":7}},{"start":{"line":94,"column":6},"end":{"line":96,"column":7}}],"line":94}},"s":{"0":1,"1":2,"2":2,"3":1,"4":1,"5":1,"6":1,"7":1,"8":1,"9":1,"10":1,"11":0,"12":1,"13":1,"14":1,"15":1,"16":1,"17":1,"18":1,"19":0,"20":1,"21":1,"22":1,"23":1,"24":1,"25":1,"26":1,"27":1,"28":1,"29":1,"30":1,"31":1,"32":0,"33":0,"34":0,"35":1,"36":1,"37":1,"38":0,"39":0,"40":0,"41":0,"42":1,"43":1,"44":1,"45":0,"46":0,"47":1,"48":1,"49":1,"50":1,"51":1,"52":1,"53":0,"54":0,"55":1,"56":1,"57":1,"58":0,"59":0,"60":0,"61":0,"62":0,"63":1,"64":1},"f":{"0":2,"1":1,"2":1,"3":1,"4":1,"5":1,"6":1,"7":1,"8":1,"9":1,"10":1,"11":1,"12":1,"13":1,"14":1,"15":0,"16":1},"b":{"0":[2,0],"1":[0,0],"2":[0,0,1],"3":[0,1],"4":[0,0]},"_coverageSchema":"1a1c01bbd47fc00a2c39e90264f33305004495a9","hash":"9f6bb41a79d191664e46ddfb03a8caa3caa8897e"}
,"F:\\projet\\red_tetris_boilerplate\\src\\server\\tests\\helpers\\Socket.mock.js": {"path":"F:\\projet\\red_tetris_boilerplate\\src\\server\\tests\\helpers\\Socket.mock.js","statementMap":{"0":{"start":{"line":1,"column":13},"end":{"line":1,"column":15}},"1":{"start":{"line":3,"column":2},"end":{"line":3,"column":47}},"2":{"start":{"line":3,"column":32},"end":{"line":3,"column":45}},"3":{"start":{"line":5,"column":15},"end":{"line":13,"column":1}},"4":{"start":{"line":7,"column":4},"end":{"line":9,"column":5}},"5":{"start":{"line":8,"column":6},"end":{"line":8,"column":38}},"6":{"start":{"line":10,"column":4},"end":{"line":10,"column":27}},"7":{"start":{"line":14,"column":18},"end":{"line":18,"column":1}},"8":{"start":{"line":16,"column":4},"end":{"line":16,"column":18}},"9":{"start":{"line":21,"column":28},"end":{"line":21,"column":36}},"10":{"start":{"line":25,"column":2},"end":{"line":25,"column":13}}},"fnMap":{"0":{"name":"emit","decl":{"start":{"line":2,"column":9},"end":{"line":2,"column":13}},"loc":{"start":{"line":2,"column":30},"end":{"line":4,"column":1}},"line":2},"1":{"name":"(anonymous_1)","decl":{"start":{"line":3,"column":24},"end":{"line":3,"column":25}},"loc":{"start":{"line":3,"column":32},"end":{"line":3,"column":45}},"line":3},"2":{"name":"(anonymous_2)","decl":{"start":{"line":6,"column":2},"end":{"line":6,"column":3}},"loc":{"start":{"line":6,"column":18},"end":{"line":11,"column":3}},"line":6},"3":{"name":"(anonymous_3)","decl":{"start":{"line":15,"column":2},"end":{"line":15,"column":3}},"loc":{"start":{"line":15,"column":12},"end":{"line":17,"column":3}},"line":15},"4":{"name":"cleanup","decl":{"start":{"line":24,"column":16},"end":{"line":24,"column":23}},"loc":{"start":{"line":24,"column":26},"end":{"line":26,"column":1}},"line":24}},"branchMap":{"0":{"loc":{"start":{"line":7,"column":4},"end":{"line":9,"column":5}},"type":"if","locations":[{"start":{"line":7,"column":4},"end":{"line":9,"column":5}},{"start":{"line":7,"column":4},"end":{"line":9,"column":5}}],"line":7}},"s":{"0":2,"1":5,"2":5,"3":2,"4":6,"5":0,"6":6,"7":2,"8":2,"9":2,"10":0},"f":{"0":5,"1":5,"2":6,"3":2,"4":0},"b":{"0":[0,6]},"_coverageSchema":"1a1c01bbd47fc00a2c39e90264f33305004495a9","hash":"e34e3b579130e762ad4cbe9ab3253c54b9ea699e"}
}
