{"F:\\projet\\red_tetris_boilerplate\\src\\client\\index.jsx": {"path":"F:\\projet\\red_tetris_boilerplate\\src\\client\\index.jsx","statementMap":{"0":{"start":{"line":13,"column":14},"end":{"line":18,"column":1}},"1":{"start":{"line":21,"column":21},"end":{"line":36,"column":1}},"2":{"start":{"line":38,"column":14},"end":{"line":42,"column":1}},"3":{"start":{"line":44,"column":0},"end":{"line":53,"column":38}}},"fnMap":{},"branchMap":{},"s":{"0":0,"1":0,"2":0,"3":0},"f":{},"b":{}}
,"F:\\projet\\red_tetris_boilerplate\\src\\client\\actions\\alert.js": {"path":"F:\\projet\\red_tetris_boilerplate\\src\\client\\actions\\alert.js","statementMap":{"0":{"start":{"line":1,"column":25},"end":{"line":1,"column":36}},"1":{"start":{"line":3,"column":21},"end":{"line":6,"column":2}},"2":{"start":{"line":3,"column":35},"end":{"line":6,"column":1}}},"fnMap":{"0":{"name":"(anonymous_0)","decl":{"start":{"line":3,"column":21},"end":{"line":3,"column":22}},"loc":{"start":{"line":3,"column":35},"end":{"line":6,"column":1}},"line":3}},"branchMap":{},"s":{"0":0,"1":0,"2":0},"f":{"0":0},"b":{}}
,"F:\\projet\\red_tetris_boilerplate\\src\\client\\actions\\save.js": {"path":"F:\\projet\\red_tetris_boilerplate\\src\\client\\actions\\save.js","statementMap":{"0":{"start":{"line":7,"column":31},"end":{"line":10,"column":2}},"1":{"start":{"line":7,"column":43},"end":{"line":10,"column":1}},"2":{"start":{"line":12,"column":31},"end":{"line":15,"column":2}},"3":{"start":{"line":12,"column":43},"end":{"line":15,"column":1}},"4":{"start":{"line":17,"column":35},"end":{"line":20,"column":2}},"5":{"start":{"line":17,"column":51},"end":{"line":20,"column":1}},"6":{"start":{"line":22,"column":31},"end":{"line":25,"column":2}},"7":{"start":{"line":22,"column":43},"end":{"line":25,"column":1}},"8":{"start":{"line":27,"column":32},"end":{"line":30,"column":2}},"9":{"start":{"line":27,"column":45},"end":{"line":30,"column":1}},"10":{"start":{"line":32,"column":37},"end":{"line":35,"column":2}},"11":{"start":{"line":32,"column":55},"end":{"line":35,"column":1}},"12":{"start":{"line":37,"column":35},"end":{"line":40,"column":2}},"13":{"start":{"line":37,"column":51},"end":{"line":40,"column":1}},"14":{"start":{"line":42,"column":35},"end":{"line":45,"column":2}},"15":{"start":{"line":42,"column":51},"end":{"line":45,"column":1}},"16":{"start":{"line":47,"column":32},"end":{"line":50,"column":2}},"17":{"start":{"line":47,"column":44},"end":{"line":50,"column":1}},"18":{"start":{"line":52,"column":31},"end":{"line":55,"column":2}},"19":{"start":{"line":52,"column":43},"end":{"line":55,"column":1}},"20":{"start":{"line":57,"column":32},"end":{"line":60,"column":2}},"21":{"start":{"line":57,"column":45},"end":{"line":60,"column":1}},"22":{"start":{"line":62,"column":33},"end":{"line":65,"column":2}},"23":{"start":{"line":62,"column":47},"end":{"line":65,"column":1}},"24":{"start":{"line":67,"column":38},"end":{"line":70,"column":2}},"25":{"start":{"line":67,"column":51},"end":{"line":70,"column":1}},"26":{"start":{"line":72,"column":42},"end":{"line":75,"column":2}},"27":{"start":{"line":72,"column":65},"end":{"line":75,"column":1}}},"fnMap":{"0":{"name":"(anonymous_0)","decl":{"start":{"line":7,"column":31},"end":{"line":7,"column":32}},"loc":{"start":{"line":7,"column":43},"end":{"line":10,"column":1}},"line":7},"1":{"name":"(anonymous_1)","decl":{"start":{"line":12,"column":31},"end":{"line":12,"column":32}},"loc":{"start":{"line":12,"column":43},"end":{"line":15,"column":1}},"line":12},"2":{"name":"(anonymous_2)","decl":{"start":{"line":17,"column":35},"end":{"line":17,"column":36}},"loc":{"start":{"line":17,"column":51},"end":{"line":20,"column":1}},"line":17},"3":{"name":"(anonymous_3)","decl":{"start":{"line":22,"column":31},"end":{"line":22,"column":32}},"loc":{"start":{"line":22,"column":43},"end":{"line":25,"column":1}},"line":22},"4":{"name":"(anonymous_4)","decl":{"start":{"line":27,"column":32},"end":{"line":27,"column":33}},"loc":{"start":{"line":27,"column":45},"end":{"line":30,"column":1}},"line":27},"5":{"name":"(anonymous_5)","decl":{"start":{"line":32,"column":37},"end":{"line":32,"column":38}},"loc":{"start":{"line":32,"column":55},"end":{"line":35,"column":1}},"line":32},"6":{"name":"(anonymous_6)","decl":{"start":{"line":37,"column":35},"end":{"line":37,"column":36}},"loc":{"start":{"line":37,"column":51},"end":{"line":40,"column":1}},"line":37},"7":{"name":"(anonymous_7)","decl":{"start":{"line":42,"column":35},"end":{"line":42,"column":36}},"loc":{"start":{"line":42,"column":51},"end":{"line":45,"column":1}},"line":42},"8":{"name":"(anonymous_8)","decl":{"start":{"line":47,"column":32},"end":{"line":47,"column":33}},"loc":{"start":{"line":47,"column":44},"end":{"line":50,"column":1}},"line":47},"9":{"name":"(anonymous_9)","decl":{"start":{"line":52,"column":31},"end":{"line":52,"column":32}},"loc":{"start":{"line":52,"column":43},"end":{"line":55,"column":1}},"line":52},"10":{"name":"(anonymous_10)","decl":{"start":{"line":57,"column":32},"end":{"line":57,"column":33}},"loc":{"start":{"line":57,"column":45},"end":{"line":60,"column":1}},"line":57},"11":{"name":"(anonymous_11)","decl":{"start":{"line":62,"column":33},"end":{"line":62,"column":34}},"loc":{"start":{"line":62,"column":47},"end":{"line":65,"column":1}},"line":62},"12":{"name":"(anonymous_12)","decl":{"start":{"line":67,"column":38},"end":{"line":67,"column":39}},"loc":{"start":{"line":67,"column":51},"end":{"line":70,"column":1}},"line":67},"13":{"name":"(anonymous_13)","decl":{"start":{"line":72,"column":42},"end":{"line":72,"column":43}},"loc":{"start":{"line":72,"column":65},"end":{"line":75,"column":1}},"line":72}},"branchMap":{},"s":{"0":0,"1":0,"2":0,"3":0,"4":0,"5":0,"6":0,"7":0,"8":0,"9":0,"10":0,"11":0,"12":0,"13":0,"14":0,"15":0,"16":0,"17":0,"18":0,"19":0,"20":0,"21":0,"22":0,"23":0,"24":0,"25":0,"26":0,"27":0},"f":{"0":0,"1":0,"2":0,"3":0,"4":0,"5":0,"6":0,"7":0,"8":0,"9":0,"10":0,"11":0,"12":0,"13":0},"b":{}}
,"F:\\projet\\red_tetris_boilerplate\\src\\client\\actions\\server.js": {"path":"F:\\projet\\red_tetris_boilerplate\\src\\client\\actions\\server.js","statementMap":{"0":{"start":{"line":1,"column":20},"end":{"line":3,"column":2}},"1":{"start":{"line":1,"column":27},"end":{"line":3,"column":1}}},"fnMap":{"0":{"name":"(anonymous_0)","decl":{"start":{"line":1,"column":20},"end":{"line":1,"column":21}},"loc":{"start":{"line":1,"column":27},"end":{"line":3,"column":1}},"line":1}},"branchMap":{},"s":{"0":0,"1":0},"f":{"0":0},"b":{}}
,"F:\\projet\\red_tetris_boilerplate\\src\\client\\components\\Board.jsx": {"path":"F:\\projet\\red_tetris_boilerplate\\src\\client\\components\\Board.jsx","statementMap":{"0":{"start":{"line":18,"column":21},"end":{"line":32,"column":1}},"1":{"start":{"line":34,"column":25},"end":{"line":36,"column":1}},"2":{"start":{"line":38,"column":22},"end":{"line":53,"column":1}},"3":{"start":{"line":55,"column":26},"end":{"line":57,"column":1}},"4":{"start":{"line":59,"column":24},"end":{"line":73,"column":1}},"5":{"start":{"line":75,"column":28},"end":{"line":77,"column":1}},"6":{"start":{"line":79,"column":23},"end":{"line":93,"column":1}},"7":{"start":{"line":95,"column":27},"end":{"line":97,"column":1}},"8":{"start":{"line":99,"column":22},"end":{"line":110,"column":1}},"9":{"start":{"line":104,"column":31},"end":{"line":106,"column":3}},"10":{"start":{"line":107,"column":31},"end":{"line":109,"column":3}},"11":{"start":{"line":112,"column":20},"end":{"line":148,"column":1}},"12":{"start":{"line":118,"column":31},"end":{"line":118,"column":52}},"13":{"start":{"line":146,"column":51},"end":{"line":146,"column":72}},"14":{"start":{"line":146,"column":86},"end":{"line":146,"column":107}},"15":{"start":{"line":146,"column":122},"end":{"line":146,"column":149}},"16":{"start":{"line":150,"column":14},"end":{"line":150,"column":16}},"17":{"start":{"line":151,"column":15},"end":{"line":151,"column":17}},"18":{"start":{"line":153,"column":14},"end":{"line":176,"column":1}},"19":{"start":{"line":156,"column":6},"end":{"line":156,"column":11}},"20":{"start":{"line":157,"column":13},"end":{"line":157,"column":15}},"21":{"start":{"line":158,"column":2},"end":{"line":160,"column":3}},"22":{"start":{"line":159,"column":4},"end":{"line":159,"column":24}},"23":{"start":{"line":161,"column":16},"end":{"line":161,"column":44}},"24":{"start":{"line":162,"column":24},"end":{"line":162,"column":55}},"25":{"start":{"line":163,"column":2},"end":{"line":175,"column":4}},"26":{"start":{"line":164,"column":94},"end":{"line":164,"column":135}},"27":{"start":{"line":178,"column":16},"end":{"line":178,"column":20}},"28":{"start":{"line":179,"column":14},"end":{"line":179,"column":18}},"29":{"start":{"line":181,"column":0},"end":{"line":184,"column":2}},"30":{"start":{"line":183,"column":2},"end":{"line":183,"column":77}},"31":{"start":{"line":183,"column":34},"end":{"line":183,"column":60}},"32":{"start":{"line":186,"column":0},"end":{"line":196,"column":2}},"33":{"start":{"line":187,"column":2},"end":{"line":191,"column":3}},"34":{"start":{"line":188,"column":4},"end":{"line":188,"column":26}},"35":{"start":{"line":189,"column":4},"end":{"line":189,"column":29}},"36":{"start":{"line":190,"column":4},"end":{"line":190,"column":79}},"37":{"start":{"line":190,"column":36},"end":{"line":190,"column":62}},"38":{"start":{"line":192,"column":2},"end":{"line":195,"column":3}},"39":{"start":{"line":193,"column":4},"end":{"line":193,"column":61}},"40":{"start":{"line":194,"column":4},"end":{"line":194,"column":31}},"41":{"start":{"line":198,"column":0},"end":{"line":200,"column":2}},"42":{"start":{"line":199,"column":2},"end":{"line":199,"column":27}},"43":{"start":{"line":202,"column":24},"end":{"line":215,"column":2}},"44":{"start":{"line":202,"column":36},"end":{"line":215,"column":1}},"45":{"start":{"line":217,"column":27},"end":{"line":248,"column":2}},"46":{"start":{"line":217,"column":42},"end":{"line":248,"column":1}},"47":{"start":{"line":219,"column":4},"end":{"line":219,"column":37}},"48":{"start":{"line":222,"column":4},"end":{"line":222,"column":37}},"49":{"start":{"line":225,"column":4},"end":{"line":225,"column":45}},"50":{"start":{"line":228,"column":4},"end":{"line":228,"column":37}},"51":{"start":{"line":231,"column":4},"end":{"line":231,"column":39}},"52":{"start":{"line":234,"column":4},"end":{"line":234,"column":63}},"53":{"start":{"line":237,"column":4},"end":{"line":237,"column":45}},"54":{"start":{"line":240,"column":4},"end":{"line":240,"column":33}},"55":{"start":{"line":243,"column":4},"end":{"line":243,"column":37}},"56":{"start":{"line":246,"column":4},"end":{"line":246,"column":59}}},"fnMap":{"0":{"name":"(anonymous_0)","decl":{"start":{"line":104,"column":5},"end":{"line":104,"column":6}},"loc":{"start":{"line":104,"column":31},"end":{"line":106,"column":3}},"line":104},"1":{"name":"(anonymous_1)","decl":{"start":{"line":107,"column":5},"end":{"line":107,"column":6}},"loc":{"start":{"line":107,"column":31},"end":{"line":109,"column":3}},"line":107},"2":{"name":"(anonymous_2)","decl":{"start":{"line":118,"column":22},"end":{"line":118,"column":23}},"loc":{"start":{"line":118,"column":31},"end":{"line":118,"column":52}},"line":118},"3":{"name":"(anonymous_3)","decl":{"start":{"line":146,"column":42},"end":{"line":146,"column":43}},"loc":{"start":{"line":146,"column":51},"end":{"line":146,"column":72}},"line":146},"4":{"name":"(anonymous_4)","decl":{"start":{"line":146,"column":77},"end":{"line":146,"column":78}},"loc":{"start":{"line":146,"column":86},"end":{"line":146,"column":107}},"line":146},"5":{"name":"(anonymous_5)","decl":{"start":{"line":146,"column":113},"end":{"line":146,"column":114}},"loc":{"start":{"line":146,"column":122},"end":{"line":146,"column":149}},"line":146},"6":{"name":"(anonymous_6)","decl":{"start":{"line":153,"column":14},"end":{"line":153,"column":15}},"loc":{"start":{"line":153,"column":25},"end":{"line":176,"column":1}},"line":153},"7":{"name":"(anonymous_7)","decl":{"start":{"line":164,"column":85},"end":{"line":164,"column":86}},"loc":{"start":{"line":164,"column":92},"end":{"line":164,"column":137}},"line":164},"8":{"name":"(anonymous_8)","decl":{"start":{"line":181,"column":26},"end":{"line":181,"column":27}},"loc":{"start":{"line":181,"column":37},"end":{"line":184,"column":1}},"line":181},"9":{"name":"(anonymous_9)","decl":{"start":{"line":183,"column":26},"end":{"line":183,"column":27}},"loc":{"start":{"line":183,"column":32},"end":{"line":183,"column":62}},"line":183},"10":{"name":"(anonymous_10)","decl":{"start":{"line":186,"column":27},"end":{"line":186,"column":28}},"loc":{"start":{"line":186,"column":38},"end":{"line":196,"column":1}},"line":186},"11":{"name":"(anonymous_11)","decl":{"start":{"line":190,"column":28},"end":{"line":190,"column":29}},"loc":{"start":{"line":190,"column":34},"end":{"line":190,"column":64}},"line":190},"12":{"name":"(anonymous_12)","decl":{"start":{"line":198,"column":29},"end":{"line":198,"column":30}},"loc":{"start":{"line":198,"column":35},"end":{"line":200,"column":1}},"line":198},"13":{"name":"(anonymous_13)","decl":{"start":{"line":202,"column":24},"end":{"line":202,"column":25}},"loc":{"start":{"line":202,"column":36},"end":{"line":215,"column":1}},"line":202},"14":{"name":"(anonymous_14)","decl":{"start":{"line":217,"column":27},"end":{"line":217,"column":28}},"loc":{"start":{"line":217,"column":42},"end":{"line":248,"column":1}},"line":217},"15":{"name":"(anonymous_15)","decl":{"start":{"line":218,"column":13},"end":{"line":218,"column":14}},"loc":{"start":{"line":218,"column":24},"end":{"line":220,"column":3}},"line":218},"16":{"name":"(anonymous_16)","decl":{"start":{"line":221,"column":13},"end":{"line":221,"column":14}},"loc":{"start":{"line":221,"column":24},"end":{"line":223,"column":3}},"line":221},"17":{"name":"(anonymous_17)","decl":{"start":{"line":224,"column":17},"end":{"line":224,"column":18}},"loc":{"start":{"line":224,"column":32},"end":{"line":226,"column":3}},"line":224},"18":{"name":"(anonymous_18)","decl":{"start":{"line":227,"column":13},"end":{"line":227,"column":14}},"loc":{"start":{"line":227,"column":24},"end":{"line":229,"column":3}},"line":227},"19":{"name":"(anonymous_19)","decl":{"start":{"line":230,"column":14},"end":{"line":230,"column":15}},"loc":{"start":{"line":230,"column":26},"end":{"line":232,"column":3}},"line":230},"20":{"name":"(anonymous_20)","decl":{"start":{"line":233,"column":19},"end":{"line":233,"column":20}},"loc":{"start":{"line":233,"column":50},"end":{"line":235,"column":3}},"line":233},"21":{"name":"(anonymous_21)","decl":{"start":{"line":236,"column":17},"end":{"line":236,"column":18}},"loc":{"start":{"line":236,"column":32},"end":{"line":238,"column":3}},"line":236},"22":{"name":"(anonymous_22)","decl":{"start":{"line":239,"column":14},"end":{"line":239,"column":15}},"loc":{"start":{"line":239,"column":20},"end":{"line":241,"column":3}},"line":239},"23":{"name":"(anonymous_23)","decl":{"start":{"line":242,"column":13},"end":{"line":242,"column":14}},"loc":{"start":{"line":242,"column":24},"end":{"line":244,"column":3}},"line":242},"24":{"name":"(anonymous_24)","decl":{"start":{"line":245,"column":24},"end":{"line":245,"column":25}},"loc":{"start":{"line":245,"column":46},"end":{"line":247,"column":3}},"line":245}},"branchMap":{"0":{"loc":{"start":{"line":104,"column":31},"end":{"line":106,"column":3}},"type":"binary-expr","locations":[{"start":{"line":104,"column":31},"end":{"line":104,"column":53}},{"start":{"line":104,"column":58},"end":{"line":106,"column":3}}],"line":104},"1":{"loc":{"start":{"line":107,"column":31},"end":{"line":109,"column":3}},"type":"binary-expr","locations":[{"start":{"line":107,"column":31},"end":{"line":107,"column":53}},{"start":{"line":107,"column":58},"end":{"line":109,"column":3}}],"line":107},"2":{"loc":{"start":{"line":158,"column":2},"end":{"line":160,"column":3}},"type":"if","locations":[{"start":{"line":158,"column":2},"end":{"line":160,"column":3}},{"start":{"line":158,"column":2},"end":{"line":160,"column":3}}],"line":158},"3":{"loc":{"start":{"line":187,"column":2},"end":{"line":191,"column":3}},"type":"if","locations":[{"start":{"line":187,"column":2},"end":{"line":191,"column":3}},{"start":{"line":187,"column":2},"end":{"line":191,"column":3}}],"line":187},"4":{"loc":{"start":{"line":192,"column":2},"end":{"line":195,"column":3}},"type":"if","locations":[{"start":{"line":192,"column":2},"end":{"line":195,"column":3}},{"start":{"line":192,"column":2},"end":{"line":195,"column":3}}],"line":192}},"s":{"0":0,"1":0,"2":0,"3":0,"4":0,"5":0,"6":0,"7":0,"8":0,"9":0,"10":0,"11":0,"12":0,"13":0,"14":0,"15":0,"16":0,"17":0,"18":0,"19":0,"20":0,"21":0,"22":0,"23":0,"24":0,"25":0,"26":0,"27":0,"28":0,"29":0,"30":0,"31":0,"32":0,"33":0,"34":0,"35":0,"36":0,"37":0,"38":0,"39":0,"40":0,"41":0,"42":0,"43":0,"44":0,"45":0,"46":0,"47":0,"48":0,"49":0,"50":0,"51":0,"52":0,"53":0,"54":0,"55":0,"56":0},"f":{"0":0,"1":0,"2":0,"3":0,"4":0,"5":0,"6":0,"7":0,"8":0,"9":0,"10":0,"11":0,"12":0,"13":0,"14":0,"15":0,"16":0,"17":0,"18":0,"19":0,"20":0,"21":0,"22":0,"23":0,"24":0},"b":{"0":[0,0],"1":[0,0],"2":[0,0],"3":[0,0],"4":[0,0]}}
,"F:\\projet\\red_tetris_boilerplate\\src\\client\\components\\Brick.jsx": {"path":"F:\\projet\\red_tetris_boilerplate\\src\\client\\components\\Brick.jsx","statementMap":{"0":{"start":{"line":5,"column":20},"end":{"line":12,"column":1}},"1":{"start":{"line":14,"column":14},"end":{"line":23,"column":1}},"2":{"start":{"line":15,"column":20},"end":{"line":15,"column":40}},"3":{"start":{"line":16,"column":16},"end":{"line":19,"column":3}},"4":{"start":{"line":20,"column":2},"end":{"line":22,"column":4}}},"fnMap":{"0":{"name":"(anonymous_0)","decl":{"start":{"line":14,"column":14},"end":{"line":14,"column":15}},"loc":{"start":{"line":14,"column":35},"end":{"line":23,"column":1}},"line":14}},"branchMap":{},"s":{"0":0,"1":0,"2":0,"3":0,"4":0},"f":{"0":0},"b":{}}
,"F:\\projet\\red_tetris_boilerplate\\src\\client\\components\\Button.jsx": {"path":"F:\\projet\\red_tetris_boilerplate\\src\\client\\components\\Button.jsx","statementMap":{"0":{"start":{"line":8,"column":21},"end":{"line":22,"column":1}},"1":{"start":{"line":24,"column":15},"end":{"line":31,"column":1}},"2":{"start":{"line":25,"column":43},"end":{"line":25,"column":48}},"3":{"start":{"line":26,"column":2},"end":{"line":30,"column":4}},"4":{"start":{"line":27,"column":47},"end":{"line":27,"column":68}},"5":{"start":{"line":33,"column":27},"end":{"line":37,"column":2}},"6":{"start":{"line":33,"column":42},"end":{"line":37,"column":1}},"7":{"start":{"line":35,"column":4},"end":{"line":35,"column":45}}},"fnMap":{"0":{"name":"(anonymous_0)","decl":{"start":{"line":24,"column":15},"end":{"line":24,"column":16}},"loc":{"start":{"line":24,"column":26},"end":{"line":31,"column":1}},"line":24},"1":{"name":"(anonymous_1)","decl":{"start":{"line":27,"column":41},"end":{"line":27,"column":42}},"loc":{"start":{"line":27,"column":47},"end":{"line":27,"column":68}},"line":27},"2":{"name":"(anonymous_2)","decl":{"start":{"line":33,"column":27},"end":{"line":33,"column":28}},"loc":{"start":{"line":33,"column":42},"end":{"line":37,"column":1}},"line":33},"3":{"name":"(anonymous_3)","decl":{"start":{"line":34,"column":17},"end":{"line":34,"column":18}},"loc":{"start":{"line":34,"column":32},"end":{"line":36,"column":3}},"line":34}},"branchMap":{},"s":{"0":0,"1":0,"2":0,"3":0,"4":0,"5":0,"6":0,"7":0},"f":{"0":0,"1":0,"2":0,"3":0},"b":{}}
,"F:\\projet\\red_tetris_boilerplate\\src\\client\\components\\GameOver.jsx": {"path":"F:\\projet\\red_tetris_boilerplate\\src\\client\\components\\GameOver.jsx","statementMap":{"0":{"start":{"line":7,"column":17},"end":{"line":17,"column":1}},"1":{"start":{"line":8,"column":40},"end":{"line":8,"column":45}},"2":{"start":{"line":9,"column":2},"end":{"line":16,"column":4}},"3":{"start":{"line":19,"column":24},"end":{"line":22,"column":2}},"4":{"start":{"line":19,"column":36},"end":{"line":22,"column":1}},"5":{"start":{"line":24,"column":27},"end":{"line":28,"column":2}},"6":{"start":{"line":24,"column":42},"end":{"line":28,"column":1}},"7":{"start":{"line":26,"column":4},"end":{"line":26,"column":33}}},"fnMap":{"0":{"name":"(anonymous_0)","decl":{"start":{"line":7,"column":17},"end":{"line":7,"column":18}},"loc":{"start":{"line":7,"column":28},"end":{"line":17,"column":1}},"line":7},"1":{"name":"(anonymous_1)","decl":{"start":{"line":19,"column":24},"end":{"line":19,"column":25}},"loc":{"start":{"line":19,"column":36},"end":{"line":22,"column":1}},"line":19},"2":{"name":"(anonymous_2)","decl":{"start":{"line":24,"column":27},"end":{"line":24,"column":28}},"loc":{"start":{"line":24,"column":42},"end":{"line":28,"column":1}},"line":24},"3":{"name":"(anonymous_3)","decl":{"start":{"line":25,"column":14},"end":{"line":25,"column":15}},"loc":{"start":{"line":25,"column":20},"end":{"line":27,"column":3}},"line":25}},"branchMap":{},"s":{"0":0,"1":0,"2":0,"3":0,"4":0,"5":0,"6":0,"7":0},"f":{"0":0,"1":0,"2":0,"3":0},"b":{}}
,"F:\\projet\\red_tetris_boilerplate\\src\\client\\components\\GameState.jsx": {"path":"F:\\projet\\red_tetris_boilerplate\\src\\client\\components\\GameState.jsx","statementMap":{"0":{"start":{"line":19,"column":23},"end":{"line":22,"column":1}},"1":{"start":{"line":24,"column":18},"end":{"line":65,"column":1}},"2":{"start":{"line":25,"column":2},"end":{"line":64,"column":3}},"3":{"start":{"line":27,"column":6},"end":{"line":36,"column":8}},"4":{"start":{"line":38,"column":6},"end":{"line":42,"column":8}},"5":{"start":{"line":44,"column":6},"end":{"line":46,"column":8}},"6":{"start":{"line":48,"column":6},"end":{"line":50,"column":8}},"7":{"start":{"line":52,"column":6},"end":{"line":54,"column":8}},"8":{"start":{"line":56,"column":6},"end":{"line":58,"column":8}},"9":{"start":{"line":60,"column":6},"end":{"line":60,"column":23}},"10":{"start":{"line":61,"column":6},"end":{"line":61,"column":18}},"11":{"start":{"line":63,"column":6},"end":{"line":63,"column":18}},"12":{"start":{"line":67,"column":24},"end":{"line":69,"column":2}},"13":{"start":{"line":67,"column":36},"end":{"line":69,"column":1}}},"fnMap":{"0":{"name":"(anonymous_0)","decl":{"start":{"line":24,"column":18},"end":{"line":24,"column":19}},"loc":{"start":{"line":24,"column":37},"end":{"line":65,"column":1}},"line":24},"1":{"name":"(anonymous_1)","decl":{"start":{"line":67,"column":24},"end":{"line":67,"column":25}},"loc":{"start":{"line":67,"column":36},"end":{"line":69,"column":1}},"line":67}},"branchMap":{"0":{"loc":{"start":{"line":25,"column":2},"end":{"line":64,"column":3}},"type":"switch","locations":[{"start":{"line":26,"column":4},"end":{"line":36,"column":8}},{"start":{"line":37,"column":4},"end":{"line":42,"column":8}},{"start":{"line":43,"column":4},"end":{"line":46,"column":8}},{"start":{"line":47,"column":4},"end":{"line":50,"column":8}},{"start":{"line":51,"column":4},"end":{"line":54,"column":8}},{"start":{"line":55,"column":4},"end":{"line":58,"column":8}},{"start":{"line":59,"column":4},"end":{"line":61,"column":18}},{"start":{"line":62,"column":4},"end":{"line":63,"column":18}}],"line":25}},"s":{"0":0,"1":0,"2":0,"3":0,"4":0,"5":0,"6":0,"7":0,"8":0,"9":0,"10":0,"11":0,"12":0,"13":0},"f":{"0":0,"1":0},"b":{"0":[0,0,0,0,0,0,0,0]}}
,"F:\\projet\\red_tetris_boilerplate\\src\\client\\components\\JoinLobby.jsx": {"path":"F:\\projet\\red_tetris_boilerplate\\src\\client\\components\\JoinLobby.jsx","statementMap":{"0":{"start":{"line":4,"column":24},"end":{"line":6,"column":1}},"1":{"start":{"line":8,"column":18},"end":{"line":15,"column":1}},"2":{"start":{"line":9,"column":2},"end":{"line":14,"column":3}}},"fnMap":{"0":{"name":"(anonymous_0)","decl":{"start":{"line":8,"column":18},"end":{"line":8,"column":19}},"loc":{"start":{"line":8,"column":24},"end":{"line":15,"column":1}},"line":8}},"branchMap":{},"s":{"0":0,"1":0,"2":0},"f":{"0":0},"b":{}}
,"F:\\projet\\red_tetris_boilerplate\\src\\client\\components\\Lobby.jsx": {"path":"F:\\projet\\red_tetris_boilerplate\\src\\client\\components\\Lobby.jsx","statementMap":{"0":{"start":{"line":6,"column":14},"end":{"line":23,"column":1}},"1":{"start":{"line":7,"column":2},"end":{"line":15,"column":3}},"2":{"start":{"line":8,"column":4},"end":{"line":14,"column":6}},"3":{"start":{"line":16,"column":2},"end":{"line":22,"column":4}},"4":{"start":{"line":25,"column":24},"end":{"line":28,"column":2}},"5":{"start":{"line":25,"column":36},"end":{"line":28,"column":1}}},"fnMap":{"0":{"name":"(anonymous_0)","decl":{"start":{"line":6,"column":14},"end":{"line":6,"column":15}},"loc":{"start":{"line":6,"column":45},"end":{"line":23,"column":1}},"line":6},"1":{"name":"(anonymous_1)","decl":{"start":{"line":25,"column":24},"end":{"line":25,"column":25}},"loc":{"start":{"line":25,"column":36},"end":{"line":28,"column":1}},"line":25}},"branchMap":{"0":{"loc":{"start":{"line":7,"column":2},"end":{"line":15,"column":3}},"type":"if","locations":[{"start":{"line":7,"column":2},"end":{"line":15,"column":3}},{"start":{"line":7,"column":2},"end":{"line":15,"column":3}}],"line":7}},"s":{"0":0,"1":0,"2":0,"3":0,"4":0,"5":0},"f":{"0":0,"1":0},"b":{"0":[0,0]}}
,"F:\\projet\\red_tetris_boilerplate\\src\\client\\components\\Main.jsx": {"path":"F:\\projet\\red_tetris_boilerplate\\src\\client\\components\\Main.jsx","statementMap":{"0":{"start":{"line":5,"column":13},"end":{"line":12,"column":1}},"1":{"start":{"line":6,"column":2},"end":{"line":11,"column":4}}},"fnMap":{"0":{"name":"(anonymous_0)","decl":{"start":{"line":5,"column":13},"end":{"line":5,"column":14}},"loc":{"start":{"line":5,"column":19},"end":{"line":12,"column":1}},"line":5}},"branchMap":{},"s":{"0":0,"1":0},"f":{"0":0},"b":{}}
,"F:\\projet\\red_tetris_boilerplate\\src\\client\\components\\Menu.jsx": {"path":"F:\\projet\\red_tetris_boilerplate\\src\\client\\components\\Menu.jsx","statementMap":{"0":{"start":{"line":7,"column":13},"end":{"line":14,"column":1}},"1":{"start":{"line":8,"column":2},"end":{"line":13,"column":8}}},"fnMap":{"0":{"name":"(anonymous_0)","decl":{"start":{"line":7,"column":13},"end":{"line":7,"column":14}},"loc":{"start":{"line":8,"column":2},"end":{"line":13,"column":8}},"line":8}},"branchMap":{},"s":{"0":0,"1":0},"f":{"0":0},"b":{}}
,"F:\\projet\\red_tetris_boilerplate\\src\\client\\components\\MultiMenu.jsx": {"path":"F:\\projet\\red_tetris_boilerplate\\src\\client\\components\\MultiMenu.jsx","statementMap":{"0":{"start":{"line":5,"column":18},"end":{"line":10,"column":1}},"1":{"start":{"line":6,"column":2},"end":{"line":9,"column":8}}},"fnMap":{"0":{"name":"(anonymous_0)","decl":{"start":{"line":5,"column":18},"end":{"line":5,"column":19}},"loc":{"start":{"line":6,"column":2},"end":{"line":9,"column":8}},"line":6}},"branchMap":{},"s":{"0":0,"1":0},"f":{"0":0},"b":{}}
,"F:\\projet\\red_tetris_boilerplate\\src\\client\\components\\NextPiece.jsx": {"path":"F:\\projet\\red_tetris_boilerplate\\src\\client\\components\\NextPiece.jsx","statementMap":{"0":{"start":{"line":9,"column":29},"end":{"line":15,"column":1}},"1":{"start":{"line":17,"column":14},"end":{"line":17,"column":15}},"2":{"start":{"line":18,"column":15},"end":{"line":18,"column":16}},"3":{"start":{"line":20,"column":18},"end":{"line":43,"column":1}},"4":{"start":{"line":23,"column":6},"end":{"line":23,"column":11}},"5":{"start":{"line":24,"column":2},"end":{"line":26,"column":3}},"6":{"start":{"line":25,"column":4},"end":{"line":25,"column":16}},"7":{"start":{"line":27,"column":19},"end":{"line":27,"column":41}},"8":{"start":{"line":28,"column":2},"end":{"line":34,"column":4}},"9":{"start":{"line":30,"column":6},"end":{"line":30,"column":19}},"10":{"start":{"line":31,"column":6},"end":{"line":31,"column":19}},"11":{"start":{"line":32,"column":6},"end":{"line":32,"column":19}},"12":{"start":{"line":35,"column":16},"end":{"line":35,"column":44}},"13":{"start":{"line":36,"column":24},"end":{"line":36,"column":63}},"14":{"start":{"line":37,"column":2},"end":{"line":42,"column":4}},"15":{"start":{"line":45,"column":24},"end":{"line":47,"column":2}},"16":{"start":{"line":45,"column":36},"end":{"line":47,"column":1}}},"fnMap":{"0":{"name":"(anonymous_0)","decl":{"start":{"line":20,"column":18},"end":{"line":20,"column":19}},"loc":{"start":{"line":20,"column":29},"end":{"line":43,"column":1}},"line":20},"1":{"name":"(anonymous_1)","decl":{"start":{"line":29,"column":4},"end":{"line":29,"column":5}},"loc":{"start":{"line":29,"column":15},"end":{"line":33,"column":5}},"line":29},"2":{"name":"(anonymous_2)","decl":{"start":{"line":45,"column":24},"end":{"line":45,"column":25}},"loc":{"start":{"line":45,"column":36},"end":{"line":47,"column":1}},"line":45}},"branchMap":{"0":{"loc":{"start":{"line":24,"column":2},"end":{"line":26,"column":3}},"type":"if","locations":[{"start":{"line":24,"column":2},"end":{"line":26,"column":3}},{"start":{"line":24,"column":2},"end":{"line":26,"column":3}}],"line":24}},"s":{"0":0,"1":0,"2":0,"3":0,"4":0,"5":0,"6":0,"7":0,"8":0,"9":0,"10":0,"11":0,"12":0,"13":0,"14":0,"15":0,"16":0},"f":{"0":0,"1":0,"2":0},"b":{"0":[0,0]}}
,"F:\\projet\\red_tetris_boilerplate\\src\\client\\components\\Options.jsx": {"path":"F:\\projet\\red_tetris_boilerplate\\src\\client\\components\\Options.jsx","statementMap":{"0":{"start":{"line":4,"column":23},"end":{"line":13,"column":1}},"1":{"start":{"line":5,"column":2},"end":{"line":12,"column":3}},"2":{"start":{"line":15,"column":24},"end":{"line":19,"column":2}},"3":{"start":{"line":15,"column":36},"end":{"line":19,"column":1}},"4":{"start":{"line":21,"column":27},"end":{"line":31,"column":2}},"5":{"start":{"line":21,"column":42},"end":{"line":31,"column":1}},"6":{"start":{"line":23,"column":4},"end":{"line":23,"column":45}},"7":{"start":{"line":26,"column":4},"end":{"line":26,"column":33}},"8":{"start":{"line":29,"column":4},"end":{"line":29,"column":37}}},"fnMap":{"0":{"name":"(anonymous_0)","decl":{"start":{"line":4,"column":23},"end":{"line":4,"column":24}},"loc":{"start":{"line":4,"column":29},"end":{"line":13,"column":1}},"line":4},"1":{"name":"(anonymous_1)","decl":{"start":{"line":15,"column":24},"end":{"line":15,"column":25}},"loc":{"start":{"line":15,"column":36},"end":{"line":19,"column":1}},"line":15},"2":{"name":"(anonymous_2)","decl":{"start":{"line":21,"column":27},"end":{"line":21,"column":28}},"loc":{"start":{"line":21,"column":42},"end":{"line":31,"column":1}},"line":21},"3":{"name":"(anonymous_3)","decl":{"start":{"line":22,"column":17},"end":{"line":22,"column":18}},"loc":{"start":{"line":22,"column":32},"end":{"line":24,"column":3}},"line":22},"4":{"name":"(anonymous_4)","decl":{"start":{"line":25,"column":14},"end":{"line":25,"column":15}},"loc":{"start":{"line":25,"column":20},"end":{"line":27,"column":3}},"line":25},"5":{"name":"(anonymous_5)","decl":{"start":{"line":28,"column":13},"end":{"line":28,"column":14}},"loc":{"start":{"line":28,"column":24},"end":{"line":30,"column":3}},"line":28}},"branchMap":{},"s":{"0":0,"1":0,"2":0,"3":0,"4":0,"5":0,"6":0,"7":0,"8":0},"f":{"0":0,"1":0,"2":0,"3":0,"4":0,"5":0},"b":{}}
,"F:\\projet\\red_tetris_boilerplate\\src\\client\\components\\Piece.jsx": {"path":"F:\\projet\\red_tetris_boilerplate\\src\\client\\components\\Piece.jsx","statementMap":{"0":{"start":{"line":5,"column":14},"end":{"line":21,"column":1}},"1":{"start":{"line":6,"column":16},"end":{"line":15,"column":3}},"2":{"start":{"line":8,"column":30},"end":{"line":8,"column":35}},"3":{"start":{"line":9,"column":6},"end":{"line":12,"column":7}},"4":{"start":{"line":10,"column":22},"end":{"line":10,"column":42}},"5":{"start":{"line":11,"column":8},"end":{"line":11,"column":65}},"6":{"start":{"line":13,"column":6},"end":{"line":13,"column":19}},"7":{"start":{"line":16,"column":2},"end":{"line":20,"column":4}}},"fnMap":{"0":{"name":"(anonymous_0)","decl":{"start":{"line":5,"column":14},"end":{"line":5,"column":15}},"loc":{"start":{"line":5,"column":30},"end":{"line":21,"column":1}},"line":5},"1":{"name":"(anonymous_1)","decl":{"start":{"line":7,"column":4},"end":{"line":7,"column":5}},"loc":{"start":{"line":7,"column":15},"end":{"line":14,"column":5}},"line":7}},"branchMap":{"0":{"loc":{"start":{"line":9,"column":6},"end":{"line":12,"column":7}},"type":"if","locations":[{"start":{"line":9,"column":6},"end":{"line":12,"column":7}},{"start":{"line":9,"column":6},"end":{"line":12,"column":7}}],"line":9}},"s":{"0":0,"1":0,"2":0,"3":0,"4":0,"5":0,"6":0,"7":0},"f":{"0":0,"1":0},"b":{"0":[0,0]}}
,"F:\\projet\\red_tetris_boilerplate\\src\\client\\components\\Score.jsx": {"path":"F:\\projet\\red_tetris_boilerplate\\src\\client\\components\\Score.jsx","statementMap":{"0":{"start":{"line":5,"column":23},"end":{"line":7,"column":1}},"1":{"start":{"line":9,"column":24},"end":{"line":20,"column":1}},"2":{"start":{"line":18,"column":22},"end":{"line":18,"column":43}},"3":{"start":{"line":22,"column":14},"end":{"line":46,"column":1}},"4":{"start":{"line":25,"column":6},"end":{"line":25,"column":11}},"5":{"start":{"line":26,"column":2},"end":{"line":45,"column":4}},"6":{"start":{"line":48,"column":24},"end":{"line":53,"column":2}},"7":{"start":{"line":48,"column":36},"end":{"line":53,"column":1}}},"fnMap":{"0":{"name":"(anonymous_0)","decl":{"start":{"line":18,"column":13},"end":{"line":18,"column":14}},"loc":{"start":{"line":18,"column":22},"end":{"line":18,"column":43}},"line":18},"1":{"name":"(anonymous_1)","decl":{"start":{"line":22,"column":14},"end":{"line":22,"column":15}},"loc":{"start":{"line":22,"column":25},"end":{"line":46,"column":1}},"line":22},"2":{"name":"(anonymous_2)","decl":{"start":{"line":48,"column":24},"end":{"line":48,"column":25}},"loc":{"start":{"line":48,"column":36},"end":{"line":53,"column":1}},"line":48}},"branchMap":{},"s":{"0":0,"1":0,"2":0,"3":0,"4":0,"5":0,"6":0,"7":0},"f":{"0":0,"1":0,"2":0},"b":{}}
,"F:\\projet\\red_tetris_boilerplate\\src\\client\\components\\Socket.jsx": {"path":"F:\\projet\\red_tetris_boilerplate\\src\\client\\components\\Socket.jsx","statementMap":{"0":{"start":{"line":7,"column":15},"end":{"line":20,"column":1}},"1":{"start":{"line":11,"column":2},"end":{"line":11,"column":17}},"2":{"start":{"line":12,"column":2},"end":{"line":12,"column":28}},"3":{"start":{"line":13,"column":2},"end":{"line":13,"column":55}},"4":{"start":{"line":14,"column":2},"end":{"line":14,"column":51}},"5":{"start":{"line":15,"column":2},"end":{"line":15,"column":40}},"6":{"start":{"line":19,"column":2},"end":{"line":19,"column":14}},"7":{"start":{"line":26,"column":27},"end":{"line":42,"column":2}},"8":{"start":{"line":26,"column":42},"end":{"line":42,"column":1}},"9":{"start":{"line":28,"column":4},"end":{"line":28,"column":37}},"10":{"start":{"line":31,"column":4},"end":{"line":31,"column":41}},"11":{"start":{"line":34,"column":4},"end":{"line":34,"column":45}},"12":{"start":{"line":37,"column":4},"end":{"line":37,"column":45}},"13":{"start":{"line":40,"column":4},"end":{"line":40,"column":45}}},"fnMap":{"0":{"name":"(anonymous_0)","decl":{"start":{"line":7,"column":15},"end":{"line":7,"column":16}},"loc":{"start":{"line":10,"column":6},"end":{"line":20,"column":1}},"line":10},"1":{"name":"(anonymous_1)","decl":{"start":{"line":26,"column":27},"end":{"line":26,"column":28}},"loc":{"start":{"line":26,"column":42},"end":{"line":42,"column":1}},"line":26},"2":{"name":"(anonymous_2)","decl":{"start":{"line":27,"column":13},"end":{"line":27,"column":14}},"loc":{"start":{"line":27,"column":24},"end":{"line":29,"column":3}},"line":27},"3":{"name":"(anonymous_3)","decl":{"start":{"line":30,"column":15},"end":{"line":30,"column":16}},"loc":{"start":{"line":30,"column":28},"end":{"line":32,"column":3}},"line":30},"4":{"name":"(anonymous_4)","decl":{"start":{"line":33,"column":17},"end":{"line":33,"column":18}},"loc":{"start":{"line":33,"column":32},"end":{"line":35,"column":3}},"line":33},"5":{"name":"(anonymous_5)","decl":{"start":{"line":36,"column":17},"end":{"line":36,"column":18}},"loc":{"start":{"line":36,"column":32},"end":{"line":38,"column":3}},"line":36},"6":{"name":"(anonymous_6)","decl":{"start":{"line":39,"column":20},"end":{"line":39,"column":21}},"loc":{"start":{"line":39,"column":32},"end":{"line":41,"column":3}},"line":39}},"branchMap":{},"s":{"0":0,"1":0,"2":0,"3":0,"4":0,"5":0,"6":0,"7":0,"8":0,"9":0,"10":0,"11":0,"12":0,"13":0},"f":{"0":0,"1":0,"2":0,"3":0,"4":0,"5":0,"6":0},"b":{}}
,"F:\\projet\\red_tetris_boilerplate\\src\\client\\components\\Spectre.jsx": {"path":"F:\\projet\\red_tetris_boilerplate\\src\\client\\components\\Spectre.jsx","statementMap":{"0":{"start":{"line":6,"column":20},"end":{"line":12,"column":1}},"1":{"start":{"line":14,"column":14},"end":{"line":14,"column":16}},"2":{"start":{"line":15,"column":15},"end":{"line":15,"column":17}},"3":{"start":{"line":17,"column":16},"end":{"line":28,"column":1}},"4":{"start":{"line":18,"column":31},"end":{"line":18,"column":36}},"5":{"start":{"line":19,"column":13},"end":{"line":19,"column":15}},"6":{"start":{"line":20,"column":16},"end":{"line":20,"column":44}},"7":{"start":{"line":21,"column":24},"end":{"line":21,"column":55}},"8":{"start":{"line":22,"column":2},"end":{"line":27,"column":4}}},"fnMap":{"0":{"name":"(anonymous_0)","decl":{"start":{"line":17,"column":16},"end":{"line":17,"column":17}},"loc":{"start":{"line":17,"column":27},"end":{"line":28,"column":1}},"line":17}},"branchMap":{},"s":{"0":0,"1":0,"2":0,"3":0,"4":0,"5":0,"6":0,"7":0,"8":0},"f":{"0":0},"b":{}}
,"F:\\projet\\red_tetris_boilerplate\\src\\client\\components\\SpectreList.jsx": {"path":"F:\\projet\\red_tetris_boilerplate\\src\\client\\components\\SpectreList.jsx","statementMap":{"0":{"start":{"line":6,"column":23},"end":{"line":13,"column":1}},"1":{"start":{"line":15,"column":20},"end":{"line":28,"column":1}},"2":{"start":{"line":16,"column":27},"end":{"line":16,"column":32}},"3":{"start":{"line":17,"column":18},"end":{"line":22,"column":3}},"4":{"start":{"line":19,"column":35},"end":{"line":19,"column":43}},"5":{"start":{"line":20,"column":6},"end":{"line":20,"column":63}},"6":{"start":{"line":23,"column":2},"end":{"line":27,"column":4}},"7":{"start":{"line":30,"column":24},"end":{"line":32,"column":2}},"8":{"start":{"line":30,"column":36},"end":{"line":32,"column":1}}},"fnMap":{"0":{"name":"(anonymous_0)","decl":{"start":{"line":15,"column":20},"end":{"line":15,"column":21}},"loc":{"start":{"line":15,"column":31},"end":{"line":28,"column":1}},"line":15},"1":{"name":"(anonymous_1)","decl":{"start":{"line":18,"column":4},"end":{"line":18,"column":5}},"loc":{"start":{"line":18,"column":16},"end":{"line":21,"column":5}},"line":18},"2":{"name":"(anonymous_2)","decl":{"start":{"line":30,"column":24},"end":{"line":30,"column":25}},"loc":{"start":{"line":30,"column":36},"end":{"line":32,"column":1}},"line":30}},"branchMap":{},"s":{"0":0,"1":0,"2":0,"3":0,"4":0,"5":0,"6":0,"7":0,"8":0},"f":{"0":0,"1":0,"2":0},"b":{}}
,"F:\\projet\\red_tetris_boilerplate\\src\\client\\constants\\collisionConstants.js": {"path":"F:\\projet\\red_tetris_boilerplate\\src\\client\\constants\\collisionConstants.js","statementMap":{"0":{"start":{"line":1,"column":31},"end":{"line":1,"column":32}},"1":{"start":{"line":2,"column":30},"end":{"line":2,"column":31}},"2":{"start":{"line":3,"column":34},"end":{"line":3,"column":35}},"3":{"start":{"line":4,"column":28},"end":{"line":4,"column":29}}},"fnMap":{},"branchMap":{},"s":{"0":1,"1":1,"2":1,"3":1},"f":{},"b":{},"_coverageSchema":"1a1c01bbd47fc00a2c39e90264f33305004495a9","hash":"e3564bb2316a2738948ae8cebf7b3507bc31eb1f"}
,"F:\\projet\\red_tetris_boilerplate\\src\\client\\constants\\keyBoardConstants.js": {"path":"F:\\projet\\red_tetris_boilerplate\\src\\client\\constants\\keyBoardConstants.js","statementMap":{"0":{"start":{"line":1,"column":20},"end":{"line":1,"column":22}},"1":{"start":{"line":2,"column":21},"end":{"line":2,"column":23}},"2":{"start":{"line":3,"column":20},"end":{"line":3,"column":22}},"3":{"start":{"line":4,"column":18},"end":{"line":4,"column":20}},"4":{"start":{"line":5,"column":21},"end":{"line":5,"column":23}},"5":{"start":{"line":6,"column":19},"end":{"line":6,"column":21}}},"fnMap":{},"branchMap":{},"s":{"0":1,"1":1,"2":1,"3":1,"4":1,"5":1},"f":{},"b":{},"_coverageSchema":"1a1c01bbd47fc00a2c39e90264f33305004495a9","hash":"4962c99fabf11e7744358f5f45eae8701d507007"}
,"F:\\projet\\red_tetris_boilerplate\\src\\client\\constants\\menuConstants.js": {"path":"F:\\projet\\red_tetris_boilerplate\\src\\client\\constants\\menuConstants.js","statementMap":{"0":{"start":{"line":1,"column":25},"end":{"line":1,"column":26}},"1":{"start":{"line":2,"column":27},"end":{"line":2,"column":28}},"2":{"start":{"line":3,"column":26},"end":{"line":3,"column":27}},"3":{"start":{"line":4,"column":23},"end":{"line":4,"column":24}}},"fnMap":{},"branchMap":{},"s":{"0":0,"1":0,"2":0,"3":0},"f":{},"b":{}}
,"F:\\projet\\red_tetris_boilerplate\\src\\client\\constants\\piecesConstants.js": {"path":"F:\\projet\\red_tetris_boilerplate\\src\\client\\constants\\piecesConstants.js","statementMap":{"0":{"start":{"line":1,"column":17},"end":{"line":1,"column":20}},"1":{"start":{"line":2,"column":17},"end":{"line":2,"column":20}},"2":{"start":{"line":3,"column":17},"end":{"line":3,"column":20}},"3":{"start":{"line":4,"column":17},"end":{"line":4,"column":20}},"4":{"start":{"line":5,"column":17},"end":{"line":5,"column":20}},"5":{"start":{"line":6,"column":17},"end":{"line":6,"column":20}},"6":{"start":{"line":7,"column":17},"end":{"line":7,"column":20}},"7":{"start":{"line":9,"column":24},"end":{"line":14,"column":1}},"8":{"start":{"line":16,"column":24},"end":{"line":21,"column":1}},"9":{"start":{"line":23,"column":24},"end":{"line":28,"column":1}},"10":{"start":{"line":30,"column":24},"end":{"line":35,"column":1}},"11":{"start":{"line":37,"column":24},"end":{"line":42,"column":1}},"12":{"start":{"line":44,"column":24},"end":{"line":49,"column":1}},"13":{"start":{"line":51,"column":24},"end":{"line":56,"column":1}}},"fnMap":{},"branchMap":{},"s":{"0":0,"1":0,"2":0,"3":0,"4":0,"5":0,"6":0,"7":0,"8":0,"9":0,"10":0,"11":0,"12":0,"13":0},"f":{},"b":{}}
,"F:\\projet\\red_tetris_boilerplate\\src\\client\\constants\\rotateConstants.js": {"path":"F:\\projet\\red_tetris_boilerplate\\src\\client\\constants\\rotateConstants.js","statementMap":{"0":{"start":{"line":1,"column":23},"end":{"line":1,"column":32}},"1":{"start":{"line":2,"column":23},"end":{"line":2,"column":32}},"2":{"start":{"line":3,"column":23},"end":{"line":3,"column":32}},"3":{"start":{"line":4,"column":23},"end":{"line":4,"column":32}},"4":{"start":{"line":5,"column":24},"end":{"line":30,"column":1}},"5":{"start":{"line":32,"column":24},"end":{"line":57,"column":1}},"6":{"start":{"line":59,"column":24},"end":{"line":84,"column":1}},"7":{"start":{"line":86,"column":24},"end":{"line":111,"column":1}},"8":{"start":{"line":113,"column":24},"end":{"line":138,"column":1}},"9":{"start":{"line":140,"column":24},"end":{"line":165,"column":1}},"10":{"start":{"line":167,"column":24},"end":{"line":192,"column":1}},"11":{"start":{"line":194,"column":32},"end":{"line":223,"column":1}},"12":{"start":{"line":225,"column":26},"end":{"line":254,"column":1}}},"fnMap":{},"branchMap":{},"s":{"0":0,"1":0,"2":0,"3":0,"4":0,"5":0,"6":0,"7":0,"8":0,"9":0,"10":0,"11":0,"12":0},"f":{},"b":{}}
,"F:\\projet\\red_tetris_boilerplate\\src\\client\\constants\\saveConstants.js": {"path":"F:\\projet\\red_tetris_boilerplate\\src\\client\\constants\\saveConstants.js","statementMap":{"0":{"start":{"line":1,"column":26},"end":{"line":1,"column":38}},"1":{"start":{"line":2,"column":26},"end":{"line":2,"column":38}},"2":{"start":{"line":3,"column":28},"end":{"line":3,"column":41}},"3":{"start":{"line":4,"column":31},"end":{"line":4,"column":48}},"4":{"start":{"line":5,"column":26},"end":{"line":5,"column":38}},"5":{"start":{"line":6,"column":27},"end":{"line":6,"column":40}},"6":{"start":{"line":7,"column":33},"end":{"line":7,"column":52}},"7":{"start":{"line":8,"column":31},"end":{"line":8,"column":48}},"8":{"start":{"line":9,"column":32},"end":{"line":9,"column":50}},"9":{"start":{"line":10,"column":27},"end":{"line":10,"column":40}},"10":{"start":{"line":11,"column":26},"end":{"line":11,"column":38}},"11":{"start":{"line":12,"column":31},"end":{"line":12,"column":48}},"12":{"start":{"line":13,"column":27},"end":{"line":13,"column":40}},"13":{"start":{"line":14,"column":29},"end":{"line":14,"column":44}},"14":{"start":{"line":15,"column":34},"end":{"line":15,"column":54}},"15":{"start":{"line":16,"column":39},"end":{"line":16,"column":64}}},"fnMap":{},"branchMap":{},"s":{"0":0,"1":0,"2":0,"3":0,"4":0,"5":0,"6":0,"7":0,"8":0,"9":0,"10":0,"11":0,"12":0,"13":0,"14":0,"15":0},"f":{},"b":{}}
,"F:\\projet\\red_tetris_boilerplate\\src\\client\\constants\\statusConstants.js": {"path":"F:\\projet\\red_tetris_boilerplate\\src\\client\\constants\\statusConstants.js","statementMap":{"0":{"start":{"line":1,"column":23},"end":{"line":1,"column":32}},"1":{"start":{"line":2,"column":26},"end":{"line":2,"column":38}},"2":{"start":{"line":3,"column":23},"end":{"line":3,"column":32}},"3":{"start":{"line":4,"column":23},"end":{"line":4,"column":32}},"4":{"start":{"line":5,"column":24},"end":{"line":5,"column":34}},"5":{"start":{"line":6,"column":24},"end":{"line":6,"column":34}},"6":{"start":{"line":7,"column":23},"end":{"line":7,"column":32}},"7":{"start":{"line":8,"column":25},"end":{"line":8,"column":36}},"8":{"start":{"line":9,"column":26},"end":{"line":9,"column":38}},"9":{"start":{"line":10,"column":26},"end":{"line":10,"column":38}}},"fnMap":{},"branchMap":{},"s":{"0":0,"1":0,"2":0,"3":0,"4":0,"5":0,"6":0,"7":0,"8":0,"9":0},"f":{},"b":{}}
,"F:\\projet\\red_tetris_boilerplate\\src\\client\\containers\\app.jsx": {"path":"F:\\projet\\red_tetris_boilerplate\\src\\client\\containers\\app.jsx","statementMap":{"0":{"start":{"line":4,"column":12},"end":{"line":6,"column":1}},"1":{"start":{"line":5,"column":2},"end":{"line":5,"column":24}},"2":{"start":{"line":8,"column":24},"end":{"line":10,"column":2}},"3":{"start":{"line":8,"column":36},"end":{"line":10,"column":1}}},"fnMap":{"0":{"name":"(anonymous_0)","decl":{"start":{"line":4,"column":12},"end":{"line":4,"column":13}},"loc":{"start":{"line":5,"column":2},"end":{"line":5,"column":24}},"line":5},"1":{"name":"(anonymous_1)","decl":{"start":{"line":8,"column":24},"end":{"line":8,"column":25}},"loc":{"start":{"line":8,"column":36},"end":{"line":10,"column":1}},"line":8}},"branchMap":{},"s":{"0":0,"1":0,"2":0,"3":0},"f":{"0":0,"1":0},"b":{}}
,"F:\\projet\\red_tetris_boilerplate\\src\\client\\helpers\\BoardGeneration.js": {"path":"F:\\projet\\red_tetris_boilerplate\\src\\client\\helpers\\BoardGeneration.js","statementMap":{"0":{"start":{"line":2,"column":20},"end":{"line":15,"column":1}},"1":{"start":{"line":3,"column":16},"end":{"line":3,"column":18}},"2":{"start":{"line":4,"column":2},"end":{"line":13,"column":3}},"3":{"start":{"line":4,"column":15},"end":{"line":4,"column":16}},"4":{"start":{"line":5,"column":4},"end":{"line":12,"column":5}},"5":{"start":{"line":5,"column":17},"end":{"line":5,"column":18}},"6":{"start":{"line":6,"column":25},"end":{"line":10,"column":7}},"7":{"start":{"line":11,"column":6},"end":{"line":11,"column":29}},"8":{"start":{"line":14,"column":2},"end":{"line":14,"column":15}},"9":{"start":{"line":19,"column":19},"end":{"line":33,"column":1}},"10":{"start":{"line":20,"column":2},"end":{"line":25,"column":3}},"11":{"start":{"line":21,"column":18},"end":{"line":21,"column":30}},"12":{"start":{"line":22,"column":4},"end":{"line":24,"column":5}},"13":{"start":{"line":23,"column":6},"end":{"line":23,"column":19}},"14":{"start":{"line":26,"column":2},"end":{"line":31,"column":3}},"15":{"start":{"line":27,"column":18},"end":{"line":27,"column":30}},"16":{"start":{"line":28,"column":4},"end":{"line":30,"column":5}},"17":{"start":{"line":29,"column":6},"end":{"line":29,"column":19}},"18":{"start":{"line":32,"column":2},"end":{"line":32,"column":14}},"19":{"start":{"line":35,"column":18},"end":{"line":44,"column":1}},"20":{"start":{"line":36,"column":2},"end":{"line":42,"column":3}},"21":{"start":{"line":36,"column":15},"end":{"line":36,"column":16}},"22":{"start":{"line":37,"column":23},"end":{"line":37,"column":31}},"23":{"start":{"line":38,"column":4},"end":{"line":41,"column":5}},"24":{"start":{"line":39,"column":6},"end":{"line":39,"column":25}},"25":{"start":{"line":40,"column":6},"end":{"line":40,"column":10}},"26":{"start":{"line":43,"column":2},"end":{"line":43,"column":15}},"27":{"start":{"line":46,"column":24},"end":{"line":50,"column":1}}},"fnMap":{"0":{"name":"(anonymous_0)","decl":{"start":{"line":2,"column":20},"end":{"line":2,"column":21}},"loc":{"start":{"line":2,"column":39},"end":{"line":15,"column":1}},"line":2},"1":{"name":"(anonymous_1)","decl":{"start":{"line":19,"column":19},"end":{"line":19,"column":20}},"loc":{"start":{"line":19,"column":49},"end":{"line":33,"column":1}},"line":19},"2":{"name":"(anonymous_2)","decl":{"start":{"line":35,"column":18},"end":{"line":35,"column":19}},"loc":{"start":{"line":35,"column":43},"end":{"line":44,"column":1}},"line":35}},"branchMap":{"0":{"loc":{"start":{"line":22,"column":4},"end":{"line":24,"column":5}},"type":"if","locations":[{"start":{"line":22,"column":4},"end":{"line":24,"column":5}},{"start":{"line":22,"column":4},"end":{"line":24,"column":5}}],"line":22},"1":{"loc":{"start":{"line":22,"column":8},"end":{"line":22,"column":60}},"type":"binary-expr","locations":[{"start":{"line":22,"column":8},"end":{"line":22,"column":32}},{"start":{"line":22,"column":36},"end":{"line":22,"column":60}}],"line":22},"2":{"loc":{"start":{"line":28,"column":4},"end":{"line":30,"column":5}},"type":"if","locations":[{"start":{"line":28,"column":4},"end":{"line":30,"column":5}},{"start":{"line":28,"column":4},"end":{"line":30,"column":5}}],"line":28},"3":{"loc":{"start":{"line":28,"column":8},"end":{"line":28,"column":60}},"type":"binary-expr","locations":[{"start":{"line":28,"column":8},"end":{"line":28,"column":32}},{"start":{"line":28,"column":36},"end":{"line":28,"column":60}}],"line":28},"4":{"loc":{"start":{"line":38,"column":4},"end":{"line":41,"column":5}},"type":"if","locations":[{"start":{"line":38,"column":4},"end":{"line":41,"column":5}},{"start":{"line":38,"column":4},"end":{"line":41,"column":5}}],"line":38}},"s":{"0":1,"1":1,"2":1,"3":1,"4":20,"5":20,"6":200,"7":200,"8":1,"9":1,"10":2,"11":7,"12":7,"13":1,"14":1,"15":4,"16":4,"17":0,"18":1,"19":1,"20":1,"21":1,"22":4,"23":4,"24":0,"25":0,"26":1,"27":1},"f":{"0":1,"1":2,"2":1},"b":{"0":[1,6],"1":[7,4],"2":[0,4],"3":[4,2],"4":[0,4]},"_coverageSchema":"1a1c01bbd47fc00a2c39e90264f33305004495a9","hash":"a6d59760b952f1dd34da7d9f272de480346dc037"}
,"F:\\projet\\red_tetris_boilerplate\\src\\client\\helpers\\GameOver.js": {"path":"F:\\projet\\red_tetris_boilerplate\\src\\client\\helpers\\GameOver.js","statementMap":{"0":{"start":{"line":1,"column":27},"end":{"line":12,"column":1}},"1":{"start":{"line":2,"column":12},"end":{"line":2,"column":13}},"2":{"start":{"line":3,"column":12},"end":{"line":3,"column":13}},"3":{"start":{"line":4,"column":2},"end":{"line":10,"column":3}},"4":{"start":{"line":4,"column":15},"end":{"line":4,"column":16}},"5":{"start":{"line":5,"column":4},"end":{"line":9,"column":5}},"6":{"start":{"line":6,"column":6},"end":{"line":8,"column":7}},"7":{"start":{"line":7,"column":8},"end":{"line":7,"column":20}},"8":{"start":{"line":11,"column":2},"end":{"line":11,"column":15}},"9":{"start":{"line":14,"column":29},"end":{"line":21,"column":1}},"10":{"start":{"line":15,"column":2},"end":{"line":19,"column":3}},"11":{"start":{"line":15,"column":15},"end":{"line":15,"column":16}},"12":{"start":{"line":16,"column":4},"end":{"line":18,"column":5}},"13":{"start":{"line":17,"column":6},"end":{"line":17,"column":18}},"14":{"start":{"line":20,"column":2},"end":{"line":20,"column":15}}},"fnMap":{"0":{"name":"(anonymous_0)","decl":{"start":{"line":1,"column":27},"end":{"line":1,"column":28}},"loc":{"start":{"line":1,"column":38},"end":{"line":12,"column":1}},"line":1},"1":{"name":"(anonymous_1)","decl":{"start":{"line":14,"column":29},"end":{"line":14,"column":30}},"loc":{"start":{"line":14,"column":41},"end":{"line":21,"column":1}},"line":14}},"branchMap":{"0":{"loc":{"start":{"line":5,"column":4},"end":{"line":9,"column":5}},"type":"if","locations":[{"start":{"line":5,"column":4},"end":{"line":9,"column":5}},{"start":{"line":5,"column":4},"end":{"line":9,"column":5}}],"line":5},"1":{"loc":{"start":{"line":6,"column":6},"end":{"line":8,"column":7}},"type":"if","locations":[{"start":{"line":6,"column":6},"end":{"line":8,"column":7}},{"start":{"line":6,"column":6},"end":{"line":8,"column":7}}],"line":6},"2":{"loc":{"start":{"line":6,"column":10},"end":{"line":6,"column":44}},"type":"binary-expr","locations":[{"start":{"line":6,"column":10},"end":{"line":6,"column":25}},{"start":{"line":6,"column":29},"end":{"line":6,"column":44}}],"line":6},"3":{"loc":{"start":{"line":16,"column":4},"end":{"line":18,"column":5}},"type":"if","locations":[{"start":{"line":16,"column":4},"end":{"line":18,"column":5}},{"start":{"line":16,"column":4},"end":{"line":18,"column":5}}],"line":16}},"s":{"0":1,"1":2,"2":2,"3":2,"4":2,"5":5,"6":2,"7":1,"8":1,"9":1,"10":2,"11":2,"12":6,"13":1,"14":1},"f":{"0":2,"1":2},"b":{"0":[2,3],"1":[1,1],"2":[2,1],"3":[1,5]},"_coverageSchema":"1a1c01bbd47fc00a2c39e90264f33305004495a9","hash":"4dafbc8cde2e3499217a0cf497cdd188e4180658"}
,"F:\\projet\\red_tetris_boilerplate\\src\\client\\helpers\\HandleEvents.js": {"path":"F:\\projet\\red_tetris_boilerplate\\src\\client\\helpers\\HandleEvents.js","statementMap":{"0":{"start":{"line":16,"column":21},"end":{"line":31,"column":1}},"1":{"start":{"line":17,"column":38},"end":{"line":17,"column":43}},"2":{"start":{"line":18,"column":17},"end":{"line":18,"column":35}},"3":{"start":{"line":19,"column":2},"end":{"line":19,"column":30}},"4":{"start":{"line":20,"column":19},"end":{"line":20,"column":98}},"5":{"start":{"line":21,"column":2},"end":{"line":30,"column":3}},"6":{"start":{"line":21,"column":15},"end":{"line":21,"column":16}},"7":{"start":{"line":23,"column":20},"end":{"line":23,"column":31}},"8":{"start":{"line":24,"column":4},"end":{"line":24,"column":48}},"9":{"start":{"line":25,"column":22},"end":{"line":25,"column":74}},"10":{"start":{"line":26,"column":4},"end":{"line":29,"column":5}},"11":{"start":{"line":27,"column":6},"end":{"line":27,"column":26}},"12":{"start":{"line":28,"column":6},"end":{"line":28,"column":13}},"13":{"start":{"line":33,"column":19},"end":{"line":68,"column":1}},"14":{"start":{"line":40,"column":6},"end":{"line":40,"column":11}},"15":{"start":{"line":41,"column":2},"end":{"line":43,"column":3}},"16":{"start":{"line":42,"column":4},"end":{"line":42,"column":17}},"17":{"start":{"line":44,"column":19},"end":{"line":44,"column":37}},"18":{"start":{"line":45,"column":2},"end":{"line":45,"column":55}},"19":{"start":{"line":46,"column":20},"end":{"line":46,"column":81}},"20":{"start":{"line":47,"column":2},"end":{"line":66,"column":3}},"21":{"start":{"line":49,"column":6},"end":{"line":52,"column":7}},"22":{"start":{"line":50,"column":8},"end":{"line":50,"column":33}},"23":{"start":{"line":51,"column":8},"end":{"line":51,"column":21}},"24":{"start":{"line":53,"column":21},"end":{"line":53,"column":48}},"25":{"start":{"line":54,"column":6},"end":{"line":55,"column":109}},"26":{"start":{"line":56,"column":6},"end":{"line":56,"column":26}},"27":{"start":{"line":57,"column":24},"end":{"line":57,"column":45}},"28":{"start":{"line":58,"column":6},"end":{"line":58,"column":57}},"29":{"start":{"line":59,"column":6},"end":{"line":59,"column":19}},"30":{"start":{"line":61,"column":6},"end":{"line":61,"column":19}},"31":{"start":{"line":63,"column":6},"end":{"line":63,"column":26}},"32":{"start":{"line":64,"column":6},"end":{"line":64,"column":22}},"33":{"start":{"line":67,"column":2},"end":{"line":67,"column":15}},"34":{"start":{"line":71,"column":24},"end":{"line":84,"column":1}},"35":{"start":{"line":72,"column":2},"end":{"line":81,"column":3}},"36":{"start":{"line":73,"column":19},"end":{"line":73,"column":30}},"37":{"start":{"line":74,"column":4},"end":{"line":76,"column":5}},"38":{"start":{"line":75,"column":6},"end":{"line":75,"column":66}},"39":{"start":{"line":77,"column":9},"end":{"line":81,"column":3}},"40":{"start":{"line":78,"column":4},"end":{"line":78,"column":59}},"41":{"start":{"line":79,"column":9},"end":{"line":81,"column":3}},"42":{"start":{"line":80,"column":4},"end":{"line":80,"column":39}}},"fnMap":{"0":{"name":"(anonymous_0)","decl":{"start":{"line":16,"column":21},"end":{"line":16,"column":22}},"loc":{"start":{"line":16,"column":47},"end":{"line":31,"column":1}},"line":16},"1":{"name":"(anonymous_1)","decl":{"start":{"line":33,"column":19},"end":{"line":33,"column":20}},"loc":{"start":{"line":33,"column":61},"end":{"line":68,"column":1}},"line":33},"2":{"name":"(anonymous_2)","decl":{"start":{"line":71,"column":24},"end":{"line":71,"column":25}},"loc":{"start":{"line":71,"column":63},"end":{"line":84,"column":1}},"line":71}},"branchMap":{"0":{"loc":{"start":{"line":20,"column":19},"end":{"line":20,"column":98}},"type":"cond-expr","locations":[{"start":{"line":20,"column":43},"end":{"line":20,"column":66}},{"start":{"line":20,"column":69},"end":{"line":20,"column":98}}],"line":20},"1":{"loc":{"start":{"line":26,"column":4},"end":{"line":29,"column":5}},"type":"if","locations":[{"start":{"line":26,"column":4},"end":{"line":29,"column":5}},{"start":{"line":26,"column":4},"end":{"line":29,"column":5}}],"line":26},"2":{"loc":{"start":{"line":41,"column":2},"end":{"line":43,"column":3}},"type":"if","locations":[{"start":{"line":41,"column":2},"end":{"line":43,"column":3}},{"start":{"line":41,"column":2},"end":{"line":43,"column":3}}],"line":41},"3":{"loc":{"start":{"line":47,"column":2},"end":{"line":66,"column":3}},"type":"switch","locations":[{"start":{"line":48,"column":4},"end":{"line":59,"column":19}},{"start":{"line":60,"column":4},"end":{"line":61,"column":19}},{"start":{"line":62,"column":4},"end":{"line":64,"column":22}},{"start":{"line":65,"column":4},"end":{"line":65,"column":12}}],"line":47},"4":{"loc":{"start":{"line":49,"column":6},"end":{"line":52,"column":7}},"type":"if","locations":[{"start":{"line":49,"column":6},"end":{"line":52,"column":7}},{"start":{"line":49,"column":6},"end":{"line":52,"column":7}}],"line":49},"5":{"loc":{"start":{"line":72,"column":2},"end":{"line":81,"column":3}},"type":"if","locations":[{"start":{"line":72,"column":2},"end":{"line":81,"column":3}},{"start":{"line":72,"column":2},"end":{"line":81,"column":3}}],"line":72},"6":{"loc":{"start":{"line":77,"column":9},"end":{"line":81,"column":3}},"type":"if","locations":[{"start":{"line":77,"column":9},"end":{"line":81,"column":3}},{"start":{"line":77,"column":9},"end":{"line":81,"column":3}}],"line":77},"7":{"loc":{"start":{"line":77,"column":13},"end":{"line":77,"column":70}},"type":"binary-expr","locations":[{"start":{"line":77,"column":13},"end":{"line":77,"column":29}},{"start":{"line":77,"column":33},"end":{"line":77,"column":50}},{"start":{"line":77,"column":54},"end":{"line":77,"column":70}}],"line":77},"8":{"loc":{"start":{"line":79,"column":9},"end":{"line":81,"column":3}},"type":"if","locations":[{"start":{"line":79,"column":9},"end":{"line":81,"column":3}},{"start":{"line":79,"column":9},"end":{"line":81,"column":3}}],"line":79}},"s":{"0":0,"1":0,"2":0,"3":0,"4":0,"5":0,"6":0,"7":0,"8":0,"9":0,"10":0,"11":0,"12":0,"13":0,"14":0,"15":0,"16":0,"17":0,"18":0,"19":0,"20":0,"21":0,"22":0,"23":0,"24":0,"25":0,"26":0,"27":0,"28":0,"29":0,"30":0,"31":0,"32":0,"33":0,"34":0,"35":0,"36":0,"37":0,"38":0,"39":0,"40":0,"41":0,"42":0},"f":{"0":0,"1":0,"2":0},"b":{"0":[0,0],"1":[0,0],"2":[0,0],"3":[0,0,0,0],"4":[0,0],"5":[0,0],"6":[0,0],"7":[0,0,0],"8":[0,0]}}
,"F:\\projet\\red_tetris_boilerplate\\src\\client\\helpers\\Line.js": {"path":"F:\\projet\\red_tetris_boilerplate\\src\\client\\helpers\\Line.js","statementMap":{"0":{"start":{"line":4,"column":19},"end":{"line":12,"column":1}},"1":{"start":{"line":5,"column":14},"end":{"line":5,"column":16}},"2":{"start":{"line":6,"column":2},"end":{"line":10,"column":5}},"3":{"start":{"line":7,"column":4},"end":{"line":9,"column":5}},"4":{"start":{"line":8,"column":6},"end":{"line":8,"column":24}},"5":{"start":{"line":11,"column":2},"end":{"line":11,"column":13}},"6":{"start":{"line":14,"column":18},"end":{"line":28,"column":1}},"7":{"start":{"line":15,"column":14},"end":{"line":15,"column":16}},"8":{"start":{"line":16,"column":2},"end":{"line":26,"column":3}},"9":{"start":{"line":16,"column":15},"end":{"line":16,"column":16}},"10":{"start":{"line":17,"column":29},"end":{"line":17,"column":31}},"11":{"start":{"line":18,"column":4},"end":{"line":22,"column":7}},"12":{"start":{"line":19,"column":6},"end":{"line":21,"column":7}},"13":{"start":{"line":20,"column":8},"end":{"line":20,"column":39}},"14":{"start":{"line":23,"column":4},"end":{"line":25,"column":5}},"15":{"start":{"line":24,"column":6},"end":{"line":24,"column":28}},"16":{"start":{"line":27,"column":2},"end":{"line":27,"column":13}},"17":{"start":{"line":30,"column":24},"end":{"line":39,"column":1}},"18":{"start":{"line":31,"column":17},"end":{"line":31,"column":35}},"19":{"start":{"line":32,"column":2},"end":{"line":34,"column":3}},"20":{"start":{"line":32,"column":15},"end":{"line":32,"column":16}},"21":{"start":{"line":33,"column":4},"end":{"line":33,"column":72}},"22":{"start":{"line":33,"column":42},"end":{"line":33,"column":70}},"23":{"start":{"line":35,"column":2},"end":{"line":37,"column":3}},"24":{"start":{"line":36,"column":4},"end":{"line":36,"column":20}},"25":{"start":{"line":38,"column":2},"end":{"line":38,"column":18}},"26":{"start":{"line":41,"column":16},"end":{"line":46,"column":1}},"27":{"start":{"line":42,"column":2},"end":{"line":44,"column":3}},"28":{"start":{"line":43,"column":4},"end":{"line":43,"column":17}},"29":{"start":{"line":45,"column":2},"end":{"line":45,"column":15}},"30":{"start":{"line":48,"column":14},"end":{"line":61,"column":1}},"31":{"start":{"line":49,"column":2},"end":{"line":49,"column":29}},"32":{"start":{"line":50,"column":2},"end":{"line":59,"column":3}},"33":{"start":{"line":51,"column":4},"end":{"line":51,"column":22}},"34":{"start":{"line":52,"column":4},"end":{"line":52,"column":16}},"35":{"start":{"line":53,"column":4},"end":{"line":53,"column":23}},"36":{"start":{"line":54,"column":19},"end":{"line":54,"column":39}},"37":{"start":{"line":55,"column":4},"end":{"line":57,"column":5}},"38":{"start":{"line":56,"column":6},"end":{"line":56,"column":20}},"39":{"start":{"line":58,"column":4},"end":{"line":58,"column":24}},"40":{"start":{"line":60,"column":2},"end":{"line":60,"column":31}},"41":{"start":{"line":63,"column":21},"end":{"line":75,"column":1}},"42":{"start":{"line":64,"column":19},"end":{"line":64,"column":20}},"43":{"start":{"line":65,"column":2},"end":{"line":73,"column":3}},"44":{"start":{"line":66,"column":4},"end":{"line":66,"column":38}},"45":{"start":{"line":67,"column":9},"end":{"line":73,"column":3}},"46":{"start":{"line":68,"column":4},"end":{"line":68,"column":39}},"47":{"start":{"line":69,"column":9},"end":{"line":73,"column":3}},"48":{"start":{"line":70,"column":4},"end":{"line":70,"column":39}},"49":{"start":{"line":71,"column":9},"end":{"line":73,"column":3}},"50":{"start":{"line":72,"column":4},"end":{"line":72,"column":40}},"51":{"start":{"line":74,"column":2},"end":{"line":74,"column":20}},"52":{"start":{"line":77,"column":24},"end":{"line":104,"column":1}},"53":{"start":{"line":78,"column":2},"end":{"line":78,"column":20}},"54":{"start":{"line":79,"column":15},"end":{"line":79,"column":17}},"55":{"start":{"line":80,"column":2},"end":{"line":80,"column":15}},"56":{"start":{"line":81,"column":10},"end":{"line":81,"column":11}},"57":{"start":{"line":82,"column":2},"end":{"line":88,"column":3}},"58":{"start":{"line":82,"column":15},"end":{"line":82,"column":16}},"59":{"start":{"line":83,"column":4},"end":{"line":83,"column":29}},"60":{"start":{"line":84,"column":4},"end":{"line":87,"column":5}},"61":{"start":{"line":85,"column":6},"end":{"line":85,"column":10}},"62":{"start":{"line":86,"column":6},"end":{"line":86,"column":19}},"63":{"start":{"line":89,"column":13},"end":{"line":89,"column":14}},"64":{"start":{"line":90,"column":2},"end":{"line":102,"column":3}},"65":{"start":{"line":90,"column":15},"end":{"line":90,"column":16}},"66":{"start":{"line":91,"column":14},"end":{"line":91,"column":43}},"67":{"start":{"line":92,"column":4},"end":{"line":92,"column":16}},"68":{"start":{"line":93,"column":4},"end":{"line":100,"column":6}},"69":{"start":{"line":95,"column":8},"end":{"line":97,"column":9}},"70":{"start":{"line":96,"column":10},"end":{"line":96,"column":36}},"71":{"start":{"line":98,"column":8},"end":{"line":98,"column":21}},"72":{"start":{"line":101,"column":4},"end":{"line":101,"column":27}},"73":{"start":{"line":103,"column":2},"end":{"line":103,"column":18}},"74":{"start":{"line":107,"column":21},"end":{"line":124,"column":1}},"75":{"start":{"line":112,"column":19},"end":{"line":112,"column":39}},"76":{"start":{"line":114,"column":18},"end":{"line":114,"column":46}},"77":{"start":{"line":115,"column":2},"end":{"line":115,"column":39}},"78":{"start":{"line":116,"column":2},"end":{"line":116,"column":50}},"79":{"start":{"line":117,"column":2},"end":{"line":117,"column":19}},"80":{"start":{"line":118,"column":2},"end":{"line":118,"column":87}},"81":{"start":{"line":120,"column":17},"end":{"line":120,"column":50}},"82":{"start":{"line":121,"column":2},"end":{"line":121,"column":39}},"83":{"start":{"line":122,"column":2},"end":{"line":122,"column":50}},"84":{"start":{"line":123,"column":2},"end":{"line":123,"column":18}},"85":{"start":{"line":126,"column":24},"end":{"line":135,"column":1}}},"fnMap":{"0":{"name":"(anonymous_0)","decl":{"start":{"line":4,"column":19},"end":{"line":4,"column":20}},"loc":{"start":{"line":4,"column":31},"end":{"line":12,"column":1}},"line":4},"1":{"name":"(anonymous_1)","decl":{"start":{"line":6,"column":17},"end":{"line":6,"column":18}},"loc":{"start":{"line":6,"column":28},"end":{"line":10,"column":3}},"line":6},"2":{"name":"(anonymous_2)","decl":{"start":{"line":14,"column":18},"end":{"line":14,"column":19}},"loc":{"start":{"line":14,"column":39},"end":{"line":28,"column":1}},"line":14},"3":{"name":"(anonymous_3)","decl":{"start":{"line":18,"column":18},"end":{"line":18,"column":19}},"loc":{"start":{"line":18,"column":29},"end":{"line":22,"column":5}},"line":18},"4":{"name":"(anonymous_4)","decl":{"start":{"line":30,"column":24},"end":{"line":30,"column":25}},"loc":{"start":{"line":30,"column":44},"end":{"line":39,"column":1}},"line":30},"5":{"name":"(anonymous_5)","decl":{"start":{"line":33,"column":31},"end":{"line":33,"column":32}},"loc":{"start":{"line":33,"column":42},"end":{"line":33,"column":70}},"line":33},"6":{"name":"(anonymous_6)","decl":{"start":{"line":41,"column":16},"end":{"line":41,"column":17}},"loc":{"start":{"line":41,"column":30},"end":{"line":46,"column":1}},"line":41},"7":{"name":"(anonymous_7)","decl":{"start":{"line":48,"column":14},"end":{"line":48,"column":15}},"loc":{"start":{"line":48,"column":92},"end":{"line":61,"column":1}},"line":48},"8":{"name":"(anonymous_8)","decl":{"start":{"line":63,"column":21},"end":{"line":63,"column":22}},"loc":{"start":{"line":63,"column":55},"end":{"line":75,"column":1}},"line":63},"9":{"name":"(anonymous_9)","decl":{"start":{"line":77,"column":24},"end":{"line":77,"column":25}},"loc":{"start":{"line":77,"column":47},"end":{"line":104,"column":1}},"line":77},"10":{"name":"(anonymous_10)","decl":{"start":{"line":94,"column":6},"end":{"line":94,"column":7}},"loc":{"start":{"line":94,"column":17},"end":{"line":99,"column":7}},"line":94},"11":{"name":"(anonymous_11)","decl":{"start":{"line":107,"column":21},"end":{"line":107,"column":22}},"loc":{"start":{"line":110,"column":5},"end":{"line":124,"column":1}},"line":110}},"branchMap":{"0":{"loc":{"start":{"line":7,"column":4},"end":{"line":9,"column":5}},"type":"if","locations":[{"start":{"line":7,"column":4},"end":{"line":9,"column":5}},{"start":{"line":7,"column":4},"end":{"line":9,"column":5}}],"line":7},"1":{"loc":{"start":{"line":19,"column":6},"end":{"line":21,"column":7}},"type":"if","locations":[{"start":{"line":19,"column":6},"end":{"line":21,"column":7}},{"start":{"line":19,"column":6},"end":{"line":21,"column":7}}],"line":19},"2":{"loc":{"start":{"line":19,"column":10},"end":{"line":19,"column":72}},"type":"binary-expr","locations":[{"start":{"line":19,"column":10},"end":{"line":19,"column":33}},{"start":{"line":19,"column":37},"end":{"line":19,"column":72}}],"line":19},"3":{"loc":{"start":{"line":23,"column":4},"end":{"line":25,"column":5}},"type":"if","locations":[{"start":{"line":23,"column":4},"end":{"line":25,"column":5}},{"start":{"line":23,"column":4},"end":{"line":25,"column":5}}],"line":23},"4":{"loc":{"start":{"line":35,"column":2},"end":{"line":37,"column":3}},"type":"if","locations":[{"start":{"line":35,"column":2},"end":{"line":37,"column":3}},{"start":{"line":35,"column":2},"end":{"line":37,"column":3}}],"line":35},"5":{"loc":{"start":{"line":42,"column":2},"end":{"line":44,"column":3}},"type":"if","locations":[{"start":{"line":42,"column":2},"end":{"line":44,"column":3}},{"start":{"line":42,"column":2},"end":{"line":44,"column":3}}],"line":42},"6":{"loc":{"start":{"line":50,"column":2},"end":{"line":59,"column":3}},"type":"if","locations":[{"start":{"line":50,"column":2},"end":{"line":59,"column":3}},{"start":{"line":50,"column":2},"end":{"line":59,"column":3}}],"line":50},"7":{"loc":{"start":{"line":50,"column":6},"end":{"line":50,"column":39}},"type":"binary-expr","locations":[{"start":{"line":50,"column":6},"end":{"line":50,"column":23}},{"start":{"line":50,"column":27},"end":{"line":50,"column":39}}],"line":50},"8":{"loc":{"start":{"line":55,"column":4},"end":{"line":57,"column":5}},"type":"if","locations":[{"start":{"line":55,"column":4},"end":{"line":57,"column":5}},{"start":{"line":55,"column":4},"end":{"line":57,"column":5}}],"line":55},"9":{"loc":{"start":{"line":65,"column":2},"end":{"line":73,"column":3}},"type":"if","locations":[{"start":{"line":65,"column":2},"end":{"line":73,"column":3}},{"start":{"line":65,"column":2},"end":{"line":73,"column":3}}],"line":65},"10":{"loc":{"start":{"line":67,"column":9},"end":{"line":73,"column":3}},"type":"if","locations":[{"start":{"line":67,"column":9},"end":{"line":73,"column":3}},{"start":{"line":67,"column":9},"end":{"line":73,"column":3}}],"line":67},"11":{"loc":{"start":{"line":69,"column":9},"end":{"line":73,"column":3}},"type":"if","locations":[{"start":{"line":69,"column":9},"end":{"line":73,"column":3}},{"start":{"line":69,"column":9},"end":{"line":73,"column":3}}],"line":69},"12":{"loc":{"start":{"line":71,"column":9},"end":{"line":73,"column":3}},"type":"if","locations":[{"start":{"line":71,"column":9},"end":{"line":73,"column":3}},{"start":{"line":71,"column":9},"end":{"line":73,"column":3}}],"line":71},"13":{"loc":{"start":{"line":84,"column":4},"end":{"line":87,"column":5}},"type":"if","locations":[{"start":{"line":84,"column":4},"end":{"line":87,"column":5}},{"start":{"line":84,"column":4},"end":{"line":87,"column":5}}],"line":84},"14":{"loc":{"start":{"line":84,"column":8},"end":{"line":84,"column":65}},"type":"binary-expr","locations":[{"start":{"line":84,"column":8},"end":{"line":84,"column":30}},{"start":{"line":84,"column":34},"end":{"line":84,"column":65}}],"line":84},"15":{"loc":{"start":{"line":95,"column":8},"end":{"line":97,"column":9}},"type":"if","locations":[{"start":{"line":95,"column":8},"end":{"line":97,"column":9}},{"start":{"line":95,"column":8},"end":{"line":97,"column":9}}],"line":95}},"s":{"0":1,"1":1,"2":1,"3":5,"4":3,"5":1,"6":1,"7":1,"8":1,"9":1,"10":3,"11":3,"12":75,"13":21,"14":3,"15":1,"16":1,"17":1,"18":0,"19":0,"20":0,"21":0,"22":0,"23":0,"24":0,"25":0,"26":1,"27":2,"28":1,"29":1,"30":1,"31":0,"32":0,"33":0,"34":0,"35":0,"36":0,"37":0,"38":0,"39":0,"40":0,"41":1,"42":2,"43":2,"44":1,"45":1,"46":0,"47":1,"48":1,"49":0,"50":0,"51":2,"52":1,"53":0,"54":0,"55":0,"56":0,"57":0,"58":0,"59":0,"60":0,"61":0,"62":0,"63":0,"64":0,"65":0,"66":0,"67":0,"68":0,"69":0,"70":0,"71":0,"72":0,"73":0,"74":1,"75":0,"76":0,"77":0,"78":0,"79":0,"80":0,"81":0,"82":0,"83":0,"84":0,"85":1},"f":{"0":1,"1":5,"2":1,"3":75,"4":0,"5":0,"6":2,"7":0,"8":2,"9":0,"10":0,"11":0},"b":{"0":[3,2],"1":[21,54],"2":[75,21],"3":[1,2],"4":[0,0],"5":[1,1],"6":[0,0],"7":[0,0],"8":[0,0],"9":[1,1],"10":[0,1],"11":[1,0],"12":[0,0],"13":[0,0],"14":[0,0],"15":[0,0]},"_coverageSchema":"1a1c01bbd47fc00a2c39e90264f33305004495a9","hash":"0586578bdb86a84c4ceb949caad1eafcfc525f2b"}
,"F:\\projet\\red_tetris_boilerplate\\src\\client\\helpers\\Movements.js": {"path":"F:\\projet\\red_tetris_boilerplate\\src\\client\\helpers\\Movements.js","statementMap":{"0":{"start":{"line":7,"column":11},"end":{"line":34,"column":1}},"1":{"start":{"line":8,"column":19},"end":{"line":8,"column":37}},"2":{"start":{"line":9,"column":2},"end":{"line":32,"column":3}},"3":{"start":{"line":11,"column":6},"end":{"line":16,"column":8}},"4":{"start":{"line":13,"column":10},"end":{"line":13,"column":23}},"5":{"start":{"line":14,"column":10},"end":{"line":14,"column":23}},"6":{"start":{"line":18,"column":6},"end":{"line":23,"column":8}},"7":{"start":{"line":20,"column":10},"end":{"line":20,"column":23}},"8":{"start":{"line":21,"column":10},"end":{"line":21,"column":23}},"9":{"start":{"line":25,"column":6},"end":{"line":30,"column":8}},"10":{"start":{"line":27,"column":10},"end":{"line":27,"column":23}},"11":{"start":{"line":28,"column":10},"end":{"line":28,"column":23}},"12":{"start":{"line":33,"column":2},"end":{"line":33,"column":15}},"13":{"start":{"line":36,"column":21},"end":{"line":36,"column":43}},"14":{"start":{"line":36,"column":32},"end":{"line":36,"column":42}},"15":{"start":{"line":38,"column":20},"end":{"line":57,"column":1}},"16":{"start":{"line":39,"column":2},"end":{"line":55,"column":3}},"17":{"start":{"line":39,"column":15},"end":{"line":39,"column":16}},"18":{"start":{"line":40,"column":18},"end":{"line":40,"column":26}},"19":{"start":{"line":41,"column":17},"end":{"line":48,"column":5}},"20":{"start":{"line":43,"column":8},"end":{"line":45,"column":9}},"21":{"start":{"line":44,"column":10},"end":{"line":44,"column":22}},"22":{"start":{"line":46,"column":8},"end":{"line":46,"column":21}},"23":{"start":{"line":49,"column":4},"end":{"line":51,"column":5}},"24":{"start":{"line":50,"column":6},"end":{"line":50,"column":88}},"25":{"start":{"line":52,"column":4},"end":{"line":54,"column":5}},"26":{"start":{"line":53,"column":6},"end":{"line":53,"column":28}},"27":{"start":{"line":56,"column":2},"end":{"line":56,"column":22}},"28":{"start":{"line":59,"column":24},"end":{"line":63,"column":1}}},"fnMap":{"0":{"name":"(anonymous_0)","decl":{"start":{"line":7,"column":11},"end":{"line":7,"column":12}},"loc":{"start":{"line":7,"column":33},"end":{"line":34,"column":1}},"line":7},"1":{"name":"(anonymous_1)","decl":{"start":{"line":12,"column":8},"end":{"line":12,"column":9}},"loc":{"start":{"line":12,"column":19},"end":{"line":15,"column":9}},"line":12},"2":{"name":"(anonymous_2)","decl":{"start":{"line":19,"column":8},"end":{"line":19,"column":9}},"loc":{"start":{"line":19,"column":19},"end":{"line":22,"column":9}},"line":19},"3":{"name":"(anonymous_3)","decl":{"start":{"line":26,"column":8},"end":{"line":26,"column":9}},"loc":{"start":{"line":26,"column":19},"end":{"line":29,"column":9}},"line":26},"4":{"name":"(anonymous_4)","decl":{"start":{"line":36,"column":21},"end":{"line":36,"column":22}},"loc":{"start":{"line":36,"column":32},"end":{"line":36,"column":42}},"line":36},"5":{"name":"(anonymous_5)","decl":{"start":{"line":38,"column":20},"end":{"line":38,"column":21}},"loc":{"start":{"line":38,"column":62},"end":{"line":57,"column":1}},"line":38},"6":{"name":"(anonymous_6)","decl":{"start":{"line":42,"column":6},"end":{"line":42,"column":7}},"loc":{"start":{"line":42,"column":22},"end":{"line":47,"column":7}},"line":42}},"branchMap":{"0":{"loc":{"start":{"line":9,"column":2},"end":{"line":32,"column":3}},"type":"switch","locations":[{"start":{"line":10,"column":4},"end":{"line":16,"column":8}},{"start":{"line":17,"column":4},"end":{"line":23,"column":8}},{"start":{"line":24,"column":4},"end":{"line":30,"column":8}},{"start":{"line":31,"column":4},"end":{"line":31,"column":12}}],"line":9},"1":{"loc":{"start":{"line":43,"column":8},"end":{"line":45,"column":9}},"type":"if","locations":[{"start":{"line":43,"column":8},"end":{"line":45,"column":9}},{"start":{"line":43,"column":8},"end":{"line":45,"column":9}}],"line":43},"2":{"loc":{"start":{"line":43,"column":12},"end":{"line":43,"column":64}},"type":"binary-expr","locations":[{"start":{"line":43,"column":12},"end":{"line":43,"column":36}},{"start":{"line":43,"column":40},"end":{"line":43,"column":64}}],"line":43},"3":{"loc":{"start":{"line":49,"column":4},"end":{"line":51,"column":5}},"type":"if","locations":[{"start":{"line":49,"column":4},"end":{"line":51,"column":5}},{"start":{"line":49,"column":4},"end":{"line":51,"column":5}}],"line":49},"4":{"loc":{"start":{"line":49,"column":8},"end":{"line":49,"column":56}},"type":"binary-expr","locations":[{"start":{"line":49,"column":8},"end":{"line":49,"column":35}},{"start":{"line":49,"column":39},"end":{"line":49,"column":56}}],"line":49},"5":{"loc":{"start":{"line":50,"column":13},"end":{"line":50,"column":87}},"type":"cond-expr","locations":[{"start":{"line":50,"column":55},"end":{"line":50,"column":70}},{"start":{"line":50,"column":73},"end":{"line":50,"column":87}}],"line":50},"6":{"loc":{"start":{"line":50,"column":14},"end":{"line":50,"column":51}},"type":"binary-expr","locations":[{"start":{"line":50,"column":14},"end":{"line":50,"column":30}},{"start":{"line":50,"column":34},"end":{"line":50,"column":51}}],"line":50},"7":{"loc":{"start":{"line":52,"column":4},"end":{"line":54,"column":5}},"type":"if","locations":[{"start":{"line":52,"column":4},"end":{"line":54,"column":5}},{"start":{"line":52,"column":4},"end":{"line":54,"column":5}}],"line":52},"8":{"loc":{"start":{"line":52,"column":8},"end":{"line":52,"column":39}},"type":"binary-expr","locations":[{"start":{"line":52,"column":8},"end":{"line":52,"column":19}},{"start":{"line":52,"column":23},"end":{"line":52,"column":39}}],"line":52}},"s":{"0":1,"1":3,"2":3,"3":1,"4":4,"5":4,"6":1,"7":4,"8":4,"9":1,"10":4,"11":4,"12":0,"13":1,"14":2,"15":1,"16":3,"17":3,"18":7,"19":7,"20":172,"21":1,"22":171,"23":7,"24":1,"25":6,"26":1,"27":1,"28":1},"f":{"0":3,"1":4,"2":4,"3":4,"4":2,"5":3,"6":172},"b":{"0":[1,1,1,0],"1":[1,171],"2":[172,20],"3":[1,6],"4":[7,6],"5":[1,0],"6":[1,0],"7":[1,5],"8":[6,5]},"_coverageSchema":"1a1c01bbd47fc00a2c39e90264f33305004495a9","hash":"93e948fc4d9596c5097627cfbe66916ee46f3dab"}
,"F:\\projet\\red_tetris_boilerplate\\src\\client\\helpers\\PieceGenerations.js": {"path":"F:\\projet\\red_tetris_boilerplate\\src\\client\\helpers\\PieceGenerations.js","statementMap":{"0":{"start":{"line":6,"column":18},"end":{"line":12,"column":1}},"1":{"start":{"line":7,"column":2},"end":{"line":11,"column":3}},"2":{"start":{"line":14,"column":18},"end":{"line":20,"column":1}},"3":{"start":{"line":15,"column":2},"end":{"line":19,"column":3}},"4":{"start":{"line":22,"column":18},"end":{"line":28,"column":1}},"5":{"start":{"line":23,"column":2},"end":{"line":27,"column":3}},"6":{"start":{"line":30,"column":18},"end":{"line":36,"column":1}},"7":{"start":{"line":31,"column":2},"end":{"line":35,"column":3}},"8":{"start":{"line":38,"column":18},"end":{"line":44,"column":1}},"9":{"start":{"line":39,"column":2},"end":{"line":43,"column":3}},"10":{"start":{"line":46,"column":18},"end":{"line":52,"column":1}},"11":{"start":{"line":47,"column":2},"end":{"line":51,"column":3}},"12":{"start":{"line":54,"column":18},"end":{"line":60,"column":1}},"13":{"start":{"line":55,"column":2},"end":{"line":59,"column":3}},"14":{"start":{"line":62,"column":29},"end":{"line":89,"column":1}},"15":{"start":{"line":63,"column":17},"end":{"line":63,"column":19}},"16":{"start":{"line":64,"column":2},"end":{"line":88,"column":3}},"17":{"start":{"line":66,"column":6},"end":{"line":66,"column":29}},"18":{"start":{"line":67,"column":6},"end":{"line":67,"column":22}},"19":{"start":{"line":69,"column":6},"end":{"line":69,"column":29}},"20":{"start":{"line":70,"column":6},"end":{"line":70,"column":22}},"21":{"start":{"line":72,"column":6},"end":{"line":72,"column":29}},"22":{"start":{"line":73,"column":6},"end":{"line":73,"column":22}},"23":{"start":{"line":75,"column":6},"end":{"line":75,"column":29}},"24":{"start":{"line":76,"column":6},"end":{"line":76,"column":22}},"25":{"start":{"line":78,"column":6},"end":{"line":78,"column":29}},"26":{"start":{"line":79,"column":6},"end":{"line":79,"column":22}},"27":{"start":{"line":81,"column":6},"end":{"line":81,"column":29}},"28":{"start":{"line":82,"column":6},"end":{"line":82,"column":22}},"29":{"start":{"line":84,"column":6},"end":{"line":84,"column":29}},"30":{"start":{"line":85,"column":6},"end":{"line":85,"column":22}},"31":{"start":{"line":87,"column":6},"end":{"line":87,"column":18}}},"fnMap":{"0":{"name":"(anonymous_0)","decl":{"start":{"line":6,"column":18},"end":{"line":6,"column":19}},"loc":{"start":{"line":7,"column":2},"end":{"line":11,"column":3}},"line":7},"1":{"name":"(anonymous_1)","decl":{"start":{"line":14,"column":18},"end":{"line":14,"column":19}},"loc":{"start":{"line":15,"column":2},"end":{"line":19,"column":3}},"line":15},"2":{"name":"(anonymous_2)","decl":{"start":{"line":22,"column":18},"end":{"line":22,"column":19}},"loc":{"start":{"line":23,"column":2},"end":{"line":27,"column":3}},"line":23},"3":{"name":"(anonymous_3)","decl":{"start":{"line":30,"column":18},"end":{"line":30,"column":19}},"loc":{"start":{"line":31,"column":2},"end":{"line":35,"column":3}},"line":31},"4":{"name":"(anonymous_4)","decl":{"start":{"line":38,"column":18},"end":{"line":38,"column":19}},"loc":{"start":{"line":39,"column":2},"end":{"line":43,"column":3}},"line":39},"5":{"name":"(anonymous_5)","decl":{"start":{"line":46,"column":18},"end":{"line":46,"column":19}},"loc":{"start":{"line":47,"column":2},"end":{"line":51,"column":3}},"line":47},"6":{"name":"(anonymous_6)","decl":{"start":{"line":54,"column":18},"end":{"line":54,"column":19}},"loc":{"start":{"line":55,"column":2},"end":{"line":59,"column":3}},"line":55},"7":{"name":"(anonymous_7)","decl":{"start":{"line":62,"column":29},"end":{"line":62,"column":30}},"loc":{"start":{"line":62,"column":48},"end":{"line":89,"column":1}},"line":62}},"branchMap":{"0":{"loc":{"start":{"line":64,"column":2},"end":{"line":88,"column":3}},"type":"switch","locations":[{"start":{"line":65,"column":4},"end":{"line":67,"column":22}},{"start":{"line":68,"column":4},"end":{"line":70,"column":22}},{"start":{"line":71,"column":4},"end":{"line":73,"column":22}},{"start":{"line":74,"column":4},"end":{"line":76,"column":22}},{"start":{"line":77,"column":4},"end":{"line":79,"column":22}},{"start":{"line":80,"column":4},"end":{"line":82,"column":22}},{"start":{"line":83,"column":4},"end":{"line":85,"column":22}},{"start":{"line":86,"column":4},"end":{"line":87,"column":18}}],"line":64}},"s":{"0":0,"1":0,"2":0,"3":0,"4":0,"5":0,"6":0,"7":0,"8":0,"9":0,"10":0,"11":0,"12":0,"13":0,"14":0,"15":0,"16":0,"17":0,"18":0,"19":0,"20":0,"21":0,"22":0,"23":0,"24":0,"25":0,"26":0,"27":0,"28":0,"29":0,"30":0,"31":0},"f":{"0":0,"1":0,"2":0,"3":0,"4":0,"5":0,"6":0,"7":0},"b":{"0":[0,0,0,0,0,0,0,0]}}
,"F:\\projet\\red_tetris_boilerplate\\src\\client\\helpers\\Rotate.js": {"path":"F:\\projet\\red_tetris_boilerplate\\src\\client\\helpers\\Rotate.js","statementMap":{"0":{"start":{"line":4,"column":13},"end":{"line":24,"column":1}},"1":{"start":{"line":5,"column":19},"end":{"line":5,"column":37}},"2":{"start":{"line":6,"column":34},"end":{"line":6,"column":42}},"3":{"start":{"line":7,"column":19},"end":{"line":7,"column":45}},"4":{"start":{"line":8,"column":2},"end":{"line":11,"column":3}},"5":{"start":{"line":8,"column":15},"end":{"line":8,"column":16}},"6":{"start":{"line":9,"column":4},"end":{"line":9,"column":33}},"7":{"start":{"line":10,"column":4},"end":{"line":10,"column":33}},"8":{"start":{"line":14,"column":2},"end":{"line":22,"column":3}},"9":{"start":{"line":15,"column":4},"end":{"line":15,"column":31}},"10":{"start":{"line":16,"column":9},"end":{"line":22,"column":3}},"11":{"start":{"line":17,"column":4},"end":{"line":17,"column":31}},"12":{"start":{"line":18,"column":9},"end":{"line":22,"column":3}},"13":{"start":{"line":19,"column":4},"end":{"line":19,"column":31}},"14":{"start":{"line":20,"column":9},"end":{"line":22,"column":3}},"15":{"start":{"line":21,"column":4},"end":{"line":21,"column":31}},"16":{"start":{"line":23,"column":2},"end":{"line":23,"column":18}},"17":{"start":{"line":26,"column":20},"end":{"line":33,"column":1}},"18":{"start":{"line":27,"column":21},"end":{"line":27,"column":26}},"19":{"start":{"line":28,"column":2},"end":{"line":31,"column":3}},"20":{"start":{"line":28,"column":15},"end":{"line":28,"column":16}},"21":{"start":{"line":29,"column":4},"end":{"line":29,"column":30}},"22":{"start":{"line":30,"column":4},"end":{"line":30,"column":30}},"23":{"start":{"line":32,"column":2},"end":{"line":32,"column":15}},"24":{"start":{"line":35,"column":24},"end":{"line":38,"column":1}}},"fnMap":{"0":{"name":"(anonymous_0)","decl":{"start":{"line":4,"column":13},"end":{"line":4,"column":14}},"loc":{"start":{"line":4,"column":24},"end":{"line":24,"column":1}},"line":4},"1":{"name":"(anonymous_1)","decl":{"start":{"line":26,"column":20},"end":{"line":26,"column":21}},"loc":{"start":{"line":26,"column":41},"end":{"line":33,"column":1}},"line":26}},"branchMap":{"0":{"loc":{"start":{"line":14,"column":2},"end":{"line":22,"column":3}},"type":"if","locations":[{"start":{"line":14,"column":2},"end":{"line":22,"column":3}},{"start":{"line":14,"column":2},"end":{"line":22,"column":3}}],"line":14},"1":{"loc":{"start":{"line":16,"column":9},"end":{"line":22,"column":3}},"type":"if","locations":[{"start":{"line":16,"column":9},"end":{"line":22,"column":3}},{"start":{"line":16,"column":9},"end":{"line":22,"column":3}}],"line":16},"2":{"loc":{"start":{"line":18,"column":9},"end":{"line":22,"column":3}},"type":"if","locations":[{"start":{"line":18,"column":9},"end":{"line":22,"column":3}},{"start":{"line":18,"column":9},"end":{"line":22,"column":3}}],"line":18},"3":{"loc":{"start":{"line":20,"column":9},"end":{"line":22,"column":3}},"type":"if","locations":[{"start":{"line":20,"column":9},"end":{"line":22,"column":3}},{"start":{"line":20,"column":9},"end":{"line":22,"column":3}}],"line":20}},"s":{"0":0,"1":0,"2":0,"3":0,"4":0,"5":0,"6":0,"7":0,"8":0,"9":0,"10":0,"11":0,"12":0,"13":0,"14":0,"15":0,"16":0,"17":0,"18":0,"19":0,"20":0,"21":0,"22":0,"23":0,"24":0},"f":{"0":0,"1":0},"b":{"0":[0,0],"1":[0,0],"2":[0,0],"3":[0,0]}}
,"F:\\projet\\red_tetris_boilerplate\\src\\client\\helpers\\SocketEmit.js": {"path":"F:\\projet\\red_tetris_boilerplate\\src\\client\\helpers\\SocketEmit.js","statementMap":{"0":{"start":{"line":2,"column":2},"end":{"line":2,"column":30}},"1":{"start":{"line":6,"column":2},"end":{"line":6,"column":32}},"2":{"start":{"line":10,"column":2},"end":{"line":10,"column":33}},"3":{"start":{"line":14,"column":2},"end":{"line":14,"column":59}},"4":{"start":{"line":18,"column":2},"end":{"line":18,"column":65}}},"fnMap":{"0":{"name":"onClientLoad","decl":{"start":{"line":1,"column":16},"end":{"line":1,"column":28}},"loc":{"start":{"line":1,"column":31},"end":{"line":3,"column":1}},"line":1},"1":{"name":"startGameMulti","decl":{"start":{"line":5,"column":16},"end":{"line":5,"column":30}},"loc":{"start":{"line":5,"column":33},"end":{"line":7,"column":1}},"line":5},"2":{"name":"refillBag","decl":{"start":{"line":9,"column":16},"end":{"line":9,"column":25}},"loc":{"start":{"line":9,"column":28},"end":{"line":11,"column":1}},"line":9},"3":{"name":"increaseNextPieceIndex","decl":{"start":{"line":13,"column":16},"end":{"line":13,"column":38}},"loc":{"start":{"line":13,"column":64},"end":{"line":15,"column":1}},"line":13},"4":{"name":"giveLinesToOpponents","decl":{"start":{"line":17,"column":16},"end":{"line":17,"column":36}},"loc":{"start":{"line":17,"column":64},"end":{"line":19,"column":1}},"line":17}},"branchMap":{},"s":{"0":0,"1":0,"2":0,"3":0,"4":0},"f":{"0":0,"1":0,"2":0,"3":0,"4":0},"b":{},"_coverageSchema":"1a1c01bbd47fc00a2c39e90264f33305004495a9","hash":"23db420260dea6424a52337c349c09d187da048d"}
,"F:\\projet\\red_tetris_boilerplate\\src\\client\\helpers\\SocketOn.js": {"path":"F:\\projet\\red_tetris_boilerplate\\src\\client\\helpers\\SocketOn.js","statementMap":{"0":{"start":{"line":5,"column":2},"end":{"line":8,"column":5}},"1":{"start":{"line":6,"column":4},"end":{"line":6,"column":29}},"2":{"start":{"line":12,"column":2},"end":{"line":16,"column":5}},"3":{"start":{"line":13,"column":4},"end":{"line":13,"column":39}},"4":{"start":{"line":14,"column":4},"end":{"line":14,"column":47}},"5":{"start":{"line":15,"column":4},"end":{"line":15,"column":27}},"6":{"start":{"line":20,"column":2},"end":{"line":34,"column":5}},"7":{"start":{"line":21,"column":21},"end":{"line":21,"column":44}},"8":{"start":{"line":22,"column":4},"end":{"line":22,"column":27}},"9":{"start":{"line":23,"column":4},"end":{"line":32,"column":5}},"10":{"start":{"line":24,"column":6},"end":{"line":24,"column":35}},"11":{"start":{"line":25,"column":6},"end":{"line":27,"column":9}},"12":{"start":{"line":26,"column":8},"end":{"line":26,"column":21}},"13":{"start":{"line":28,"column":6},"end":{"line":28,"column":35}},"14":{"start":{"line":29,"column":6},"end":{"line":29,"column":26}},"15":{"start":{"line":31,"column":6},"end":{"line":31,"column":26}},"16":{"start":{"line":33,"column":4},"end":{"line":33,"column":47}},"17":{"start":{"line":38,"column":2},"end":{"line":40,"column":5}},"18":{"start":{"line":39,"column":4},"end":{"line":39,"column":29}}},"fnMap":{"0":{"name":"checkIsAdmin","decl":{"start":{"line":4,"column":16},"end":{"line":4,"column":28}},"loc":{"start":{"line":4,"column":42},"end":{"line":9,"column":1}},"line":4},"1":{"name":"(anonymous_1)","decl":{"start":{"line":5,"column":27},"end":{"line":5,"column":28}},"loc":{"start":{"line":5,"column":50},"end":{"line":8,"column":3}},"line":5},"2":{"name":"launchMulti","decl":{"start":{"line":11,"column":16},"end":{"line":11,"column":27}},"loc":{"start":{"line":11,"column":69},"end":{"line":17,"column":1}},"line":11},"3":{"name":"(anonymous_3)","decl":{"start":{"line":12,"column":27},"end":{"line":12,"column":28}},"loc":{"start":{"line":12,"column":59},"end":{"line":16,"column":3}},"line":12},"4":{"name":"getNextPieceFromServer","decl":{"start":{"line":19,"column":16},"end":{"line":19,"column":38}},"loc":{"start":{"line":19,"column":65},"end":{"line":35,"column":1}},"line":19},"5":{"name":"(anonymous_5)","decl":{"start":{"line":20,"column":38},"end":{"line":20,"column":39}},"loc":{"start":{"line":20,"column":81},"end":{"line":34,"column":3}},"line":20},"6":{"name":"(anonymous_6)","decl":{"start":{"line":25,"column":30},"end":{"line":25,"column":31}},"loc":{"start":{"line":25,"column":41},"end":{"line":27,"column":7}},"line":25},"7":{"name":"updatePlayerSpectre","decl":{"start":{"line":37,"column":16},"end":{"line":37,"column":35}},"loc":{"start":{"line":37,"column":54},"end":{"line":41,"column":1}},"line":37},"8":{"name":"(anonymous_8)","decl":{"start":{"line":38,"column":35},"end":{"line":38,"column":36}},"loc":{"start":{"line":38,"column":53},"end":{"line":40,"column":3}},"line":38}},"branchMap":{"0":{"loc":{"start":{"line":23,"column":4},"end":{"line":32,"column":5}},"type":"if","locations":[{"start":{"line":23,"column":4},"end":{"line":32,"column":5}},{"start":{"line":23,"column":4},"end":{"line":32,"column":5}}],"line":23}},"s":{"0":0,"1":0,"2":0,"3":0,"4":0,"5":0,"6":0,"7":0,"8":0,"9":0,"10":0,"11":0,"12":0,"13":0,"14":0,"15":0,"16":0,"17":0,"18":0},"f":{"0":0,"1":0,"2":0,"3":0,"4":0,"5":0,"6":0,"7":0,"8":0},"b":{"0":[0,0]}}
,"F:\\projet\\red_tetris_boilerplate\\src\\client\\middleware\\storeStateMiddleWare.js": {"path":"F:\\projet\\red_tetris_boilerplate\\src\\client\\middleware\\storeStateMiddleWare.js","statementMap":{},"fnMap":{},"branchMap":{},"s":{},"f":{},"b":{}}
,"F:\\projet\\red_tetris_boilerplate\\src\\client\\reducers\\alert.js": {"path":"F:\\projet\\red_tetris_boilerplate\\src\\client\\reducers\\alert.js","statementMap":{"0":{"start":{"line":3,"column":14},"end":{"line":10,"column":1}},"1":{"start":{"line":4,"column":2},"end":{"line":9,"column":3}},"2":{"start":{"line":6,"column":6},"end":{"line":6,"column":41}},"3":{"start":{"line":8,"column":6},"end":{"line":8,"column":19}}},"fnMap":{"0":{"name":"(anonymous_0)","decl":{"start":{"line":3,"column":14},"end":{"line":3,"column":15}},"loc":{"start":{"line":3,"column":38},"end":{"line":10,"column":1}},"line":3}},"branchMap":{"0":{"loc":{"start":{"line":3,"column":15},"end":{"line":3,"column":25}},"type":"default-arg","locations":[{"start":{"line":3,"column":23},"end":{"line":3,"column":25}}],"line":3},"1":{"loc":{"start":{"line":4,"column":2},"end":{"line":9,"column":3}},"type":"switch","locations":[{"start":{"line":5,"column":4},"end":{"line":6,"column":41}},{"start":{"line":7,"column":4},"end":{"line":8,"column":19}}],"line":4}},"s":{"0":0,"1":0,"2":0,"3":0},"f":{"0":0},"b":{"0":[0],"1":[0,0]}}
,"F:\\projet\\red_tetris_boilerplate\\src\\client\\reducers\\save.js": {"path":"F:\\projet\\red_tetris_boilerplate\\src\\client\\reducers\\save.js","statementMap":{"0":{"start":{"line":9,"column":16},"end":{"line":67,"column":1}},"1":{"start":{"line":10,"column":2},"end":{"line":66,"column":3}},"2":{"start":{"line":12,"column":6},"end":{"line":12,"column":47}},"3":{"start":{"line":14,"column":6},"end":{"line":14,"column":60}},"4":{"start":{"line":16,"column":6},"end":{"line":16,"column":55}},"5":{"start":{"line":18,"column":6},"end":{"line":18,"column":47}},"6":{"start":{"line":20,"column":6},"end":{"line":20,"column":49}},"7":{"start":{"line":22,"column":6},"end":{"line":22,"column":59}},"8":{"start":{"line":24,"column":6},"end":{"line":24,"column":55}},"9":{"start":{"line":26,"column":6},"end":{"line":26,"column":55}},"10":{"start":{"line":28,"column":6},"end":{"line":28,"column":47}},"11":{"start":{"line":30,"column":6},"end":{"line":30,"column":49}},"12":{"start":{"line":32,"column":6},"end":{"line":32,"column":51}},"13":{"start":{"line":34,"column":6},"end":{"line":34,"column":69}},"14":{"start":{"line":36,"column":28},"end":{"line":36,"column":59}},"15":{"start":{"line":37,"column":19},"end":{"line":37,"column":24}},"16":{"start":{"line":38,"column":6},"end":{"line":44,"column":7}},"17":{"start":{"line":38,"column":19},"end":{"line":38,"column":20}},"18":{"start":{"line":39,"column":8},"end":{"line":43,"column":9}},"19":{"start":{"line":40,"column":10},"end":{"line":40,"column":57}},"20":{"start":{"line":41,"column":10},"end":{"line":41,"column":57}},"21":{"start":{"line":42,"column":10},"end":{"line":42,"column":24}},"22":{"start":{"line":45,"column":6},"end":{"line":47,"column":7}},"23":{"start":{"line":46,"column":8},"end":{"line":46,"column":44}},"24":{"start":{"line":48,"column":6},"end":{"line":48,"column":57}},"25":{"start":{"line":50,"column":6},"end":{"line":63,"column":8}},"26":{"start":{"line":65,"column":6},"end":{"line":65,"column":19}}},"fnMap":{"0":{"name":"(anonymous_0)","decl":{"start":{"line":9,"column":16},"end":{"line":9,"column":17}},"loc":{"start":{"line":9,"column":40},"end":{"line":67,"column":1}},"line":9}},"branchMap":{"0":{"loc":{"start":{"line":9,"column":17},"end":{"line":9,"column":27}},"type":"default-arg","locations":[{"start":{"line":9,"column":25},"end":{"line":9,"column":27}}],"line":9},"1":{"loc":{"start":{"line":10,"column":2},"end":{"line":66,"column":3}},"type":"switch","locations":[{"start":{"line":11,"column":4},"end":{"line":12,"column":47}},{"start":{"line":13,"column":4},"end":{"line":14,"column":60}},{"start":{"line":15,"column":4},"end":{"line":16,"column":55}},{"start":{"line":17,"column":4},"end":{"line":18,"column":47}},{"start":{"line":19,"column":4},"end":{"line":20,"column":49}},{"start":{"line":21,"column":4},"end":{"line":22,"column":59}},{"start":{"line":23,"column":4},"end":{"line":24,"column":55}},{"start":{"line":25,"column":4},"end":{"line":26,"column":55}},{"start":{"line":27,"column":4},"end":{"line":28,"column":47}},{"start":{"line":29,"column":4},"end":{"line":30,"column":49}},{"start":{"line":31,"column":4},"end":{"line":32,"column":51}},{"start":{"line":33,"column":4},"end":{"line":34,"column":69}},{"start":{"line":35,"column":4},"end":{"line":48,"column":57}},{"start":{"line":49,"column":4},"end":{"line":63,"column":8}},{"start":{"line":64,"column":4},"end":{"line":65,"column":19}}],"line":10},"2":{"loc":{"start":{"line":39,"column":8},"end":{"line":43,"column":9}},"type":"if","locations":[{"start":{"line":39,"column":8},"end":{"line":43,"column":9}},{"start":{"line":39,"column":8},"end":{"line":43,"column":9}}],"line":39},"3":{"loc":{"start":{"line":45,"column":6},"end":{"line":47,"column":7}},"type":"if","locations":[{"start":{"line":45,"column":6},"end":{"line":47,"column":7}},{"start":{"line":45,"column":6},"end":{"line":47,"column":7}}],"line":45}},"s":{"0":0,"1":0,"2":0,"3":0,"4":0,"5":0,"6":0,"7":0,"8":0,"9":0,"10":0,"11":0,"12":0,"13":0,"14":0,"15":0,"16":0,"17":0,"18":0,"19":0,"20":0,"21":0,"22":0,"23":0,"24":0,"25":0,"26":0},"f":{"0":0},"b":{"0":[0],"1":[0,0,0,0,0,0,0,0,0,0,0,0,0,0,0],"2":[0,0],"3":[0,0]}}
,"F:\\projet\\red_tetris_boilerplate\\src\\client\\styles\\globalStyles.js": {"path":"F:\\projet\\red_tetris_boilerplate\\src\\client\\styles\\globalStyles.js","statementMap":{"0":{"start":{"line":3,"column":21},"end":{"line":12,"column":1}},"1":{"start":{"line":8,"column":33},"end":{"line":8,"column":54}}},"fnMap":{"0":{"name":"(anonymous_0)","decl":{"start":{"line":8,"column":24},"end":{"line":8,"column":25}},"loc":{"start":{"line":8,"column":33},"end":{"line":8,"column":54}},"line":8}},"branchMap":{},"s":{"0":0,"1":0},"f":{"0":0},"b":{}}
,"F:\\projet\\red_tetris_boilerplate\\src\\client\\tests\\VariablesTest.js": {"path":"F:\\projet\\red_tetris_boilerplate\\src\\client\\tests\\VariablesTest.js","statementMap":{"0":{"start":{"line":1,"column":25},"end":{"line":27,"column":1}},"1":{"start":{"line":29,"column":25},"end":{"line":34,"column":1}},"2":{"start":{"line":36,"column":25},"end":{"line":36,"column":27}},"3":{"start":{"line":37,"column":26},"end":{"line":37,"column":28}}},"fnMap":{},"branchMap":{},"s":{"0":2,"1":2,"2":2,"3":2},"f":{},"b":{},"_coverageSchema":"1a1c01bbd47fc00a2c39e90264f33305004495a9","hash":"ad814ae9bd75ef272e5784c5292abf28246231b1"}
}
