TN:
SF:src\client\actions\options.js
FN:5,(anonymous_0)
FNF:1
FNH:1
FNDA:1,(anonymous_0)
DA:5,5
LF:1
LH:1
BRF:0
BRH:0
end_of_record
TN:
SF:src\client\actions\save.js
FN:8,(anonymous_0)
FN:13,(anonymous_1)
FN:18,(anonymous_2)
FN:23,(anonymous_3)
FN:28,(anonymous_4)
FN:33,(anonymous_5)
FN:38,(anonymous_6)
FN:43,(anonymous_7)
FN:48,(anonymous_8)
FN:53,(anonymous_9)
FN:58,(anonymous_10)
FN:63,(anonymous_11)
FN:68,(anonymous_12)
FN:73,(anonymous_13)
FN:78,(anonymous_14)
FN:83,(anonymous_15)
FN:88,(anonymous_16)
FN:93,(anonymous_17)
FN:98,(anonymous_18)
FNF:19
FNH:19
FNDA:1,(anonymous_0)
FNDA:1,(anonymous_1)
FNDA:2,(anonymous_2)
FNDA:1,(anonymous_3)
FNDA:1,(anonymous_4)
FNDA:1,(anonymous_5)
FNDA:1,(anonymous_6)
FNDA:1,(anonymous_7)
FNDA:1,(anonymous_8)
FNDA:3,(anonymous_9)
FNDA:1,(anonymous_10)
FNDA:1,(anonymous_11)
FNDA:1,(anonymous_12)
FNDA:1,(anonymous_13)
FNDA:1,(anonymous_14)
FNDA:1,(anonymous_15)
FNDA:1,(anonymous_16)
FNDA:1,(anonymous_17)
FNDA:1,(anonymous_18)
DA:8,10
DA:13,10
DA:18,10
DA:23,10
DA:28,10
DA:33,10
DA:38,10
DA:43,10
DA:48,10
DA:53,10
DA:58,10
DA:63,10
DA:68,10
DA:73,10
DA:78,10
DA:83,10
DA:88,10
DA:93,10
DA:98,10
LF:19
LH:19
BRF:0
BRH:0
end_of_record
TN:
SF:src\client\components\Board.jsx
FN:106,(anonymous_0)
FN:109,(anonymous_1)
FN:120,(anonymous_2)
FN:148,(anonymous_3)
FN:148,(anonymous_4)
FN:148,(anonymous_5)
FN:152,(anonymous_6)
FN:172,(anonymous_7)
FN:191,(anonymous_8)
FN:192,(anonymous_9)
FN:195,(anonymous_10)
FN:199,(anonymous_11)
FN:207,(anonymous_12)
FN:211,(anonymous_13)
FN:231,(anonymous_14)
FN:232,(anonymous_15)
FN:235,(anonymous_16)
FN:238,(anonymous_17)
FN:241,(anonymous_18)
FN:244,(anonymous_19)
FN:247,(anonymous_20)
FN:250,(anonymous_21)
FN:253,(anonymous_22)
FN:256,(anonymous_23)
FN:259,(anonymous_24)
FN:262,(anonymous_25)
FN:265,(anonymous_26)
FNF:27
FNH:10
FNDA:1,(anonymous_0)
FNDA:1,(anonymous_1)
FNDA:1,(anonymous_2)
FNDA:1,(anonymous_3)
FNDA:1,(anonymous_4)
FNDA:1,(anonymous_5)
FNDA:1,(anonymous_6)
FNDA:0,(anonymous_7)
FNDA:1,(anonymous_8)
FNDA:0,(anonymous_9)
FNDA:0,(anonymous_10)
FNDA:0,(anonymous_11)
FNDA:0,(anonymous_12)
FNDA:1,(anonymous_13)
FNDA:1,(anonymous_14)
FNDA:0,(anonymous_15)
FNDA:0,(anonymous_16)
FNDA:0,(anonymous_17)
FNDA:0,(anonymous_18)
FNDA:0,(anonymous_19)
FNDA:0,(anonymous_20)
FNDA:0,(anonymous_21)
FNDA:0,(anonymous_22)
FNDA:0,(anonymous_23)
FNDA:0,(anonymous_24)
FNDA:0,(anonymous_25)
FNDA:0,(anonymous_26)
DA:20,1
DA:36,1
DA:40,1
DA:57,1
DA:61,1
DA:77,1
DA:81,1
DA:97,1
DA:101,1
DA:106,1
DA:109,1
DA:114,1
DA:120,1
DA:148,1
DA:152,1
DA:155,1
DA:156,1
DA:157,1
DA:158,0
DA:160,1
DA:161,1
DA:162,0
DA:164,1
DA:165,1
DA:166,0
DA:168,1
DA:169,1
DA:170,1
DA:171,1
DA:172,0
DA:188,1
DA:189,1
DA:191,1
DA:192,1
DA:195,1
DA:196,0
DA:197,0
DA:198,0
DA:199,0
DA:201,0
DA:202,0
DA:203,0
DA:207,1
DA:208,0
DA:211,1
DA:231,1
DA:233,0
DA:236,0
DA:239,0
DA:242,0
DA:245,0
DA:248,0
DA:251,0
DA:254,0
DA:257,0
DA:260,0
DA:263,0
DA:266,0
LF:58
LH:34
BRDA:106,0,0,1
BRDA:106,0,1,0
BRDA:109,1,0,1
BRDA:109,1,1,0
BRDA:157,2,0,0
BRDA:157,2,1,1
BRDA:161,3,0,0
BRDA:161,3,1,1
BRDA:165,4,0,0
BRDA:165,4,1,1
BRDA:196,5,0,0
BRDA:196,5,1,0
BRDA:201,6,0,0
BRDA:201,6,1,0
BRF:14
BRH:5
end_of_record
TN:
SF:src\client\components\Brick.jsx
FN:9,(anonymous_0)
FN:11,(anonymous_1)
FN:12,(anonymous_2)
FN:13,(anonymous_3)
FNF:4
FNH:4
FNDA:34,(anonymous_0)
FNDA:34,(anonymous_1)
FNDA:34,(anonymous_2)
FNDA:34,(anonymous_3)
DA:4,6
DA:9,34
DA:11,34
DA:12,34
DA:13,34
LF:5
LH:5
BRDA:9,0,0,0
BRDA:9,0,1,34
BRDA:12,1,0,5
BRDA:12,1,1,29
BRDA:13,2,0,5
BRDA:13,2,1,29
BRF:6
BRH:5
end_of_record
TN:
SF:src\client\components\Button.jsx
FN:25,(anonymous_0)
FN:49,(anonymous_1)
FN:59,(anonymous_2)
FN:62,(anonymous_3)
FN:68,(anonymous_4)
FN:69,(anonymous_5)
FNF:6
FNH:4
FNDA:6,(anonymous_0)
FNDA:6,(anonymous_1)
FNDA:6,(anonymous_2)
FNDA:0,(anonymous_3)
FNDA:6,(anonymous_4)
FNDA:0,(anonymous_5)
DA:6,6
DA:25,6
DA:49,6
DA:59,6
DA:60,6
DA:61,6
DA:62,0
DA:68,6
DA:70,0
LF:9
LH:7
BRF:0
BRH:0
end_of_record
TN:
SF:src\client\components\GameOver.jsx
FN:8,(anonymous_0)
FN:25,(anonymous_1)
FN:31,(anonymous_2)
FN:32,(anonymous_3)
FN:35,(anonymous_4)
FNF:5
FNH:5
FNDA:1,(anonymous_0)
FNDA:1,(anonymous_1)
FNDA:1,(anonymous_2)
FNDA:1,(anonymous_3)
FNDA:1,(anonymous_4)
DA:8,1
DA:9,1
DA:10,1
DA:11,1
DA:12,1
DA:13,1
DA:14,1
DA:25,1
DA:31,1
DA:33,1
DA:36,1
LF:11
LH:11
BRF:0
BRH:0
end_of_record
TN:
SF:src\client\components\Lobby.jsx
FN:7,(anonymous_0)
FN:24,(anonymous_1)
FNF:2
FNH:2
FNDA:2,(anonymous_0)
FNDA:2,(anonymous_1)
DA:7,1
DA:8,2
DA:9,1
DA:16,1
DA:24,2
LF:5
LH:5
BRDA:8,0,0,1
BRDA:8,0,1,1
BRF:2
BRH:2
end_of_record
TN:
SF:src\client\components\Menu.jsx
FN:29,(anonymous_0)
FN:57,(anonymous_1)
FNF:2
FNH:2
FNDA:1,(anonymous_0)
FNDA:1,(anonymous_1)
DA:10,1
DA:29,1
DA:30,1
DA:31,1
DA:45,0
DA:57,1
LF:6
LH:5
BRDA:30,0,0,1
BRDA:30,0,1,0
BRF:2
BRH:1
end_of_record
TN:
SF:src\client\components\MultiWaiting.jsx
FN:9,(anonymous_0)
FNF:1
FNH:1
FNDA:1,(anonymous_0)
DA:5,1
DA:9,1
DA:10,1
LF:3
LH:3
BRF:0
BRH:0
end_of_record
TN:
SF:src\client\components\Music.jsx
FN:3,(anonymous_0)
FN:5,(anonymous_1)
FNF:2
FNH:0
FNDA:0,(anonymous_0)
FNDA:0,(anonymous_1)
DA:3,1
DA:4,0
DA:6,0
LF:3
LH:1
BRF:0
BRH:0
end_of_record
TN:
SF:src\client\components\NextPiece.jsx
FN:19,(anonymous_0)
FN:28,(anonymous_1)
FN:44,(anonymous_2)
FNF:3
FNH:3
FNDA:2,(anonymous_0)
FNDA:4,(anonymous_1)
FNDA:2,(anonymous_2)
DA:8,2
DA:16,2
DA:17,2
DA:19,2
DA:22,2
DA:23,2
DA:24,1
DA:26,1
DA:27,1
DA:29,4
DA:30,4
DA:31,4
DA:34,1
DA:35,1
DA:36,1
DA:44,2
LF:16
LH:16
BRDA:23,0,0,1
BRDA:23,0,1,1
BRF:2
BRH:2
end_of_record
TN:
SF:src\client\components\OpponentList.jsx
FN:28,(anonymous_0)
FN:30,(anonymous_1)
FN:49,(anonymous_2)
FNF:3
FNH:3
FNDA:4,(anonymous_0)
FNDA:2,(anonymous_1)
FNDA:4,(anonymous_2)
DA:5,4
DA:28,4
DA:29,4
DA:31,2
DA:32,2
DA:39,4
DA:49,4
LF:7
LH:7
BRF:0
BRH:0
end_of_record
TN:
SF:src\client\components\Options.jsx
FN:15,(anonymous_0)
FNF:1
FNH:1
FNDA:1,(anonymous_0)
DA:12,1
DA:15,1
DA:16,1
LF:3
LH:3
BRF:0
BRH:0
end_of_record
TN:
SF:src\client\components\OptionsButton.jsx
FN:22,(anonymous_0)
FN:26,(anonymous_1)
FN:29,(anonymous_2)
FN:35,(anonymous_3)
FN:39,(anonymous_4)
FN:40,(anonymous_5)
FNF:6
FNH:3
FNDA:0,(anonymous_0)
FNDA:1,(anonymous_1)
FNDA:0,(anonymous_2)
FNDA:1,(anonymous_3)
FNDA:1,(anonymous_4)
FNDA:0,(anonymous_5)
DA:6,2
DA:22,2
DA:23,0
DA:26,2
DA:27,1
DA:28,1
DA:29,0
DA:35,2
DA:39,2
DA:41,0
LF:10
LH:7
BRF:0
BRH:0
end_of_record
TN:
SF:src\client\components\Piece.jsx
FN:5,(anonymous_0)
FN:7,(anonymous_1)
FNF:2
FNH:2
FNDA:7,(anonymous_0)
FNDA:32,(anonymous_1)
DA:5,5
DA:6,7
DA:8,32
DA:9,32
DA:10,32
DA:11,32
DA:13,0
DA:16,7
LF:8
LH:7
BRDA:9,0,0,32
BRDA:9,0,1,0
BRF:2
BRH:1
end_of_record
TN:
SF:src\client\components\Score.jsx
FN:18,(anonymous_0)
FN:22,(anonymous_1)
FN:48,(anonymous_2)
FNF:3
FNH:3
FNDA:8,(anonymous_0)
FNDA:2,(anonymous_1)
FNDA:2,(anonymous_2)
DA:5,2
DA:9,2
DA:18,8
DA:22,2
DA:25,2
DA:26,2
DA:48,2
LF:7
LH:7
BRF:0
BRH:0
end_of_record
TN:
SF:src\client\components\Socket.jsx
FN:17,(anonymous_0)
FN:36,(anonymous_1)
FN:37,(anonymous_2)
FN:40,(anonymous_3)
FN:43,(anonymous_4)
FN:46,(anonymous_5)
FN:49,(anonymous_6)
FN:52,(anonymous_7)
FN:55,(anonymous_8)
FN:58,(anonymous_9)
FN:61,(anonymous_10)
FN:64,(anonymous_11)
FN:67,(anonymous_12)
FN:70,(anonymous_13)
FN:73,(anonymous_14)
FNF:15
FNH:2
FNDA:1,(anonymous_0)
FNDA:1,(anonymous_1)
FNDA:0,(anonymous_2)
FNDA:0,(anonymous_3)
FNDA:0,(anonymous_4)
FNDA:0,(anonymous_5)
FNDA:0,(anonymous_6)
FNDA:0,(anonymous_7)
FNDA:0,(anonymous_8)
FNDA:0,(anonymous_9)
FNDA:0,(anonymous_10)
FNDA:0,(anonymous_11)
FNDA:0,(anonymous_12)
FNDA:0,(anonymous_13)
FNDA:0,(anonymous_14)
DA:17,2
DA:22,1
DA:23,1
DA:24,1
DA:25,1
DA:26,1
DA:27,1
DA:28,1
DA:29,1
DA:30,1
DA:31,1
DA:32,1
DA:33,1
DA:36,2
DA:38,0
DA:41,0
DA:44,0
DA:47,0
DA:50,0
DA:53,0
DA:56,0
DA:59,0
DA:62,0
DA:65,0
DA:68,0
DA:71,0
DA:74,0
LF:27
LH:14
BRF:0
BRH:0
end_of_record
TN:
SF:src\client\components\Spectre.jsx
FN:17,(anonymous_0)
FNF:1
FNH:1
FNDA:1,(anonymous_0)
DA:6,2
DA:14,2
DA:15,2
DA:17,2
DA:18,1
DA:19,1
DA:20,1
DA:21,1
DA:22,1
DA:23,1
DA:24,1
DA:34,0
LF:12
LH:11
BRDA:19,0,0,1
BRDA:19,0,1,0
BRF:2
BRH:1
end_of_record
TN:
SF:src\client\components\SpectreList.jsx
FN:15,(anonymous_0)
FN:18,(anonymous_1)
FN:30,(anonymous_2)
FNF:3
FNH:2
FNDA:1,(anonymous_0)
FNDA:0,(anonymous_1)
FNDA:1,(anonymous_2)
DA:6,1
DA:15,1
DA:16,1
DA:17,1
DA:19,0
DA:20,0
DA:23,1
DA:30,1
LF:8
LH:6
BRF:0
BRH:0
end_of_record
TN:
SF:src\client\components\Victory.jsx
FN:12,(anonymous_0)
FN:23,(anonymous_1)
FN:24,(anonymous_2)
FNF:3
FNH:3
FNDA:1,(anonymous_0)
FNDA:1,(anonymous_1)
FNDA:1,(anonymous_2)
DA:8,1
DA:12,1
DA:13,1
DA:14,1
DA:15,1
DA:23,1
DA:25,1
LF:7
LH:7
BRF:0
BRH:0
end_of_record
TN:
SF:src\client\components\WrongInfo.jsx
FN:3,(anonymous_0)
FNF:1
FNH:1
FNDA:1,(anonymous_0)
DA:3,2
DA:4,1
LF:2
LH:2
BRF:0
BRH:0
end_of_record
TN:
SF:src\client\constants\collisionConstants.js
FNF:0
FNH:0
DA:1,10
DA:2,10
DA:3,10
DA:4,10
LF:4
LH:4
BRF:0
BRH:0
end_of_record
TN:
SF:src\client\constants\keyBoardConstants.js
FNF:0
FNH:0
DA:1,10
DA:2,10
DA:3,10
DA:4,10
DA:5,10
DA:6,10
LF:6
LH:6
BRF:0
BRH:0
end_of_record
TN:
SF:src\client\constants\menuConstants.js
FNF:0
FNH:0
DA:1,2
DA:2,2
DA:3,2
DA:4,2
LF:4
LH:4
BRF:0
BRH:0
end_of_record
TN:
SF:src\client\constants\optionsConstants.js
FNF:0
FNH:0
DA:1,7
DA:2,7
DA:3,7
DA:4,7
DA:5,7
DA:6,7
DA:7,7
LF:7
LH:7
BRF:0
BRH:0
end_of_record
TN:
SF:src\client\constants\piecesConstants.js
FNF:0
FNH:0
DA:1,4
DA:2,4
DA:3,4
DA:4,4
DA:5,4
DA:6,4
DA:7,4
DA:9,4
DA:16,4
DA:23,4
DA:30,4
DA:37,4
DA:44,4
DA:51,4
LF:14
LH:14
BRF:0
BRH:0
end_of_record
TN:
SF:src\client\constants\rotateConstants.js
FNF:0
FNH:0
DA:1,5
DA:2,5
DA:3,5
DA:4,5
DA:5,5
DA:32,5
DA:59,5
DA:86,5
DA:113,5
DA:140,5
DA:167,5
DA:194,5
DA:225,5
LF:13
LH:13
BRF:0
BRH:0
end_of_record
TN:
SF:src\client\constants\saveConstants.js
FNF:0
FNH:0
DA:1,12
DA:2,12
DA:3,12
DA:4,12
DA:5,12
DA:6,12
DA:7,12
DA:8,12
DA:9,12
DA:10,12
DA:11,12
DA:12,12
DA:13,12
DA:14,12
DA:15,12
DA:16,12
DA:17,12
DA:18,12
DA:19,12
DA:20,12
DA:21,12
LF:21
LH:21
BRF:0
BRH:0
end_of_record
TN:
SF:src\client\constants\statusConstants.js
FNF:0
FNH:0
DA:1,10
DA:2,10
DA:3,10
DA:4,10
DA:5,10
DA:6,10
DA:7,10
DA:8,10
DA:9,10
DA:10,10
DA:11,10
LF:11
LH:11
BRF:0
BRH:0
end_of_record
TN:
SF:src\client\helpers\BoardGeneration.js
FN:2,(anonymous_0)
FN:19,(anonymous_1)
FN:35,(anonymous_2)
FN:46,(anonymous_3)
FN:60,(anonymous_4)
FNF:5
FNH:5
FNDA:4,(anonymous_0)
FNDA:428,(anonymous_1)
FNDA:5,(anonymous_2)
FNDA:20,(anonymous_3)
FNDA:2,(anonymous_4)
DA:2,5
DA:3,4
DA:4,4
DA:5,45
DA:6,425
DA:11,425
DA:14,4
DA:19,5
DA:20,428
DA:21,894
DA:22,894
DA:23,6
DA:26,422
DA:27,5398
DA:28,5398
DA:29,29
DA:32,393
DA:35,5
DA:36,5
DA:37,426
DA:38,426
DA:39,34
DA:40,34
DA:43,5
DA:46,5
DA:47,20
DA:48,20
DA:49,120
DA:50,120
DA:51,108
DA:53,12
DA:54,12
DA:57,20
DA:60,5
DA:61,2
DA:62,2
DA:63,20
DA:64,20
DA:65,12
DA:73,2
LF:40
LH:40
BRDA:22,0,0,6
BRDA:22,0,1,888
BRDA:22,1,0,894
BRDA:22,1,1,98
BRDA:28,2,0,29
BRDA:28,2,1,5369
BRDA:28,3,0,5398
BRDA:28,3,1,544
BRDA:38,4,0,34
BRDA:38,4,1,392
BRDA:50,5,0,108
BRDA:50,5,1,12
BRDA:53,6,0,12
BRDA:53,6,1,0
BRF:14
BRH:13
end_of_record
TN:
SF:src\client\helpers\GameOver.js
FN:1,(anonymous_0)
FN:14,(anonymous_1)
FNF:2
FNH:2
FNDA:3,(anonymous_0)
FNDA:3,(anonymous_1)
DA:1,3
DA:2,3
DA:3,3
DA:4,3
DA:5,13
DA:6,2
DA:7,1
DA:11,2
DA:14,3
DA:15,3
DA:16,10
DA:17,1
DA:20,2
LF:13
LH:13
BRDA:5,0,0,2
BRDA:5,0,1,11
BRDA:6,1,0,1
BRDA:6,1,1,1
BRDA:6,2,0,2
BRDA:6,2,1,1
BRDA:16,3,0,1
BRDA:16,3,1,9
BRF:8
BRH:8
end_of_record
TN:
SF:src\client\helpers\HandleEvents.js
FN:16,(anonymous_0)
FN:33,(anonymous_1)
FN:75,(anonymous_2)
FNF:3
FNH:3
FNDA:1,(anonymous_0)
FNDA:3,(anonymous_1)
FNDA:4,(anonymous_2)
DA:16,2
DA:17,1
DA:18,1
DA:19,1
DA:20,1
DA:21,1
DA:22,1
DA:23,1
DA:24,1
DA:25,1
DA:26,1
DA:27,1
DA:28,1
DA:33,2
DA:40,3
DA:41,3
DA:42,1
DA:44,2
DA:45,2
DA:46,2
DA:47,2
DA:49,1
DA:50,0
DA:51,0
DA:53,1
DA:54,1
DA:57,1
DA:58,1
DA:59,1
DA:60,1
DA:61,1
DA:62,1
DA:64,0
DA:66,1
DA:67,1
DA:68,1
DA:71,0
DA:75,2
DA:76,4
DA:77,2
DA:78,2
DA:79,2
DA:81,2
DA:82,1
DA:83,1
DA:84,1
LF:46
LH:42
BRDA:20,0,0,1
BRDA:20,0,1,0
BRDA:25,1,0,1
BRDA:25,1,1,0
BRDA:41,2,0,1
BRDA:41,2,1,2
BRDA:47,3,0,1
BRDA:47,3,1,0
BRDA:47,3,2,1
BRDA:47,3,3,0
BRDA:49,4,0,0
BRDA:49,4,1,1
BRDA:76,5,0,2
BRDA:76,5,1,2
BRDA:81,6,0,1
BRDA:81,6,1,1
BRDA:81,7,0,2
BRDA:81,7,1,1
BRDA:81,7,2,1
BRDA:83,8,0,1
BRDA:83,8,1,0
BRF:21
BRH:15
end_of_record
TN:
SF:src\client\helpers\Line.js
FN:5,(anonymous_0)
FN:7,(anonymous_1)
FN:15,(anonymous_2)
FN:19,(anonymous_3)
FN:31,(anonymous_4)
FN:34,(anonymous_5)
FN:42,(anonymous_6)
FN:49,(anonymous_7)
FN:57,(anonymous_8)
FN:68,(anonymous_9)
FN:82,(anonymous_10)
FN:99,(anonymous_11)
FN:112,(anonymous_12)
FNF:13
FNH:13
FNDA:3,(anonymous_0)
FNDA:14,(anonymous_1)
FNDA:3,(anonymous_2)
FNDA:86,(anonymous_3)
FNDA:3,(anonymous_4)
FNDA:13,(anonymous_5)
FNDA:15,(anonymous_6)
FNDA:3,(anonymous_7)
FNDA:4,(anonymous_8)
FNDA:6,(anonymous_9)
FNDA:2,(anonymous_10)
FNDA:21,(anonymous_11)
FNDA:2,(anonymous_12)
DA:5,3
DA:6,3
DA:7,3
DA:8,14
DA:9,7
DA:12,3
DA:15,3
DA:16,3
DA:17,3
DA:18,7
DA:19,7
DA:20,86
DA:21,17
DA:24,7
DA:25,1
DA:28,3
DA:31,3
DA:32,3
DA:33,3
DA:34,13
DA:36,3
DA:37,2
DA:39,1
DA:42,3
DA:43,15
DA:44,4
DA:46,11
DA:49,3
DA:50,3
DA:51,3
DA:52,1
DA:54,3
DA:57,3
DA:58,4
DA:59,4
DA:60,1
DA:61,1
DA:62,1
DA:63,1
DA:65,4
DA:68,3
DA:69,6
DA:70,6
DA:71,1
DA:72,5
DA:73,1
DA:74,4
DA:75,1
DA:76,3
DA:77,1
DA:79,6
DA:82,3
DA:83,2
DA:84,2
DA:85,2
DA:86,2
DA:87,2
DA:88,0
DA:89,0
DA:90,0
DA:91,0
DA:94,2
DA:95,2
DA:96,2
DA:97,2
DA:98,2
DA:100,21
DA:101,21
DA:103,21
DA:106,2
DA:108,2
DA:112,3
DA:117,2
DA:119,2
DA:120,2
DA:121,2
DA:122,2
DA:123,2
DA:125,2
DA:126,2
DA:127,2
DA:128,2
LF:82
LH:78
BRDA:8,0,0,7
BRDA:8,0,1,7
BRDA:20,1,0,17
BRDA:20,1,1,69
BRDA:20,2,0,86
BRDA:20,2,1,17
BRDA:24,3,0,1
BRDA:24,3,1,6
BRDA:36,4,0,2
BRDA:36,4,1,1
BRDA:43,5,0,4
BRDA:43,5,1,11
BRDA:51,6,0,1
BRDA:51,6,1,2
BRDA:59,7,0,1
BRDA:59,7,1,3
BRDA:59,8,0,4
BRDA:59,8,1,1
BRDA:70,9,0,1
BRDA:70,9,1,5
BRDA:72,10,0,1
BRDA:72,10,1,4
BRDA:74,11,0,1
BRDA:74,11,1,3
BRDA:76,12,0,1
BRDA:76,12,1,2
BRDA:89,13,0,0
BRDA:89,13,1,0
BRDA:89,14,0,0
BRDA:89,14,1,0
BRDA:100,15,0,21
BRDA:100,15,1,0
BRF:32
BRH:27
end_of_record
TN:
SF:src\client\helpers\Movements.js
FN:7,(anonymous_0)
FN:12,(anonymous_1)
FN:19,(anonymous_2)
FN:26,(anonymous_3)
FN:36,(anonymous_4)
FN:38,(anonymous_5)
FN:42,(anonymous_6)
FNF:7
FNH:7
FNDA:10,(anonymous_0)
FNDA:8,(anonymous_1)
FNDA:4,(anonymous_2)
FNDA:28,(anonymous_3)
FNDA:68,(anonymous_4)
FNDA:15,(anonymous_5)
FNDA:154,(anonymous_6)
DA:7,10
DA:8,10
DA:9,10
DA:11,2
DA:13,8
DA:14,8
DA:18,1
DA:20,4
DA:21,4
DA:25,7
DA:27,28
DA:28,28
DA:33,0
DA:36,68
DA:38,10
DA:39,15
DA:40,39
DA:41,39
DA:43,154
DA:44,6
DA:46,148
DA:49,39
DA:50,6
DA:52,33
DA:53,1
DA:56,8
LF:26
LH:25
BRDA:9,0,0,2
BRDA:9,0,1,1
BRDA:9,0,2,7
BRDA:9,0,3,0
BRDA:43,1,0,6
BRDA:43,1,1,148
BRDA:43,2,0,154
BRDA:43,2,1,19
BRDA:49,3,0,6
BRDA:49,3,1,33
BRDA:49,4,0,39
BRDA:49,4,1,33
BRDA:50,5,0,6
BRDA:50,5,1,0
BRDA:50,6,0,6
BRDA:50,6,1,0
BRDA:52,7,0,1
BRDA:52,7,1,32
BRDA:52,8,0,33
BRDA:52,8,1,32
BRF:20
BRH:17
end_of_record
TN:
SF:src\client\helpers\PieceGenerations.js
FN:10,(anonymous_0)
FN:18,(anonymous_1)
FN:26,(anonymous_2)
FN:34,(anonymous_3)
FN:42,(anonymous_4)
FN:50,(anonymous_5)
FN:58,(anonymous_6)
FN:66,(anonymous_7)
FN:74,(anonymous_8)
FN:124,(anonymous_9)
FN:126,(anonymous_10)
FN:138,(anonymous_11)
FN:146,(anonymous_12)
FNF:13
FNH:13
FNDA:2,(anonymous_0)
FNDA:2,(anonymous_1)
FNDA:2,(anonymous_2)
FNDA:2,(anonymous_3)
FNDA:2,(anonymous_4)
FNDA:2,(anonymous_5)
FNDA:2,(anonymous_6)
FNDA:7,(anonymous_7)
FNDA:15,(anonymous_8)
FNDA:4,(anonymous_9)
FNDA:10,(anonymous_10)
FNDA:4,(anonymous_11)
FNDA:8,(anonymous_12)
DA:10,3
DA:11,2
DA:18,3
DA:19,2
DA:26,3
DA:27,2
DA:34,3
DA:35,2
DA:42,3
DA:43,2
DA:50,3
DA:51,2
DA:58,3
DA:59,2
DA:66,3
DA:67,7
DA:68,7
DA:69,28
DA:71,7
DA:74,3
DA:75,15
DA:76,15
DA:78,2
DA:79,2
DA:80,1
DA:82,2
DA:84,2
DA:85,2
DA:86,1
DA:88,2
DA:90,2
DA:91,2
DA:92,1
DA:94,2
DA:96,2
DA:97,2
DA:98,1
DA:100,2
DA:102,2
DA:103,2
DA:104,1
DA:106,2
DA:108,2
DA:109,2
DA:110,1
DA:112,2
DA:114,2
DA:115,2
DA:116,1
DA:118,2
DA:120,1
DA:124,3
DA:125,4
DA:127,10
DA:128,35
DA:129,35
DA:130,2
DA:135,4
DA:138,3
DA:139,4
DA:140,2
DA:141,2
DA:142,5
DA:144,2
DA:145,2
DA:147,8
DA:148,8
DA:151,2
DA:152,2
DA:153,1
DA:155,1
LF:71
LH:71
BRDA:76,0,0,2
BRDA:76,0,1,2
BRDA:76,0,2,2
BRDA:76,0,3,2
BRDA:76,0,4,2
BRDA:76,0,5,2
BRDA:76,0,6,2
BRDA:76,0,7,1
BRDA:79,1,0,1
BRDA:79,1,1,1
BRDA:85,2,0,1
BRDA:85,2,1,1
BRDA:91,3,0,1
BRDA:91,3,1,1
BRDA:97,4,0,1
BRDA:97,4,1,1
BRDA:103,5,0,1
BRDA:103,5,1,1
BRDA:109,6,0,1
BRDA:109,6,1,1
BRDA:115,7,0,1
BRDA:115,7,1,1
BRDA:129,8,0,2
BRDA:129,8,1,33
BRDA:129,9,0,35
BRDA:129,9,1,15
BRDA:139,10,0,2
BRDA:139,10,1,2
BRDA:139,11,0,4
BRDA:139,11,1,4
BRDA:144,12,0,2
BRDA:144,12,1,0
BRDA:152,13,0,1
BRDA:152,13,1,1
BRF:34
BRH:33
end_of_record
TN:
SF:src\client\helpers\Rotate.js
FN:4,(anonymous_0)
FN:24,(anonymous_1)
FNF:2
FNH:2
FNDA:5,(anonymous_0)
FNDA:2,(anonymous_1)
DA:4,3
DA:5,5
DA:6,5
DA:7,5
DA:8,5
DA:9,20
DA:10,20
DA:12,5
DA:13,2
DA:14,3
DA:15,1
DA:16,2
DA:17,1
DA:18,1
DA:19,1
DA:21,5
DA:24,3
DA:25,2
DA:26,2
DA:27,8
DA:28,8
DA:30,2
LF:22
LH:22
BRDA:12,0,0,2
BRDA:12,0,1,3
BRDA:14,1,0,1
BRDA:14,1,1,2
BRDA:16,2,0,1
BRDA:16,2,1,1
BRDA:18,3,0,1
BRDA:18,3,1,0
BRF:8
BRH:7
end_of_record
TN:
SF:src\client\helpers\SocketEmit.js
FN:1,onClientLoad
FN:5,tellServerToStartGame
FN:9,increaseNextPieceIndex
FN:13,giveLinesToOpponents
FN:19,tellServerPlayerHasLoose
FN:23,resetServerState
FNF:6
FNH:3
FNDA:1,onClientLoad
FNDA:0,tellServerToStartGame
FNDA:0,increaseNextPieceIndex
FNDA:2,giveLinesToOpponents
FNDA:1,tellServerPlayerHasLoose
FNDA:0,resetServerState
DA:2,1
DA:6,0
DA:10,0
DA:14,2
DA:15,0
DA:20,1
DA:24,0
LF:7
LH:3
BRDA:14,0,0,0
BRDA:14,0,1,2
BRF:2
BRH:1
end_of_record
TN:
SF:src\client\helpers\SocketOn.js
FN:5,checkIsAdmin
FN:6,(anonymous_1)
FN:11,launchGame
FN:12,(anonymous_3)
FN:21,getNextPieceFromServer
FN:22,(anonymous_5)
FN:23,(anonymous_6)
FN:25,(anonymous_7)
FN:29,(anonymous_8)
FN:40,(anonymous_9)
FN:49,updatePlayerSpectre
FN:50,(anonymous_11)
FN:55,linesFromOtherPlayers
FN:56,(anonymous_13)
FN:62,updateOpponentList
FN:63,(anonymous_15)
FN:68,removePlayerFromOpponentList
FN:69,(anonymous_17)
FN:74,newPlayerWhileGameRunning
FN:75,(anonymous_19)
FN:82,receivePlayerInfoFromServer
FN:83,(anonymous_21)
FN:89,victory
FN:90,(anonymous_23)
FN:95,wrongInfo
FN:96,(anonymous_25)
FNF:26
FNH:10
FNDA:1,checkIsAdmin
FNDA:0,(anonymous_1)
FNDA:1,launchGame
FNDA:0,(anonymous_3)
FNDA:0,getNextPieceFromServer
FNDA:0,(anonymous_5)
FNDA:0,(anonymous_6)
FNDA:0,(anonymous_7)
FNDA:0,(anonymous_8)
FNDA:0,(anonymous_9)
FNDA:1,updatePlayerSpectre
FNDA:0,(anonymous_11)
FNDA:1,linesFromOtherPlayers
FNDA:0,(anonymous_13)
FNDA:1,updateOpponentList
FNDA:0,(anonymous_15)
FNDA:1,removePlayerFromOpponentList
FNDA:0,(anonymous_17)
FNDA:1,newPlayerWhileGameRunning
FNDA:0,(anonymous_19)
FNDA:1,receivePlayerInfoFromServer
FNDA:0,(anonymous_21)
FNDA:1,victory
FNDA:0,(anonymous_23)
FNDA:1,wrongInfo
FNDA:0,(anonymous_25)
DA:6,1
DA:7,0
DA:12,1
DA:13,0
DA:14,0
DA:15,0
DA:16,0
DA:17,0
DA:22,0
DA:23,0
DA:24,0
DA:25,0
DA:26,0
DA:27,0
DA:28,0
DA:29,0
DA:30,0
DA:32,0
DA:34,0
DA:41,0
DA:42,0
DA:43,0
DA:44,0
DA:50,1
DA:51,0
DA:56,1
DA:57,0
DA:58,0
DA:63,1
DA:64,0
DA:69,1
DA:70,0
DA:75,1
DA:76,0
DA:77,0
DA:83,1
DA:84,0
DA:85,0
DA:90,1
DA:91,0
DA:96,1
DA:97,0
LF:42
LH:10
BRDA:27,0,0,0
BRDA:27,0,1,0
BRDA:76,1,0,0
BRDA:76,1,1,0
BRF:4
BRH:0
end_of_record
TN:
SF:src\client\reducers\save.js
FN:12,(anonymous_0)
FNF:1
FNH:1
FNDA:1,(anonymous_0)
DA:12,3
DA:13,1
DA:15,0
DA:17,0
DA:19,0
DA:21,0
DA:23,0
DA:25,0
DA:27,0
DA:29,0
DA:31,0
DA:33,0
DA:35,0
DA:37,0
DA:39,0
DA:41,0
DA:43,0
DA:45,0
DA:46,0
DA:47,0
DA:48,0
DA:49,0
DA:50,0
DA:51,0
DA:54,0
DA:55,0
DA:57,0
DA:59,0
DA:60,0
DA:61,0
DA:62,0
DA:65,0
DA:67,0
DA:68,0
DA:69,0
DA:70,0
DA:76,0
DA:78,0
DA:80,0
DA:83,0
DA:84,0
DA:85,0
DA:87,0
DA:106,1
LF:44
LH:3
BRDA:12,0,0,0
BRDA:13,1,0,0
BRDA:13,1,1,0
BRDA:13,1,2,0
BRDA:13,1,3,0
BRDA:13,1,4,0
BRDA:13,1,5,0
BRDA:13,1,6,0
BRDA:13,1,7,0
BRDA:13,1,8,0
BRDA:13,1,9,0
BRDA:13,1,10,0
BRDA:13,1,11,0
BRDA:13,1,12,0
BRDA:13,1,13,0
BRDA:13,1,14,0
BRDA:13,1,15,0
BRDA:13,1,16,0
BRDA:13,1,17,0
BRDA:13,1,18,0
BRDA:13,1,19,0
BRDA:13,1,20,1
BRDA:48,2,0,0
BRDA:48,2,1,0
BRDA:54,3,0,0
BRDA:54,3,1,0
BRDA:61,4,0,0
BRDA:61,4,1,0
BRF:28
BRH:1
end_of_record
TN:
SF:src\client\tests\VariablesTest.js
FNF:0
FNH:0
DA:1,2
DA:9,2
DA:16,2
DA:59,2
DA:60,2
LF:5
LH:5
BRF:0
BRH:0
end_of_record
TN:
SF:src\server\constants\piecesConstants.js
FNF:0
FNH:0
DA:1,2
DA:2,2
DA:3,2
DA:4,2
DA:5,2
DA:6,2
DA:7,2
DA:9,2
DA:16,2
DA:23,2
DA:30,2
DA:37,2
DA:44,2
DA:51,2
LF:14
LH:14
BRF:0
BRH:0
end_of_record
TN:
SF:src\server\entities\Bag.js
FN:6,(anonymous_0)
FN:12,(anonymous_1)
FN:16,(anonymous_2)
FN:29,(anonymous_3)
FN:42,(anonymous_4)
FNF:5
FNH:5
FNDA:2,(anonymous_0)
FNDA:2,(anonymous_1)
FNDA:3,(anonymous_2)
FNDA:2,(anonymous_3)
FNDA:2,(anonymous_4)
DA:7,2
DA:8,2
DA:9,2
DA:13,2
DA:16,2
DA:17,3
DA:18,0
DA:20,3
DA:21,3
DA:22,0
DA:23,0
DA:25,3
DA:30,2
DA:32,2
DA:33,14
DA:34,14
DA:35,14
DA:36,14
DA:37,14
DA:39,2
DA:42,2
DA:43,2
DA:44,2
DA:45,2
LF:24
LH:21
BRDA:17,0,0,0
BRDA:17,0,1,3
BRDA:17,1,0,3
BRDA:17,1,1,3
BRDA:21,2,0,0
BRDA:21,2,1,3
BRF:6
BRH:4
end_of_record
TN:
SF:src\server\entities\Game.js
FN:6,(anonymous_0)
FN:23,(anonymous_1)
FN:27,(anonymous_2)
FN:32,(anonymous_3)
FN:36,(anonymous_4)
FN:41,(anonymous_5)
FN:45,(anonymous_6)
FN:50,(anonymous_7)
FN:55,(anonymous_8)
FN:59,(anonymous_9)
FN:64,(anonymous_10)
FN:68,(anonymous_11)
FN:73,(anonymous_12)
FN:77,(anonymous_13)
FN:82,(anonymous_14)
FN:86,(anonymous_15)
FN:91,(anonymous_16)
FN:95,(anonymous_17)
FN:100,(anonymous_18)
FN:104,(anonymous_19)
FN:108,(anonymous_20)
FN:117,(anonymous_21)
FN:118,(anonymous_22)
FNF:23
FNH:23
FNDA:5,(anonymous_0)
FNDA:1,(anonymous_1)
FNDA:2,(anonymous_2)
FNDA:2,(anonymous_3)
FNDA:1,(anonymous_4)
FNDA:1,(anonymous_5)
FNDA:1,(anonymous_6)
FNDA:3,(anonymous_7)
FNDA:1,(anonymous_8)
FNDA:2,(anonymous_9)
FNDA:1,(anonymous_10)
FNDA:1,(anonymous_11)
FNDA:1,(anonymous_12)
FNDA:1,(anonymous_13)
FNDA:1,(anonymous_14)
FNDA:1,(anonymous_15)
FNDA:1,(anonymous_16)
FNDA:1,(anonymous_17)
FNDA:1,(anonymous_18)
FNDA:1,(anonymous_19)
FNDA:1,(anonymous_20)
FNDA:2,(anonymous_21)
FNDA:1,(anonymous_22)
DA:7,5
DA:8,5
DA:9,5
DA:10,5
DA:11,5
DA:12,5
DA:24,1
DA:28,2
DA:29,2
DA:33,2
DA:37,1
DA:38,1
DA:42,1
DA:46,1
DA:47,1
DA:51,3
DA:52,3
DA:56,1
DA:60,2
DA:61,2
DA:65,1
DA:69,1
DA:70,1
DA:74,1
DA:78,1
DA:79,1
DA:83,1
DA:87,1
DA:88,1
DA:92,1
DA:96,1
DA:97,1
DA:101,1
DA:105,1
DA:109,1
DA:110,1
DA:111,1
DA:113,1
DA:114,1
DA:118,2
DA:119,2
DA:120,0
DA:121,0
DA:123,2
LF:44
LH:42
BRDA:109,0,0,1
BRDA:109,0,1,0
BRDA:119,1,0,0
BRDA:119,1,1,2
BRDA:119,2,0,2
BRDA:119,2,1,1
BRF:6
BRH:4
end_of_record
TN:
SF:src\server\entities\Player.js
FN:2,(anonymous_0)
FN:13,(anonymous_1)
FN:17,(anonymous_2)
FN:20,(anonymous_3)
FN:23,(anonymous_4)
FN:27,(anonymous_5)
FN:30,(anonymous_6)
FN:34,(anonymous_7)
FN:37,(anonymous_8)
FN:41,(anonymous_9)
FN:44,(anonymous_10)
FN:48,(anonymous_11)
FN:51,(anonymous_12)
FN:55,(anonymous_13)
FN:58,(anonymous_14)
FN:62,(anonymous_15)
FN:65,(anonymous_16)
FNF:17
FNH:17
FNDA:3,(anonymous_0)
FNDA:1,(anonymous_1)
FNDA:1,(anonymous_2)
FNDA:1,(anonymous_3)
FNDA:1,(anonymous_4)
FNDA:1,(anonymous_5)
FNDA:1,(anonymous_6)
FNDA:1,(anonymous_7)
FNDA:1,(anonymous_8)
FNDA:1,(anonymous_9)
FNDA:2,(anonymous_10)
FNDA:1,(anonymous_11)
FNDA:1,(anonymous_12)
FNDA:1,(anonymous_13)
FNDA:1,(anonymous_14)
FNDA:1,(anonymous_15)
FNDA:1,(anonymous_16)
DA:3,3
DA:4,3
DA:5,3
DA:6,3
DA:7,3
DA:8,3
DA:9,3
DA:10,3
DA:11,3
DA:14,1
DA:15,1
DA:18,1
DA:21,1
DA:24,1
DA:25,1
DA:28,1
DA:31,1
DA:32,1
DA:35,1
DA:38,1
DA:39,1
DA:42,1
DA:45,2
DA:46,2
DA:49,1
DA:52,1
DA:53,1
DA:56,1
DA:59,1
DA:60,1
DA:63,1
DA:66,1
DA:67,1
DA:68,1
DA:69,1
DA:70,1
DA:71,1
DA:72,1
LF:38
LH:38
BRF:0
BRH:0
end_of_record
TN:
SF:src\server\helpers\Funcs.js
FN:1,(anonymous_0)
FN:20,(anonymous_1)
FN:25,(anonymous_2)
FN:51,(anonymous_3)
FN:53,(anonymous_4)
FN:59,(anonymous_5)
FNF:6
FNH:4
FNDA:3,(anonymous_0)
FNDA:1,(anonymous_1)
FNDA:0,(anonymous_2)
FNDA:1,(anonymous_3)
FNDA:1,(anonymous_4)
FNDA:0,(anonymous_5)
DA:1,2
DA:2,3
DA:3,3
DA:4,0
DA:6,0
DA:9,3
DA:10,0
DA:11,0
DA:13,0
DA:14,0
DA:20,2
DA:21,1
DA:22,0
DA:23,0
DA:24,0
DA:25,0
DA:26,0
DA:29,0
DA:30,0
DA:31,0
DA:32,0
DA:33,0
DA:34,0
DA:36,0
DA:37,0
DA:40,0
DA:42,0
DA:43,0
DA:44,0
DA:47,0
DA:51,2
DA:53,2
DA:54,1
DA:55,0
DA:56,0
DA:57,0
DA:58,0
DA:59,0
DA:60,0
DA:63,0
DA:64,0
DA:65,0
DA:66,0
DA:67,0
DA:68,0
DA:69,0
DA:70,0
DA:72,0
DA:73,0
DA:77,0
DA:79,0
DA:80,0
DA:81,0
DA:84,0
LF:54
LH:9
BRDA:4,0,0,0
BRDA:4,0,1,0
BRDA:4,1,0,0
BRDA:4,1,1,0
BRDA:9,2,0,0
BRDA:9,2,1,3
BRDA:11,3,0,0
BRDA:11,3,1,0
BRDA:11,4,0,0
BRDA:11,4,1,0
BRDA:24,5,0,0
BRDA:24,5,1,0
BRDA:32,6,0,0
BRDA:32,6,1,0
BRDA:43,7,0,0
BRDA:43,7,1,0
BRDA:58,8,0,0
BRDA:58,8,1,0
BRDA:67,9,0,0
BRDA:67,9,1,0
BRDA:68,10,0,0
BRDA:68,10,1,0
BRDA:80,11,0,0
BRDA:80,11,1,0
BRF:24
BRH:1
end_of_record
TN:
SF:src\server\helpers\Socket.js
FN:4,(anonymous_0)
FN:10,(anonymous_1)
FN:11,(anonymous_2)
FN:22,(anonymous_3)
FN:23,(anonymous_4)
FN:40,(anonymous_5)
FN:41,(anonymous_6)
FN:56,(anonymous_7)
FN:65,(anonymous_8)
FN:66,(anonymous_9)
FN:80,(anonymous_10)
FN:87,(anonymous_11)
FN:91,(anonymous_12)
FN:92,(anonymous_13)
FN:102,(anonymous_14)
FN:103,(anonymous_15)
FN:112,(anonymous_16)
FNF:17
FNH:16
FNDA:2,(anonymous_0)
FNDA:1,(anonymous_1)
FNDA:1,(anonymous_2)
FNDA:1,(anonymous_3)
FNDA:1,(anonymous_4)
FNDA:1,(anonymous_5)
FNDA:1,(anonymous_6)
FNDA:1,(anonymous_7)
FNDA:1,(anonymous_8)
FNDA:1,(anonymous_9)
FNDA:1,(anonymous_10)
FNDA:1,(anonymous_11)
FNDA:1,(anonymous_12)
FNDA:1,(anonymous_13)
FNDA:1,(anonymous_14)
FNDA:0,(anonymous_15)
FNDA:1,(anonymous_16)
DA:4,1
DA:5,2
DA:6,2
DA:10,1
DA:11,1
DA:12,1
DA:13,1
DA:14,1
DA:15,1
DA:16,1
DA:17,0
DA:22,1
DA:23,1
DA:24,1
DA:25,1
DA:26,1
DA:27,1
DA:28,0
DA:35,1
DA:40,1
DA:41,1
DA:42,1
DA:43,1
DA:44,1
DA:45,1
DA:46,1
DA:47,1
DA:56,1
DA:57,1
DA:58,0
DA:59,0
DA:60,0
DA:65,1
DA:66,1
DA:67,1
DA:69,0
DA:70,0
DA:72,0
DA:73,0
DA:75,1
DA:80,1
DA:81,1
DA:82,0
DA:83,0
DA:87,1
DA:88,1
DA:91,1
DA:92,1
DA:93,1
DA:94,0
DA:95,0
DA:98,1
DA:102,1
DA:103,1
DA:104,0
DA:105,0
DA:107,0
DA:108,0
DA:112,1
DA:113,1
LF:60
LH:43
BRDA:5,0,0,2
BRDA:5,0,1,0
BRDA:58,1,0,0
BRDA:58,1,1,0
BRDA:67,2,0,0
BRDA:67,2,1,0
BRDA:67,2,2,1
BRDA:81,3,0,0
BRDA:81,3,1,1
BRDA:94,4,0,0
BRDA:94,4,1,0
BRF:11
BRH:3
end_of_record
TN:
SF:src\server\tests\helpers\Socket.mock.js
FN:2,emit
FN:3,(anonymous_1)
FN:6,(anonymous_2)
FN:15,(anonymous_3)
FN:24,cleanup
FNF:5
FNH:4
FNDA:5,emit
FNDA:5,(anonymous_1)
FNDA:6,(anonymous_2)
FNDA:2,(anonymous_3)
FNDA:0,cleanup
DA:1,2
DA:3,5
DA:5,2
DA:7,6
DA:8,0
DA:10,6
DA:14,2
DA:16,2
DA:21,2
DA:25,0
LF:10
LH:8
BRDA:7,0,0,0
BRDA:7,0,1,6
BRF:2
BRH:1
end_of_record
