TN:
SF:src\client\index.jsx
FNF:0
FNH:0
DA:13,0
DA:21,0
DA:38,0
DA:44,0
LF:4
LH:0
BRF:0
BRH:0
end_of_record
TN:
SF:src\client\actions\alert.js
FN:3,(anonymous_0)
FNF:1
FNH:0
FNDA:0,(anonymous_0)
DA:1,0
DA:3,0
LF:2
LH:0
BRF:0
BRH:0
end_of_record
TN:
SF:src\client\actions\save.js
FN:7,(anonymous_0)
FN:12,(anonymous_1)
FN:17,(anonymous_2)
FN:22,(anonymous_3)
FN:27,(anonymous_4)
FN:32,(anonymous_5)
FN:37,(anonymous_6)
FN:42,(anonymous_7)
FN:47,(anonymous_8)
FN:52,(anonymous_9)
FN:57,(anonymous_10)
FN:62,(anonymous_11)
FN:67,(anonymous_12)
FN:72,(anonymous_13)
FNF:14
FNH:0
FNDA:0,(anonymous_0)
FNDA:0,(anonymous_1)
FNDA:0,(anonymous_2)
FNDA:0,(anonymous_3)
FNDA:0,(anonymous_4)
FNDA:0,(anonymous_5)
FNDA:0,(anonymous_6)
FNDA:0,(anonymous_7)
FNDA:0,(anonymous_8)
FNDA:0,(anonymous_9)
FNDA:0,(anonymous_10)
FNDA:0,(anonymous_11)
FNDA:0,(anonymous_12)
FNDA:0,(anonymous_13)
DA:7,0
DA:12,0
DA:17,0
DA:22,0
DA:27,0
DA:32,0
DA:37,0
DA:42,0
DA:47,0
DA:52,0
DA:57,0
DA:62,0
DA:67,0
DA:72,0
LF:14
LH:0
BRF:0
BRH:0
end_of_record
TN:
SF:src\client\actions\server.js
FN:1,(anonymous_0)
FNF:1
FNH:0
FNDA:0,(anonymous_0)
DA:1,0
LF:1
LH:0
BRF:0
BRH:0
end_of_record
TN:
SF:src\client\components\Board.jsx
FN:104,(anonymous_0)
FN:107,(anonymous_1)
FN:118,(anonymous_2)
FN:146,(anonymous_3)
FN:146,(anonymous_4)
FN:146,(anonymous_5)
FN:153,(anonymous_6)
FN:164,(anonymous_7)
FN:181,(anonymous_8)
FN:183,(anonymous_9)
FN:186,(anonymous_10)
FN:190,(anonymous_11)
FN:198,(anonymous_12)
FN:202,(anonymous_13)
FN:217,(anonymous_14)
FN:218,(anonymous_15)
FN:221,(anonymous_16)
FN:224,(anonymous_17)
FN:227,(anonymous_18)
FN:230,(anonymous_19)
FN:233,(anonymous_20)
FN:236,(anonymous_21)
FN:239,(anonymous_22)
FN:242,(anonymous_23)
FN:245,(anonymous_24)
FNF:25
FNH:0
FNDA:0,(anonymous_0)
FNDA:0,(anonymous_1)
FNDA:0,(anonymous_2)
FNDA:0,(anonymous_3)
FNDA:0,(anonymous_4)
FNDA:0,(anonymous_5)
FNDA:0,(anonymous_6)
FNDA:0,(anonymous_7)
FNDA:0,(anonymous_8)
FNDA:0,(anonymous_9)
FNDA:0,(anonymous_10)
FNDA:0,(anonymous_11)
FNDA:0,(anonymous_12)
FNDA:0,(anonymous_13)
FNDA:0,(anonymous_14)
FNDA:0,(anonymous_15)
FNDA:0,(anonymous_16)
FNDA:0,(anonymous_17)
FNDA:0,(anonymous_18)
FNDA:0,(anonymous_19)
FNDA:0,(anonymous_20)
FNDA:0,(anonymous_21)
FNDA:0,(anonymous_22)
FNDA:0,(anonymous_23)
FNDA:0,(anonymous_24)
DA:18,0
DA:34,0
DA:38,0
DA:55,0
DA:59,0
DA:75,0
DA:79,0
DA:95,0
DA:99,0
DA:104,0
DA:107,0
DA:112,0
DA:118,0
DA:146,0
DA:150,0
DA:151,0
DA:153,0
DA:156,0
DA:157,0
DA:158,0
DA:159,0
DA:161,0
DA:162,0
DA:163,0
DA:164,0
DA:178,0
DA:179,0
DA:181,0
DA:183,0
DA:186,0
DA:187,0
DA:188,0
DA:189,0
DA:190,0
DA:192,0
DA:193,0
DA:194,0
DA:198,0
DA:199,0
DA:202,0
DA:217,0
DA:219,0
DA:222,0
DA:225,0
DA:228,0
DA:231,0
DA:234,0
DA:237,0
DA:240,0
DA:243,0
DA:246,0
LF:51
LH:0
BRDA:104,0,0,0
BRDA:104,0,1,0
BRDA:107,1,0,0
BRDA:107,1,1,0
BRDA:158,2,0,0
BRDA:158,2,1,0
BRDA:187,3,0,0
BRDA:187,3,1,0
BRDA:192,4,0,0
BRDA:192,4,1,0
BRF:10
BRH:0
end_of_record
TN:
SF:src\client\components\Brick.jsx
FN:14,(anonymous_0)
FNF:1
FNH:0
FNDA:0,(anonymous_0)
DA:5,0
DA:14,0
DA:15,0
DA:16,0
DA:20,0
LF:5
LH:0
BRF:0
BRH:0
end_of_record
TN:
SF:src\client\components\Button.jsx
FN:24,(anonymous_0)
FN:27,(anonymous_1)
FN:33,(anonymous_2)
FN:34,(anonymous_3)
FNF:4
FNH:0
FNDA:0,(anonymous_0)
FNDA:0,(anonymous_1)
FNDA:0,(anonymous_2)
FNDA:0,(anonymous_3)
DA:8,0
DA:24,0
DA:25,0
DA:26,0
DA:27,0
DA:33,0
DA:35,0
LF:7
LH:0
BRF:0
BRH:0
end_of_record
TN:
SF:src\client\components\GameOver.jsx
FN:7,(anonymous_0)
FN:19,(anonymous_1)
FN:24,(anonymous_2)
FN:25,(anonymous_3)
FNF:4
FNH:0
FNDA:0,(anonymous_0)
FNDA:0,(anonymous_1)
FNDA:0,(anonymous_2)
FNDA:0,(anonymous_3)
DA:7,0
DA:8,0
DA:9,0
DA:19,0
DA:24,0
DA:26,0
LF:6
LH:0
BRF:0
BRH:0
end_of_record
TN:
SF:src\client\components\GameState.jsx
FN:24,(anonymous_0)
FN:67,(anonymous_1)
FNF:2
FNH:0
FNDA:0,(anonymous_0)
FNDA:0,(anonymous_1)
DA:19,0
DA:24,0
DA:25,0
DA:27,0
DA:38,0
DA:44,0
DA:48,0
DA:52,0
DA:56,0
DA:60,0
DA:61,0
DA:63,0
DA:67,0
LF:13
LH:0
BRDA:25,0,0,0
BRDA:25,0,1,0
BRDA:25,0,2,0
BRDA:25,0,3,0
BRDA:25,0,4,0
BRDA:25,0,5,0
BRDA:25,0,6,0
BRDA:25,0,7,0
BRF:8
BRH:0
end_of_record
TN:
SF:src\client\components\JoinLobby.jsx
FN:8,(anonymous_0)
FNF:1
FNH:0
FNDA:0,(anonymous_0)
DA:4,0
DA:8,0
DA:9,0
LF:3
LH:0
BRF:0
BRH:0
end_of_record
TN:
SF:src\client\components\Lobby.jsx
FN:6,(anonymous_0)
FN:25,(anonymous_1)
FNF:2
FNH:0
FNDA:0,(anonymous_0)
FNDA:0,(anonymous_1)
DA:6,0
DA:7,0
DA:8,0
DA:16,0
DA:25,0
LF:5
LH:0
BRDA:7,0,0,0
BRDA:7,0,1,0
BRF:2
BRH:0
end_of_record
TN:
SF:src\client\components\Main.jsx
FN:5,(anonymous_0)
FNF:1
FNH:0
FNDA:0,(anonymous_0)
DA:5,0
DA:6,0
LF:2
LH:0
BRF:0
BRH:0
end_of_record
TN:
SF:src\client\components\Menu.jsx
FN:7,(anonymous_0)
FNF:1
FNH:0
FNDA:0,(anonymous_0)
DA:7,0
DA:8,0
LF:2
LH:0
BRF:0
BRH:0
end_of_record
TN:
SF:src\client\components\MultiMenu.jsx
FN:5,(anonymous_0)
FNF:1
FNH:0
FNDA:0,(anonymous_0)
DA:5,0
DA:6,0
LF:2
LH:0
BRF:0
BRH:0
end_of_record
TN:
SF:src\client\components\NextPiece.jsx
FN:20,(anonymous_0)
FN:29,(anonymous_1)
FN:45,(anonymous_2)
FNF:3
FNH:0
FNDA:0,(anonymous_0)
FNDA:0,(anonymous_1)
FNDA:0,(anonymous_2)
DA:9,0
DA:17,0
DA:18,0
DA:20,0
DA:23,0
DA:24,0
DA:25,0
DA:27,0
DA:28,0
DA:30,0
DA:31,0
DA:32,0
DA:35,0
DA:36,0
DA:37,0
DA:45,0
LF:16
LH:0
BRDA:24,0,0,0
BRDA:24,0,1,0
BRF:2
BRH:0
end_of_record
TN:
SF:src\client\components\Options.jsx
FN:4,(anonymous_0)
FN:15,(anonymous_1)
FN:21,(anonymous_2)
FN:22,(anonymous_3)
FN:25,(anonymous_4)
FN:28,(anonymous_5)
FNF:6
FNH:0
FNDA:0,(anonymous_0)
FNDA:0,(anonymous_1)
FNDA:0,(anonymous_2)
FNDA:0,(anonymous_3)
FNDA:0,(anonymous_4)
FNDA:0,(anonymous_5)
DA:4,0
DA:5,0
DA:15,0
DA:21,0
DA:23,0
DA:26,0
DA:29,0
LF:7
LH:0
BRF:0
BRH:0
end_of_record
TN:
SF:src\client\components\Piece.jsx
FN:5,(anonymous_0)
FN:7,(anonymous_1)
FNF:2
FNH:0
FNDA:0,(anonymous_0)
FNDA:0,(anonymous_1)
DA:5,0
DA:6,0
DA:8,0
DA:9,0
DA:10,0
DA:11,0
DA:13,0
DA:16,0
LF:8
LH:0
BRDA:9,0,0,0
BRDA:9,0,1,0
BRF:2
BRH:0
end_of_record
TN:
SF:src\client\components\Score.jsx
FN:18,(anonymous_0)
FN:22,(anonymous_1)
FN:48,(anonymous_2)
FNF:3
FNH:0
FNDA:0,(anonymous_0)
FNDA:0,(anonymous_1)
FNDA:0,(anonymous_2)
DA:5,0
DA:9,0
DA:18,0
DA:22,0
DA:25,0
DA:26,0
DA:48,0
LF:7
LH:0
BRF:0
BRH:0
end_of_record
TN:
SF:src\client\components\Socket.jsx
FN:7,(anonymous_0)
FN:26,(anonymous_1)
FN:27,(anonymous_2)
FN:30,(anonymous_3)
FN:33,(anonymous_4)
FN:36,(anonymous_5)
FN:39,(anonymous_6)
FNF:7
FNH:0
FNDA:0,(anonymous_0)
FNDA:0,(anonymous_1)
FNDA:0,(anonymous_2)
FNDA:0,(anonymous_3)
FNDA:0,(anonymous_4)
FNDA:0,(anonymous_5)
FNDA:0,(anonymous_6)
DA:7,0
DA:11,0
DA:12,0
DA:13,0
DA:14,0
DA:15,0
DA:19,0
DA:26,0
DA:28,0
DA:31,0
DA:34,0
DA:37,0
DA:40,0
LF:13
LH:0
BRF:0
BRH:0
end_of_record
TN:
SF:src\client\components\Spectre.jsx
FN:17,(anonymous_0)
FNF:1
FNH:0
FNDA:0,(anonymous_0)
DA:6,0
DA:14,0
DA:15,0
DA:17,0
DA:18,0
DA:19,0
DA:20,0
DA:21,0
DA:22,0
LF:9
LH:0
BRF:0
BRH:0
end_of_record
TN:
SF:src\client\components\SpectreList.jsx
FN:15,(anonymous_0)
FN:18,(anonymous_1)
FN:30,(anonymous_2)
FNF:3
FNH:0
FNDA:0,(anonymous_0)
FNDA:0,(anonymous_1)
FNDA:0,(anonymous_2)
DA:6,0
DA:15,0
DA:16,0
DA:17,0
DA:19,0
DA:20,0
DA:23,0
DA:30,0
LF:8
LH:0
BRF:0
BRH:0
end_of_record
TN:
SF:src\client\constants\collisionConstants.js
FNF:0
FNH:0
DA:1,1
DA:2,1
DA:3,1
DA:4,1
LF:4
LH:4
BRF:0
BRH:0
end_of_record
TN:
SF:src\client\constants\keyBoardConstants.js
FNF:0
FNH:0
DA:1,1
DA:2,1
DA:3,1
DA:4,1
DA:5,1
DA:6,1
LF:6
LH:6
BRF:0
BRH:0
end_of_record
TN:
SF:src\client\constants\menuConstants.js
FNF:0
FNH:0
DA:1,0
DA:2,0
DA:3,0
DA:4,0
LF:4
LH:0
BRF:0
BRH:0
end_of_record
TN:
SF:src\client\constants\piecesConstants.js
FNF:0
FNH:0
DA:1,0
DA:2,0
DA:3,0
DA:4,0
DA:5,0
DA:6,0
DA:7,0
DA:9,0
DA:16,0
DA:23,0
DA:30,0
DA:37,0
DA:44,0
DA:51,0
LF:14
LH:0
BRF:0
BRH:0
end_of_record
TN:
SF:src\client\constants\rotateConstants.js
FNF:0
FNH:0
DA:1,0
DA:2,0
DA:3,0
DA:4,0
DA:5,0
DA:32,0
DA:59,0
DA:86,0
DA:113,0
DA:140,0
DA:167,0
DA:194,0
DA:225,0
LF:13
LH:0
BRF:0
BRH:0
end_of_record
TN:
SF:src\client\constants\saveConstants.js
FNF:0
FNH:0
DA:1,0
DA:2,0
DA:3,0
DA:4,0
DA:5,0
DA:6,0
DA:7,0
DA:8,0
DA:9,0
DA:10,0
DA:11,0
DA:12,0
DA:13,0
DA:14,0
DA:15,0
DA:16,0
LF:16
LH:0
BRF:0
BRH:0
end_of_record
TN:
SF:src\client\constants\statusConstants.js
FNF:0
FNH:0
DA:1,0
DA:2,0
DA:3,0
DA:4,0
DA:5,0
DA:6,0
DA:7,0
DA:8,0
DA:9,0
DA:10,0
LF:10
LH:0
BRF:0
BRH:0
end_of_record
TN:
SF:src\client\containers\app.jsx
FN:4,(anonymous_0)
FN:8,(anonymous_1)
FNF:2
FNH:0
FNDA:0,(anonymous_0)
FNDA:0,(anonymous_1)
DA:4,0
DA:5,0
DA:8,0
LF:3
LH:0
BRF:0
BRH:0
end_of_record
TN:
SF:src\client\helpers\BoardGeneration.js
FN:2,(anonymous_0)
FN:19,(anonymous_1)
FN:35,(anonymous_2)
FNF:3
FNH:3
FNDA:1,(anonymous_0)
FNDA:2,(anonymous_1)
FNDA:1,(anonymous_2)
DA:2,1
DA:3,1
DA:4,1
DA:5,20
DA:6,200
DA:11,200
DA:14,1
DA:19,1
DA:20,2
DA:21,7
DA:22,7
DA:23,1
DA:26,1
DA:27,4
DA:28,4
DA:29,0
DA:32,1
DA:35,1
DA:36,1
DA:37,4
DA:38,4
DA:39,0
DA:40,0
DA:43,1
DA:46,1
LF:25
LH:22
BRDA:22,0,0,1
BRDA:22,0,1,6
BRDA:22,1,0,7
BRDA:22,1,1,4
BRDA:28,2,0,0
BRDA:28,2,1,4
BRDA:28,3,0,4
BRDA:28,3,1,2
BRDA:38,4,0,0
BRDA:38,4,1,4
BRF:10
BRH:8
end_of_record
TN:
SF:src\client\helpers\GameOver.js
FN:1,(anonymous_0)
FN:14,(anonymous_1)
FNF:2
FNH:2
FNDA:2,(anonymous_0)
FNDA:2,(anonymous_1)
DA:1,1
DA:2,2
DA:3,2
DA:4,2
DA:5,5
DA:6,2
DA:7,1
DA:11,1
DA:14,1
DA:15,2
DA:16,6
DA:17,1
DA:20,1
LF:13
LH:13
BRDA:5,0,0,2
BRDA:5,0,1,3
BRDA:6,1,0,1
BRDA:6,1,1,1
BRDA:6,2,0,2
BRDA:6,2,1,1
BRDA:16,3,0,1
BRDA:16,3,1,5
BRF:8
BRH:8
end_of_record
TN:
SF:src\client\helpers\HandleEvents.js
FN:16,(anonymous_0)
FN:33,(anonymous_1)
FN:71,(anonymous_2)
FNF:3
FNH:0
FNDA:0,(anonymous_0)
FNDA:0,(anonymous_1)
FNDA:0,(anonymous_2)
DA:16,0
DA:17,0
DA:18,0
DA:19,0
DA:20,0
DA:21,0
DA:23,0
DA:24,0
DA:25,0
DA:26,0
DA:27,0
DA:28,0
DA:33,0
DA:40,0
DA:41,0
DA:42,0
DA:44,0
DA:45,0
DA:46,0
DA:47,0
DA:49,0
DA:50,0
DA:51,0
DA:53,0
DA:54,0
DA:56,0
DA:57,0
DA:58,0
DA:59,0
DA:61,0
DA:63,0
DA:64,0
DA:67,0
DA:71,0
DA:72,0
DA:73,0
DA:74,0
DA:75,0
DA:77,0
DA:78,0
DA:79,0
DA:80,0
LF:42
LH:0
BRDA:20,0,0,0
BRDA:20,0,1,0
BRDA:26,1,0,0
BRDA:26,1,1,0
BRDA:41,2,0,0
BRDA:41,2,1,0
BRDA:47,3,0,0
BRDA:47,3,1,0
BRDA:47,3,2,0
BRDA:47,3,3,0
BRDA:49,4,0,0
BRDA:49,4,1,0
BRDA:72,5,0,0
BRDA:72,5,1,0
BRDA:77,6,0,0
BRDA:77,6,1,0
BRDA:77,7,0,0
BRDA:77,7,1,0
BRDA:77,7,2,0
BRDA:79,8,0,0
BRDA:79,8,1,0
BRF:21
BRH:0
end_of_record
TN:
SF:src\client\helpers\Line.js
FN:4,(anonymous_0)
FN:6,(anonymous_1)
FN:14,(anonymous_2)
FN:18,(anonymous_3)
FN:30,(anonymous_4)
FN:33,(anonymous_5)
FN:41,(anonymous_6)
FN:48,(anonymous_7)
FN:63,(anonymous_8)
FN:77,(anonymous_9)
FN:94,(anonymous_10)
FN:107,(anonymous_11)
FNF:12
FNH:6
FNDA:1,(anonymous_0)
FNDA:5,(anonymous_1)
FNDA:1,(anonymous_2)
FNDA:75,(anonymous_3)
FNDA:0,(anonymous_4)
FNDA:0,(anonymous_5)
FNDA:2,(anonymous_6)
FNDA:0,(anonymous_7)
FNDA:2,(anonymous_8)
FNDA:0,(anonymous_9)
FNDA:0,(anonymous_10)
FNDA:0,(anonymous_11)
DA:4,1
DA:5,1
DA:6,1
DA:7,5
DA:8,3
DA:11,1
DA:14,1
DA:15,1
DA:16,1
DA:17,3
DA:18,3
DA:19,75
DA:20,21
DA:23,3
DA:24,1
DA:27,1
DA:30,1
DA:31,0
DA:32,0
DA:33,0
DA:35,0
DA:36,0
DA:38,0
DA:41,1
DA:42,2
DA:43,1
DA:45,1
DA:48,1
DA:49,0
DA:50,0
DA:51,0
DA:52,0
DA:53,0
DA:54,0
DA:55,0
DA:56,0
DA:58,0
DA:60,0
DA:63,1
DA:64,2
DA:65,2
DA:66,1
DA:67,1
DA:68,0
DA:69,1
DA:70,1
DA:71,0
DA:72,0
DA:74,2
DA:77,1
DA:78,0
DA:79,0
DA:80,0
DA:81,0
DA:82,0
DA:83,0
DA:84,0
DA:85,0
DA:86,0
DA:89,0
DA:90,0
DA:91,0
DA:92,0
DA:93,0
DA:95,0
DA:96,0
DA:98,0
DA:101,0
DA:103,0
DA:107,1
DA:112,0
DA:114,0
DA:115,0
DA:116,0
DA:117,0
DA:118,0
DA:120,0
DA:121,0
DA:122,0
DA:123,0
DA:126,1
LF:81
LH:33
BRDA:7,0,0,3
BRDA:7,0,1,2
BRDA:19,1,0,21
BRDA:19,1,1,54
BRDA:19,2,0,75
BRDA:19,2,1,21
BRDA:23,3,0,1
BRDA:23,3,1,2
BRDA:35,4,0,0
BRDA:35,4,1,0
BRDA:42,5,0,1
BRDA:42,5,1,1
BRDA:50,6,0,0
BRDA:50,6,1,0
BRDA:50,7,0,0
BRDA:50,7,1,0
BRDA:55,8,0,0
BRDA:55,8,1,0
BRDA:65,9,0,1
BRDA:65,9,1,1
BRDA:67,10,0,0
BRDA:67,10,1,1
BRDA:69,11,0,1
BRDA:69,11,1,0
BRDA:71,12,0,0
BRDA:71,12,1,0
BRDA:84,13,0,0
BRDA:84,13,1,0
BRDA:84,14,0,0
BRDA:84,14,1,0
BRDA:95,15,0,0
BRDA:95,15,1,0
BRF:32
BRH:14
end_of_record
TN:
SF:src\client\helpers\Movements.js
FN:7,(anonymous_0)
FN:12,(anonymous_1)
FN:19,(anonymous_2)
FN:26,(anonymous_3)
FN:36,(anonymous_4)
FN:38,(anonymous_5)
FN:42,(anonymous_6)
FNF:7
FNH:7
FNDA:3,(anonymous_0)
FNDA:4,(anonymous_1)
FNDA:4,(anonymous_2)
FNDA:4,(anonymous_3)
FNDA:2,(anonymous_4)
FNDA:3,(anonymous_5)
FNDA:172,(anonymous_6)
DA:7,1
DA:8,3
DA:9,3
DA:11,1
DA:13,4
DA:14,4
DA:18,1
DA:20,4
DA:21,4
DA:25,1
DA:27,4
DA:28,4
DA:33,0
DA:36,2
DA:38,1
DA:39,3
DA:40,7
DA:41,7
DA:43,172
DA:44,1
DA:46,171
DA:49,7
DA:50,1
DA:52,6
DA:53,1
DA:56,1
DA:59,1
LF:27
LH:26
BRDA:9,0,0,1
BRDA:9,0,1,1
BRDA:9,0,2,1
BRDA:9,0,3,0
BRDA:43,1,0,1
BRDA:43,1,1,171
BRDA:43,2,0,172
BRDA:43,2,1,20
BRDA:49,3,0,1
BRDA:49,3,1,6
BRDA:49,4,0,7
BRDA:49,4,1,6
BRDA:50,5,0,1
BRDA:50,5,1,0
BRDA:50,6,0,1
BRDA:50,6,1,0
BRDA:52,7,0,1
BRDA:52,7,1,5
BRDA:52,8,0,6
BRDA:52,8,1,5
BRF:20
BRH:17
end_of_record
TN:
SF:src\client\helpers\PieceGenerations.js
FN:6,(anonymous_0)
FN:14,(anonymous_1)
FN:22,(anonymous_2)
FN:30,(anonymous_3)
FN:38,(anonymous_4)
FN:46,(anonymous_5)
FN:54,(anonymous_6)
FN:62,(anonymous_7)
FNF:8
FNH:0
FNDA:0,(anonymous_0)
FNDA:0,(anonymous_1)
FNDA:0,(anonymous_2)
FNDA:0,(anonymous_3)
FNDA:0,(anonymous_4)
FNDA:0,(anonymous_5)
FNDA:0,(anonymous_6)
FNDA:0,(anonymous_7)
DA:6,0
DA:7,0
DA:14,0
DA:15,0
DA:22,0
DA:23,0
DA:30,0
DA:31,0
DA:38,0
DA:39,0
DA:46,0
DA:47,0
DA:54,0
DA:55,0
DA:62,0
DA:63,0
DA:64,0
DA:66,0
DA:67,0
DA:69,0
DA:70,0
DA:72,0
DA:73,0
DA:75,0
DA:76,0
DA:78,0
DA:79,0
DA:81,0
DA:82,0
DA:84,0
DA:85,0
DA:87,0
LF:32
LH:0
BRDA:64,0,0,0
BRDA:64,0,1,0
BRDA:64,0,2,0
BRDA:64,0,3,0
BRDA:64,0,4,0
BRDA:64,0,5,0
BRDA:64,0,6,0
BRDA:64,0,7,0
BRF:8
BRH:0
end_of_record
TN:
SF:src\client\helpers\Rotate.js
FN:4,(anonymous_0)
FN:26,(anonymous_1)
FNF:2
FNH:0
FNDA:0,(anonymous_0)
FNDA:0,(anonymous_1)
DA:4,0
DA:5,0
DA:6,0
DA:7,0
DA:8,0
DA:9,0
DA:10,0
DA:14,0
DA:15,0
DA:16,0
DA:17,0
DA:18,0
DA:19,0
DA:20,0
DA:21,0
DA:23,0
DA:26,0
DA:27,0
DA:28,0
DA:29,0
DA:30,0
DA:32,0
DA:35,0
LF:23
LH:0
BRDA:14,0,0,0
BRDA:14,0,1,0
BRDA:16,1,0,0
BRDA:16,1,1,0
BRDA:18,2,0,0
BRDA:18,2,1,0
BRDA:20,3,0,0
BRDA:20,3,1,0
BRF:8
BRH:0
end_of_record
TN:
SF:src\client\helpers\SocketEmit.js
FN:1,onClientLoad
FN:5,startGameMulti
FN:9,refillBag
FN:13,increaseNextPieceIndex
FN:17,giveLinesToOpponents
FNF:5
FNH:0
FNDA:0,onClientLoad
FNDA:0,startGameMulti
FNDA:0,refillBag
FNDA:0,increaseNextPieceIndex
FNDA:0,giveLinesToOpponents
DA:2,0
DA:6,0
DA:10,0
DA:14,0
DA:18,0
LF:5
LH:0
BRF:0
BRH:0
end_of_record
TN:
SF:src\client\helpers\SocketOn.js
FN:4,checkIsAdmin
FN:5,(anonymous_1)
FN:11,launchMulti
FN:12,(anonymous_3)
FN:19,getNextPieceFromServer
FN:20,(anonymous_5)
FN:25,(anonymous_6)
FN:37,updatePlayerSpectre
FN:38,(anonymous_8)
FNF:9
FNH:0
FNDA:0,checkIsAdmin
FNDA:0,(anonymous_1)
FNDA:0,launchMulti
FNDA:0,(anonymous_3)
FNDA:0,getNextPieceFromServer
FNDA:0,(anonymous_5)
FNDA:0,(anonymous_6)
FNDA:0,updatePlayerSpectre
FNDA:0,(anonymous_8)
DA:5,0
DA:6,0
DA:12,0
DA:13,0
DA:14,0
DA:15,0
DA:20,0
DA:21,0
DA:22,0
DA:23,0
DA:24,0
DA:25,0
DA:26,0
DA:28,0
DA:29,0
DA:31,0
DA:33,0
DA:38,0
DA:39,0
LF:19
LH:0
BRDA:23,0,0,0
BRDA:23,0,1,0
BRF:2
BRH:0
end_of_record
TN:
SF:src\client\middleware\storeStateMiddleWare.js
FNF:0
FNH:0
LF:0
LH:0
BRF:0
BRH:0
end_of_record
TN:
SF:src\client\reducers\alert.js
FN:3,(anonymous_0)
FNF:1
FNH:0
FNDA:0,(anonymous_0)
DA:3,0
DA:4,0
DA:6,0
DA:8,0
LF:4
LH:0
BRDA:3,0,0,0
BRDA:4,1,0,0
BRDA:4,1,1,0
BRF:3
BRH:0
end_of_record
TN:
SF:src\client\reducers\save.js
FN:9,(anonymous_0)
FNF:1
FNH:0
FNDA:0,(anonymous_0)
DA:9,0
DA:10,0
DA:12,0
DA:14,0
DA:16,0
DA:18,0
DA:20,0
DA:22,0
DA:24,0
DA:26,0
DA:28,0
DA:30,0
DA:32,0
DA:34,0
DA:36,0
DA:37,0
DA:38,0
DA:39,0
DA:40,0
DA:41,0
DA:42,0
DA:45,0
DA:46,0
DA:48,0
DA:50,0
DA:65,0
LF:26
LH:0
BRDA:9,0,0,0
BRDA:10,1,0,0
BRDA:10,1,1,0
BRDA:10,1,2,0
BRDA:10,1,3,0
BRDA:10,1,4,0
BRDA:10,1,5,0
BRDA:10,1,6,0
BRDA:10,1,7,0
BRDA:10,1,8,0
BRDA:10,1,9,0
BRDA:10,1,10,0
BRDA:10,1,11,0
BRDA:10,1,12,0
BRDA:10,1,13,0
BRDA:10,1,14,0
BRDA:39,2,0,0
BRDA:39,2,1,0
BRDA:45,3,0,0
BRDA:45,3,1,0
BRF:20
BRH:0
end_of_record
TN:
SF:src\client\styles\globalStyles.js
FN:8,(anonymous_0)
FNF:1
FNH:0
FNDA:0,(anonymous_0)
DA:3,0
DA:8,0
LF:2
LH:0
BRF:0
BRH:0
end_of_record
TN:
SF:src\client\tests\VariablesTest.js
FNF:0
FNH:0
DA:1,2
DA:29,2
DA:36,2
DA:37,2
LF:4
LH:4
BRF:0
BRH:0
end_of_record
